<?xml version="1.0" encoding="UTF-8" ?>
<testsuite errors="4" failures="0" hostname="NUFLCNU417CBJ1" name="TempRunner" skipped="79" tests="1474" time="2548.042" timestamp="2016-09-20T15:21:25">
  <properties>
[...]
</properties>
  <testcase classname="Scenario: Anytime  12 months current - One Time Payment" name="Given I open the page &quot;waf&quot;" time="0.001" />
  <testcase classname="Scenario: Anytime  12 months current - One Time Payment" name="Then I am on page &quot;aber&quot;" time="0.0" />
  <testcase classname="Scenario: Anytime  12 months current - One Time Payment" name="When I click on fieldset element &quot;choose_membership_package_form_payment_type_once&quot;" time="0.0" />
  <testcase classname="Scenario: Anytime  12 months current - One Time Payment" name="When I click on fieldset element &quot;choose_membership_package_form_commitment_12&quot;" time="0.0" />
  <testcase classname="Scenario: Anytime  12 months current - One Time Payment" name="When I click on basket" time="0.0" />
  <testcase classname="Scenario: Anytime  12 months current - One Time Payment" name="Then I wait" time="0.0" />
  <testcase classname="Scenario: Anytime  12 months current - One Time Payment" name="Then I get amount value &quot;total&quot;" time="0.0" />
  <testcase classname="Scenario: Anytime  12 months current - One Time Payment" name="Then I get amount &quot;member&quot;" time="0.0" />
  <testcase classname="Scenario: Anytime  12 months current - One Time Payment" name="Then I grab amount &quot;fee&quot;" time="0.0" />
  <testcase classname="Scenario: Anytime  12 months current - One Time Payment" name="Then I grab amount &quot;prorata&quot;" time="0.0" />
  <testcase classname="Scenario: Anytime  12 months current - One Time Payment" name="Then I get amount &quot;monthly&quot;" time="0.0" />
  <testcase classname="Scenario: Anytime  12 months current - One Time Payment" name="Then I can see all figures good &quot;12&quot;" time="0.0" />
  <testcase classname="Scenario: Anytime  12 months current - One Time Payment" name="When I press button named &quot;commit&quot;" time="0.0" />
  <testcase classname="Scenario: Anytime  12 months current - One Time Payment" name="Then I am on page &quot;aber&quot;" time="0.0" />
  <testcase classname="Scenario: Anytime  12 months current - One Time Payment" name="When I select &quot;Mr&quot; in menu &quot;personal_details_form_title&quot;" time="0.0" />
  <testcase classname="Scenario: Anytime  12 months current - One Time Payment" name="When I fill dynamic field &quot;personal_details_form_first_name&quot; with &quot;firstname&quot;" time="0.0" />
  <testcase classname="Scenario: Anytime  12 months current - One Time Payment" name="When I fill dynamic field &quot;personal_details_form_last_name&quot; with &quot;lastname&quot;" time="0.001" />
  <testcase classname="Scenario: Anytime  12 months current - One Time Payment" name="When I click on element with id &quot;personal_details_form_date_of_birth_day&quot;" time="0.0" />
  <testcase classname="Scenario: Anytime  12 months current - One Time Payment" name="When I set to date &quot;1/1/1970&quot;" time="0.0" />
  <testcase classname="Scenario: Anytime  12 months current - One Time Payment" name="When I select &quot;Male&quot; in menu &quot;personal_details_form_gender&quot;" time="0.0" />
  <testcase classname="Scenario: Anytime  12 months current - One Time Payment" name="When I fill &quot;housenumber&quot; with &quot;473&quot;" time="0.0" />
  <testcase classname="Scenario: Anytime  12 months current - One Time Payment" name="When I fill &quot;postcode&quot; with &quot;IV448TZ&quot;" time="0.0" />
  <testcase classname="Scenario: Anytime  12 months current - One Time Payment" name="When I click on button name &quot;btn&quot;" time="0.0" />
  <testcase classname="Scenario: Anytime  12 months current - One Time Payment" name="When I fill &quot;mail&quot; with &quot;max.karpov@nuffieldhealth.com&quot;" time="0.0" />
  <testcase classname="Scenario: Anytime  12 months current - One Time Payment" name="When I fill &quot;emailconfirmation&quot; with &quot;max.karpov@nuffieldhealth.com&quot;" time="0.0" />
  <testcase classname="Scenario: Anytime  12 months current - One Time Payment" name="When I fill &quot;phone&quot; with &quot;07482716718&quot;" time="0.0" />
  <testcase classname="Scenario: Anytime  12 months current - One Time Payment" name="When I fill &quot;mobile&quot; with &quot;07482716718&quot;" time="0.0" />
  <testcase classname="Scenario: Anytime  12 months current - One Time Payment" name="When I click on fieldset element &quot;personal_details_form_unable_to_exercise_no&quot;" time="0.0" />
  <testcase classname="Scenario: Anytime  12 months current - One Time Payment" name="Then I wait" time="0.0" />
  <testcase classname="Scenario: Anytime  12 months current - One Time Payment" name="When I press button named &quot;commit&quot;" time="0.0" />
  <testcase classname="Scenario: Anytime  12 months current - One Time Payment" name="Then I am on page &quot;aber&quot;" time="0.0" />
  <testcase classname="Scenario: Anytime  12 months current - One Time Payment" name="When I scroll down" time="0.0" />
  <testcase classname="Scenario: Anytime  12 months current - One Time Payment" name="When I check box id &quot;summary_form_marketing_email&quot;" time="0.0" />
  <testcase classname="Scenario: Anytime  12 months current - One Time Payment" name="When I scroll down &quot;900&quot;" time="0.0" />
  <testcase classname="Scenario: Anytime  12 months current - One Time Payment" name="When I check box id &quot;summary_form_terms_and_conditions&quot;" time="0.0" />
  <testcase classname="Scenario: Anytime  12 months current - One Time Payment" name="When I click on button name &quot;commit&quot;" time="0.0" />
  <testcase classname="Scenario: Anytime  12 months current - One Time Payment" name="Then I wait" time="0.0" />
  <testcase classname="Scenario: Anytime  12 months current - One Time Payment" name="When I click on button name &quot;VISA_brand&quot;" time="0.0" />
  <testcase classname="Scenario: Anytime  12 months current - One Time Payment" name="When I fill &quot;cardname&quot; with &quot;xyz&quot;" time="0.0" />
  <testcase classname="Scenario: Anytime  12 months current - One Time Payment" name="When I fill &quot;cardnumber&quot; with &quot;4111111111111111&quot;" time="0.0" />
  <testcase classname="Scenario: Anytime  12 months current - One Time Payment" name="When I select item &quot;2&quot; in menu &quot;Ecom_Payment_Card_ExpDate_Month&quot;" time="0.0" />
  <testcase classname="Scenario: Anytime  12 months current - One Time Payment" name="When I select item &quot;2&quot; in menu &quot;Ecom_Payment_Card_ExpDate_Year&quot;" time="0.0" />
  <testcase classname="Scenario: Anytime  12 months current - One Time Payment" name="When I fill &quot;cardyear&quot; with &quot;2017&quot;" time="0.0" />
  <testcase classname="Scenario: Anytime  12 months current - One Time Payment" name="When I fill &quot;cardcvs&quot; with &quot;737&quot;" time="0.0" />
  <testcase classname="Scenario: Anytime  12 months current - One Time Payment" name="When I click on button name &quot;payment&quot;" time="0.0" />
  <testcase classname="Scenario: Anytime  12 months current - One Time Payment" name="Then I wait for order id" time="0.0" />
  <testcase classname="Scenario: Anytime  12 months current - One Time Payment" name="Given I navigate to salesforce" time="0.0" />
  <testcase classname="Scenario: Anytime  12 months current - One Time Payment" name="When I enter Login and Password" time="0.0" />
  <testcase classname="Scenario: Anytime  12 months current - One Time Payment" name="Then I should login to Salesforce" time="0.0" />
  <testcase classname="Scenario: Anytime  12 months current - One Time Payment" name="When I switch to tab &quot;Opportunities&quot;" time="0.0" />
  <testcase classname="Scenario: Anytime  12 months current - One Time Payment" name="Then I am on page &quot;Opportunities&quot;" time="0.0" />
  <testcase classname="Scenario: Anytime  12 months current - One Time Payment" name="When I click on button name &quot;go&quot;" time="0.0" />
  <testcase classname="Scenario: Anytime  12 months current - One Time Payment" name="Then I am on page &quot;Opportunities&quot;" time="0.0" />
  <testcase classname="Scenario: Anytime  12 months current - One Time Payment" name="Then I open opportunity" time="0.0" />
  <testcase classname="Scenario: Anytime  12 months current - One Time Payment" name="Then I am on page &quot;Opportunity&quot;" time="0.0" />
  <testcase classname="Scenario: Anytime  12 months current - One Time Payment" name="Then I can see &quot;Site&quot; filled with &quot;Aberdeen&quot;" time="0.0" />
  <testcase classname="Scenario: Anytime  12 months current - One Time Payment" name="Then I can see &quot;Amount&quot; filled with &quot;total&quot;" time="0.0" />
  <testcase classname="Scenario: Anytime  12 months current - One Time Payment" name="Then I can see &quot;Order Reference&quot; filled with &quot;orid&quot;" time="0.0" />
  <testcase classname="Scenario: Anytime  12 months current - One Time Payment" name="Then I can see &quot;Payment Reference&quot; filled with &quot;pay&quot;" time="0.0" />
  <testcase classname="Scenario: Anytime  12 months current - One Time Payment" name="Then I do save" time="0.0" />
  <testcase classname="junit.framework.TestSuite" name="Scenario: Anytime  12 months current - One Time Payment" time="262.866" />
  <testcase classname="Scenario: Anytime  12 months Wellbeing current - One Time Payment" name="Given I open the page &quot;waf&quot;" time="0.0" />
  <testcase classname="Scenario: Anytime  12 months Wellbeing current - One Time Payment" name="Then I am on page &quot;aber&quot;" time="0.0" />
  <testcase classname="Scenario: Anytime  12 months Wellbeing current - One Time Payment" name="When I scroll down &quot;800&quot;" time="0.001" />
  <testcase classname="Scenario: Anytime  12 months Wellbeing current - One Time Payment" name="When I click on fieldset element &quot;choose_membership_package_form_payment_type_once&quot;" time="0.0" />
  <testcase classname="Scenario: Anytime  12 months Wellbeing current - One Time Payment" name="When I click on fieldset element &quot;choose_membership_package_form_commitment_12wellbeing&quot;" time="0.0" />
  <testcase classname="Scenario: Anytime  12 months Wellbeing current - One Time Payment" name="When I click on basket" time="0.0" />
  <testcase classname="Scenario: Anytime  12 months Wellbeing current - One Time Payment" name="Then I wait" time="0.0" />
  <testcase classname="Scenario: Anytime  12 months Wellbeing current - One Time Payment" name="Then I get amount value &quot;total&quot;" time="0.0" />
  <testcase classname="Scenario: Anytime  12 months Wellbeing current - One Time Payment" name="Then I get amount &quot;member&quot;" time="0.0" />
  <testcase classname="Scenario: Anytime  12 months Wellbeing current - One Time Payment" name="Then I grab amount &quot;fee&quot;" time="0.0" />
  <testcase classname="Scenario: Anytime  12 months Wellbeing current - One Time Payment" name="Then I grab amount &quot;prorata&quot;" time="0.0" />
  <testcase classname="Scenario: Anytime  12 months Wellbeing current - One Time Payment" name="Then I get amount &quot;monthly&quot;" time="0.01" />
  <testcase classname="Scenario: Anytime  12 months Wellbeing current - One Time Payment" name="Then I can see all figures good &quot;12&quot;" time="0.0" />
  <testcase classname="Scenario: Anytime  12 months Wellbeing current - One Time Payment" name="When I press button named &quot;commit&quot;" time="0.0" />
  <testcase classname="Scenario: Anytime  12 months Wellbeing current - One Time Payment" name="Then I am on page &quot;aber&quot;" time="0.0" />
  <testcase classname="Scenario: Anytime  12 months Wellbeing current - One Time Payment" name="When I select &quot;Mr&quot; in menu &quot;personal_details_form_title&quot;" time="0.0" />
  <testcase classname="Scenario: Anytime  12 months Wellbeing current - One Time Payment" name="When I fill dynamic field &quot;personal_details_form_first_name&quot; with &quot;firstname&quot;" time="0.0" />
  <testcase classname="Scenario: Anytime  12 months Wellbeing current - One Time Payment" name="When I fill dynamic field &quot;personal_details_form_last_name&quot; with &quot;lastname&quot;" time="0.0" />
  <testcase classname="Scenario: Anytime  12 months Wellbeing current - One Time Payment" name="When I click on element with id &quot;personal_details_form_date_of_birth_day&quot;" time="0.0" />
  <testcase classname="Scenario: Anytime  12 months Wellbeing current - One Time Payment" name="When I set to date &quot;1/1/1970&quot;" time="0.0" />
  <testcase classname="Scenario: Anytime  12 months Wellbeing current - One Time Payment" name="When I select &quot;Male&quot; in menu &quot;personal_details_form_gender&quot;" time="0.0" />
  <testcase classname="Scenario: Anytime  12 months Wellbeing current - One Time Payment" name="When I fill &quot;housenumber&quot; with &quot;473&quot;" time="0.0" />
  <testcase classname="Scenario: Anytime  12 months Wellbeing current - One Time Payment" name="When I fill &quot;postcode&quot; with &quot;IV448TZ&quot;" time="0.0" />
  <testcase classname="Scenario: Anytime  12 months Wellbeing current - One Time Payment" name="When I click on button name &quot;btn&quot;" time="0.0" />
  <testcase classname="Scenario: Anytime  12 months Wellbeing current - One Time Payment" name="When I fill &quot;mail&quot; with &quot;max.karpov@nuffieldhealth.com&quot;" time="0.0" />
  <testcase classname="Scenario: Anytime  12 months Wellbeing current - One Time Payment" name="When I fill &quot;emailconfirmation&quot; with &quot;max.karpov@nuffieldhealth.com&quot;" time="0.0" />
  <testcase classname="Scenario: Anytime  12 months Wellbeing current - One Time Payment" name="When I fill &quot;phone&quot; with &quot;07482716718&quot;" time="0.0" />
  <testcase classname="Scenario: Anytime  12 months Wellbeing current - One Time Payment" name="When I fill &quot;mobile&quot; with &quot;07482716718&quot;" time="0.0" />
  <testcase classname="Scenario: Anytime  12 months Wellbeing current - One Time Payment" name="When I click on fieldset element &quot;personal_details_form_unable_to_exercise_no&quot;" time="0.0" />
  <testcase classname="Scenario: Anytime  12 months Wellbeing current - One Time Payment" name="Then I wait" time="0.0" />
  <testcase classname="Scenario: Anytime  12 months Wellbeing current - One Time Payment" name="When I press button named &quot;commit&quot;" time="0.0" />
  <testcase classname="Scenario: Anytime  12 months Wellbeing current - One Time Payment" name="Then I am on page &quot;aber&quot;" time="0.0" />
  <testcase classname="Scenario: Anytime  12 months Wellbeing current - One Time Payment" name="When I scroll down" time="0.0" />
  <testcase classname="Scenario: Anytime  12 months Wellbeing current - One Time Payment" name="When I check box id &quot;summary_form_marketing_email&quot;" time="0.0" />
  <testcase classname="Scenario: Anytime  12 months Wellbeing current - One Time Payment" name="When I scroll down &quot;900&quot;" time="0.0" />
  <testcase classname="Scenario: Anytime  12 months Wellbeing current - One Time Payment" name="When I check box id &quot;summary_form_terms_and_conditions&quot;" time="0.0" />
  <testcase classname="Scenario: Anytime  12 months Wellbeing current - One Time Payment" name="When I click on button name &quot;commit&quot;" time="0.0" />
  <testcase classname="Scenario: Anytime  12 months Wellbeing current - One Time Payment" name="Then I wait" time="0.0" />
  <testcase classname="Scenario: Anytime  12 months Wellbeing current - One Time Payment" name="When I click on button name &quot;VISA_brand&quot;" time="0.0" />
  <testcase classname="Scenario: Anytime  12 months Wellbeing current - One Time Payment" name="When I fill &quot;cardname&quot; with &quot;xyz&quot;" time="0.0" />
  <testcase classname="Scenario: Anytime  12 months Wellbeing current - One Time Payment" name="When I fill &quot;cardnumber&quot; with &quot;4111111111111111&quot;" time="0.0" />
  <testcase classname="Scenario: Anytime  12 months Wellbeing current - One Time Payment" name="When I select item &quot;2&quot; in menu &quot;Ecom_Payment_Card_ExpDate_Month&quot;" time="0.0">
    <error message="Unable to locate element: {&quot;method&quot;:&quot;id&quot;,&quot;selector&quot;:&quot;Ecom_Payment_Card_ExpDate_Month&quot;}&#xa;Command duration or timeout: 20 milliseconds&#xa;For documentation on this error, please visit: http://seleniumhq.org/exceptions/no_such_element.html&#xa;Build info: version: &apos;2.53.1&apos;, revision: &apos;a36b8b1cd5757287168e54b817830adce9b0158d&apos;, time: &apos;2016-06-30 19:26:09&apos;&#xa;System info: host: &apos;NUFLCNU417CBJ1&apos;, ip: &apos;10.152.1.245&apos;, os.name: &apos;Windows 7&apos;, os.arch: &apos;amd64&apos;, os.version: &apos;6.1&apos;, java.version: &apos;1.8.0_65&apos;&#xa;Driver info: org.openqa.selenium.firefox.FirefoxDriver&#xa;Capabilities [{applicationCacheEnabled=true, rotatable=false, handlesAlerts=true, databaseEnabled=true, version=47.0.1, platform=WINDOWS, nativeEvents=false, acceptSslCerts=true, webStorageEnabled=true, locationContextEnabled=true, browserName=firefox, takesScreenshot=true, javascriptEnabled=true, cssSelectorsEnabled=true}]&#xa;Session ID: ee5951c5-d982-4dfb-9c84-bdba39956821&#xa;*** Element info: {Using=id, value=Ecom_Payment_Card_ExpDate_Month}" type="org.openqa.selenium.NoSuchElementException">org.openqa.selenium.NoSuchElementException: Unable to locate element: {&quot;method&quot;:&quot;id&quot;,&quot;selector&quot;:&quot;Ecom_Payment_Card_ExpDate_Month&quot;}
Command duration or timeout: 20 milliseconds
For documentation on this error, please visit: http://seleniumhq.org/exceptions/no_such_element.html
Build info: version: &apos;2.53.1&apos;, revision: &apos;a36b8b1cd5757287168e54b817830adce9b0158d&apos;, time: &apos;2016-06-30 19:26:09&apos;
System info: host: &apos;NUFLCNU417CBJ1&apos;, ip: &apos;10.152.1.245&apos;, os.name: &apos;Windows 7&apos;, os.arch: &apos;amd64&apos;, os.version: &apos;6.1&apos;, java.version: &apos;1.8.0_65&apos;
Driver info: org.openqa.selenium.firefox.FirefoxDriver
Capabilities [{applicationCacheEnabled=true, rotatable=false, handlesAlerts=true, databaseEnabled=true, version=47.0.1, platform=WINDOWS, nativeEvents=false, acceptSslCerts=true, webStorageEnabled=true, locationContextEnabled=true, browserName=firefox, takesScreenshot=true, javascriptEnabled=true, cssSelectorsEnabled=true}]
Session ID: ee5951c5-d982-4dfb-9c84-bdba39956821
*** Element info: {Using=id, value=Ecom_Payment_Card_ExpDate_Month}
	at java.lang.reflect.Constructor.newInstance(Constructor.java:422)
	at org.openqa.selenium.remote.ErrorHandler.createThrowable(ErrorHandler.java:206)
	at org.openqa.selenium.remote.ErrorHandler.throwIfResponseFailed(ErrorHandler.java:158)
	at org.openqa.selenium.remote.RemoteWebDriver.execute(RemoteWebDriver.java:678)
	at org.openqa.selenium.remote.RemoteWebDriver.findElement(RemoteWebDriver.java:363)
	at org.openqa.selenium.remote.RemoteWebDriver.findElementById(RemoteWebDriver.java:413)
	at org.openqa.selenium.By$ById.findElement(By.java:218)
	at org.openqa.selenium.remote.RemoteWebDriver.findElement(RemoteWebDriver.java:355)
	at LoginTest.When_I_select_item_in_menu(LoginTest.java:2631)
	at ✽.When I select item &quot;2&quot; in menu &quot;Ecom_Payment_Card_ExpDate_Month&quot;(src/test/olj.feature:123)
Caused by: org.openqa.selenium.NoSuchElementException: Unable to locate element: {&quot;method&quot;:&quot;id&quot;,&quot;selector&quot;:&quot;Ecom_Payment_Card_ExpDate_Month&quot;}
For documentation on this error, please visit: http://seleniumhq.org/exceptions/no_such_element.html
Build info: version: &apos;2.53.1&apos;, revision: &apos;a36b8b1cd5757287168e54b817830adce9b0158d&apos;, time: &apos;2016-06-30 19:26:09&apos;
System info: host: &apos;NUFLCNU417CBJ1&apos;, ip: &apos;10.152.1.245&apos;, os.name: &apos;Windows 7&apos;, os.arch: &apos;amd64&apos;, os.version: &apos;6.1&apos;, java.version: &apos;1.8.0_65&apos;
Driver info: driver.version: unknown
	at &lt;anonymous class&gt;.FirefoxDriver.prototype.findElementInternal_(file:///C:/Users/maxkarpov/AppData/Local/Temp/anonymous5438390830813207073webdriver-profile/extensions/fxdriver@googlecode.com/components/driver-component.js:10770)
	at &lt;anonymous class&gt;.FirefoxDriver.prototype.findElement(file:///C:/Users/maxkarpov/AppData/Local/Temp/anonymous5438390830813207073webdriver-profile/extensions/fxdriver@googlecode.com/components/driver-component.js:10779)
	at &lt;anonymous class&gt;.DelayedCommand.prototype.executeInternal_/h(file:///C:/Users/maxkarpov/AppData/Local/Temp/anonymous5438390830813207073webdriver-profile/extensions/fxdriver@googlecode.com/components/command-processor.js:12661)
	at &lt;anonymous class&gt;.DelayedCommand.prototype.executeInternal_(file:///C:/Users/maxkarpov/AppData/Local/Temp/anonymous5438390830813207073webdriver-profile/extensions/fxdriver@googlecode.com/components/command-processor.js:12666)
	at &lt;anonymous class&gt;.DelayedCommand.prototype.execute/&lt;(file:///C:/Users/maxkarpov/AppData/Local/Temp/anonymous5438390830813207073webdriver-profile/extensions/fxdriver@googlecode.com/components/command-processor.js:12608)
</error>
  </testcase>
  <testcase classname="junit.framework.TestSuite" name="Scenario: Anytime  12 months Wellbeing current - One Time Payment" time="77.736">
    <error message="Unable to locate element: {&quot;method&quot;:&quot;id&quot;,&quot;selector&quot;:&quot;Ecom_Payment_Card_ExpDate_Month&quot;}&#xa;Command duration or timeout: 20 milliseconds&#xa;For documentation on this error, please visit: http://seleniumhq.org/exceptions/no_such_element.html&#xa;Build info: version: &apos;2.53.1&apos;, revision: &apos;a36b8b1cd5757287168e54b817830adce9b0158d&apos;, time: &apos;2016-06-30 19:26:09&apos;&#xa;System info: host: &apos;NUFLCNU417CBJ1&apos;, ip: &apos;10.152.1.245&apos;, os.name: &apos;Windows 7&apos;, os.arch: &apos;amd64&apos;, os.version: &apos;6.1&apos;, java.version: &apos;1.8.0_65&apos;&#xa;Driver info: org.openqa.selenium.firefox.FirefoxDriver&#xa;Capabilities [{applicationCacheEnabled=true, rotatable=false, handlesAlerts=true, databaseEnabled=true, version=47.0.1, platform=WINDOWS, nativeEvents=false, acceptSslCerts=true, webStorageEnabled=true, locationContextEnabled=true, browserName=firefox, takesScreenshot=true, javascriptEnabled=true, cssSelectorsEnabled=true}]&#xa;Session ID: ee5951c5-d982-4dfb-9c84-bdba39956821&#xa;*** Element info: {Using=id, value=Ecom_Payment_Card_ExpDate_Month}" type="org.openqa.selenium.NoSuchElementException">org.openqa.selenium.NoSuchElementException: Unable to locate element: {&quot;method&quot;:&quot;id&quot;,&quot;selector&quot;:&quot;Ecom_Payment_Card_ExpDate_Month&quot;}
Command duration or timeout: 20 milliseconds
For documentation on this error, please visit: http://seleniumhq.org/exceptions/no_such_element.html
Build info: version: &apos;2.53.1&apos;, revision: &apos;a36b8b1cd5757287168e54b817830adce9b0158d&apos;, time: &apos;2016-06-30 19:26:09&apos;
System info: host: &apos;NUFLCNU417CBJ1&apos;, ip: &apos;10.152.1.245&apos;, os.name: &apos;Windows 7&apos;, os.arch: &apos;amd64&apos;, os.version: &apos;6.1&apos;, java.version: &apos;1.8.0_65&apos;
Driver info: org.openqa.selenium.firefox.FirefoxDriver
Capabilities [{applicationCacheEnabled=true, rotatable=false, handlesAlerts=true, databaseEnabled=true, version=47.0.1, platform=WINDOWS, nativeEvents=false, acceptSslCerts=true, webStorageEnabled=true, locationContextEnabled=true, browserName=firefox, takesScreenshot=true, javascriptEnabled=true, cssSelectorsEnabled=true}]
Session ID: ee5951c5-d982-4dfb-9c84-bdba39956821
*** Element info: {Using=id, value=Ecom_Payment_Card_ExpDate_Month}
	at java.lang.reflect.Constructor.newInstance(Constructor.java:422)
	at org.openqa.selenium.remote.ErrorHandler.createThrowable(ErrorHandler.java:206)
	at org.openqa.selenium.remote.ErrorHandler.throwIfResponseFailed(ErrorHandler.java:158)
	at org.openqa.selenium.remote.RemoteWebDriver.execute(RemoteWebDriver.java:678)
	at org.openqa.selenium.remote.RemoteWebDriver.findElement(RemoteWebDriver.java:363)
	at org.openqa.selenium.remote.RemoteWebDriver.findElementById(RemoteWebDriver.java:413)
	at org.openqa.selenium.By$ById.findElement(By.java:218)
	at org.openqa.selenium.remote.RemoteWebDriver.findElement(RemoteWebDriver.java:355)
	at LoginTest.When_I_select_item_in_menu(LoginTest.java:2631)
	at ✽.When I select item &quot;2&quot; in menu &quot;Ecom_Payment_Card_ExpDate_Month&quot;(src/test/olj.feature:123)
Caused by: org.openqa.selenium.NoSuchElementException: Unable to locate element: {&quot;method&quot;:&quot;id&quot;,&quot;selector&quot;:&quot;Ecom_Payment_Card_ExpDate_Month&quot;}
For documentation on this error, please visit: http://seleniumhq.org/exceptions/no_such_element.html
Build info: version: &apos;2.53.1&apos;, revision: &apos;a36b8b1cd5757287168e54b817830adce9b0158d&apos;, time: &apos;2016-06-30 19:26:09&apos;
System info: host: &apos;NUFLCNU417CBJ1&apos;, ip: &apos;10.152.1.245&apos;, os.name: &apos;Windows 7&apos;, os.arch: &apos;amd64&apos;, os.version: &apos;6.1&apos;, java.version: &apos;1.8.0_65&apos;
Driver info: driver.version: unknown
	at &lt;anonymous class&gt;.FirefoxDriver.prototype.findElementInternal_(file:///C:/Users/maxkarpov/AppData/Local/Temp/anonymous5438390830813207073webdriver-profile/extensions/fxdriver@googlecode.com/components/driver-component.js:10770)
	at &lt;anonymous class&gt;.FirefoxDriver.prototype.findElement(file:///C:/Users/maxkarpov/AppData/Local/Temp/anonymous5438390830813207073webdriver-profile/extensions/fxdriver@googlecode.com/components/driver-component.js:10779)
	at &lt;anonymous class&gt;.DelayedCommand.prototype.executeInternal_/h(file:///C:/Users/maxkarpov/AppData/Local/Temp/anonymous5438390830813207073webdriver-profile/extensions/fxdriver@googlecode.com/components/command-processor.js:12661)
	at &lt;anonymous class&gt;.DelayedCommand.prototype.executeInternal_(file:///C:/Users/maxkarpov/AppData/Local/Temp/anonymous5438390830813207073webdriver-profile/extensions/fxdriver@googlecode.com/components/command-processor.js:12666)
	at &lt;anonymous class&gt;.DelayedCommand.prototype.execute/&lt;(file:///C:/Users/maxkarpov/AppData/Local/Temp/anonymous5438390830813207073webdriver-profile/extensions/fxdriver@googlecode.com/components/command-processor.js:12608)
</error>
  </testcase>
  <testcase classname="Scenario: Anytime  12 months Wellbeing current - One Time Payment" name="When I select item &quot;2&quot; in menu &quot;Ecom_Payment_Card_ExpDate_Year&quot;" time="0.0">
    <skipped />
  </testcase>
  <testcase classname="Scenario: Anytime  12 months Wellbeing current - One Time Payment" name="When I fill &quot;cardyear&quot; with &quot;2017&quot;" time="0.0">
    <skipped />
  </testcase>
  <testcase classname="Scenario: Anytime  12 months Wellbeing current - One Time Payment" name="When I fill &quot;cardcvs&quot; with &quot;737&quot;" time="0.0">
    <skipped />
  </testcase>
  <testcase classname="Scenario: Anytime  12 months Wellbeing current - One Time Payment" name="When I click on button name &quot;payment&quot;" time="0.0">
    <skipped />
  </testcase>
  <testcase classname="Scenario: Anytime  12 months Wellbeing current - One Time Payment" name="Then I wait for order id" time="0.0">
    <skipped />
  </testcase>
  <testcase classname="Scenario: Anytime  12 months Wellbeing current - One Time Payment" name="Given I navigate to salesforce" time="0.0">
    <skipped />
  </testcase>
  <testcase classname="Scenario: Anytime  12 months Wellbeing current - One Time Payment" name="When I enter Login and Password" time="0.0">
    <skipped />
  </testcase>
  <testcase classname="Scenario: Anytime  12 months Wellbeing current - One Time Payment" name="Then I should login to Salesforce" time="0.0">
    <skipped />
  </testcase>
  <testcase classname="Scenario: Anytime  12 months Wellbeing current - One Time Payment" name="When I switch to tab &quot;Opportunities&quot;" time="0.0">
    <skipped />
  </testcase>
  <testcase classname="Scenario: Anytime  12 months Wellbeing current - One Time Payment" name="Then I am on page &quot;Opportunities&quot;" time="0.0">
    <skipped />
    <skipped />
  </testcase>
  <testcase classname="Scenario: Anytime  12 months Wellbeing current - One Time Payment" name="When I click on button name &quot;go&quot;" time="0.0">
    <skipped />
  </testcase>
  <testcase classname="Scenario: Anytime  12 months Wellbeing current - One Time Payment" name="Then I open opportunity" time="0.0">
    <skipped />
  </testcase>
  <testcase classname="Scenario: Anytime  12 months Wellbeing current - One Time Payment" name="Then I am on page &quot;Opportunity&quot;" time="0.0">
    <skipped />
  </testcase>
  <testcase classname="Scenario: Anytime  12 months Wellbeing current - One Time Payment" name="Then I can see &quot;Site&quot; filled with &quot;Aberdeen&quot;" time="0.0">
    <skipped />
  </testcase>
  <testcase classname="Scenario: Anytime  12 months Wellbeing current - One Time Payment" name="Then I can see &quot;Amount&quot; filled with &quot;total&quot;" time="0.0">
    <skipped />
  </testcase>
  <testcase classname="Scenario: Anytime  12 months Wellbeing current - One Time Payment" name="Then I can see &quot;Order Reference&quot; filled with &quot;orid&quot;" time="0.0">
    <skipped />
  </testcase>
  <testcase classname="Scenario: Anytime  12 months Wellbeing current - One Time Payment" name="Then I can see &quot;Payment Reference&quot; filled with &quot;pay&quot;" time="0.0">
    <skipped />
  </testcase>
  <testcase classname="Scenario: Anytime  12 months Wellbeing current - One Time Payment" name="Then I do save" time="0.0">
    <skipped />
  </testcase>
  <testcase classname="junit.framework.TestSuite" name="Scenario: Anytime  12 months Wellbeing current - One Time Payment" time="77.766" />
  <testcase classname="Scenario: Anytime  3 months current - One Time Payment" name="Given I open the page &quot;waf&quot;" time="0.0">
    <error message="Failed to connect to binary FirefoxBinary(C:\NB\firefox-sdk\bin\firefox.exe) on port 7055; process output follows: &#xa;pdating XPIState for {&quot;id&quot;:&quot;{972ce4c6-7e08-4474-a285-3208198ce6fd}&quot;,&quot;syncGUID&quot;:&quot;MIZ0wYBTWllw&quot;,&quot;location&quot;:&quot;app-global&quot;,&quot;version&quot;:&quot;47.0.1&quot;,&quot;type&quot;:&quot;theme&quot;,&quot;internalName&quot;:&quot;classic/1.0&quot;,&quot;updateURL&quot;:null,&quot;updateKey&quot;:null,&quot;optionsURL&quot;:null,&quot;optionsType&quot;:null,&quot;aboutURL&quot;:null,&quot;icons&quot;:{&quot;32&quot;:&quot;icon.png&quot;,&quot;48&quot;:&quot;icon.png&quot;},&quot;iconURL&quot;:null,&quot;icon64URL&quot;:null,&quot;defaultLocale&quot;:{&quot;name&quot;:&quot;Default&quot;,&quot;description&quot;:&quot;The default theme.&quot;,&quot;creator&quot;:&quot;Mozilla&quot;,&quot;homepageURL&quot;:null,&quot;contributors&quot;:[&quot;Mozilla Contributors&quot;]},&quot;visible&quot;:true,&quot;active&quot;:true,&quot;userDisabled&quot;:false,&quot;appDisabled&quot;:false,&quot;descriptor&quot;:&quot;C:\\NB\\firefox-sdk\\bin\\browser\\extensions\\{972ce4c6-7e08-4474-a285-3208198ce6fd}.xpi&quot;,&quot;installDate&quot;:1262300400000,&quot;updateDate&quot;:1262300400000,&quot;applyBackgroundUpdates&quot;:1,&quot;skinnable&quot;:true,&quot;size&quot;:22012,&quot;sourceURI&quot;:null,&quot;releaseNotesURI&quot;:null,&quot;softDisabled&quot;:false,&quot;foreignInstall&quot;:false,&quot;hasBinaryComponents&quot;:false,&quot;strictCompatibility&quot;:true,&quot;locales&quot;:[],&quot;targetApplications&quot;:[{&quot;id&quot;:&quot;{ec8030f7-c20a-464f-9b0e-13a3a9e97384}&quot;,&quot;minVersion&quot;:&quot;47.0.1&quot;,&quot;maxVersion&quot;:&quot;47.0.1&quot;}],&quot;targetPlatforms&quot;:[],&quot;seen&quot;:true}&#xd;&#xa;1474385226671&#x9;addons.xpi&#x9;DEBUG&#x9;getModTime: Recursive scan of {972ce4c6-7e08-4474-a285-3208198ce6fd}&#xd;&#xa;1474385226672&#x9;DeferredSave.extensions.json&#x9;DEBUG&#x9;Save changes&#xd;&#xa;1474385226673&#x9;addons.xpi&#x9;DEBUG&#x9;Updating database with changes to installed add-ons&#xd;&#xa;1474385226673&#x9;addons.xpi-utils&#x9;DEBUG&#x9;Updating add-on states&#xd;&#xa;1474385226674&#x9;addons.xpi-utils&#x9;DEBUG&#x9;Writing add-ons list&#xd;&#xa;1474385226678&#x9;addons.xpi&#x9;DEBUG&#x9;Registering manifest for C:\NB\firefox-sdk\bin\browser\features\e10srollout@mozilla.org.xpi&#xd;&#xa;1474385226678&#x9;addons.xpi&#x9;DEBUG&#x9;Calling bootstrap method startup on e10srollout@mozilla.org version 1.0&#xd;&#xa;1474385226678&#x9;addons.xpi&#x9;DEBUG&#x9;Registering manifest for C:\NB\firefox-sdk\bin\browser\features\firefox@getpocket.com.xpi&#xd;&#xa;1474385226679&#x9;addons.xpi&#x9;DEBUG&#x9;Calling bootstrap method startup on firefox@getpocket.com version 1.0.2&#xd;&#xa;1474385226680&#x9;addons.xpi&#x9;DEBUG&#x9;Registering manifest for C:\NB\firefox-sdk\bin\browser\features\loop@mozilla.org.xpi&#xd;&#xa;1474385226681&#x9;addons.xpi&#x9;DEBUG&#x9;Calling bootstrap method startup on loop@mozilla.org version 1.3.2&#xd;&#xa;1474385226695&#x9;addons.manager&#x9;DEBUG&#x9;Registering shutdown blocker for XPIProvider&#xd;&#xa;1474385226696&#x9;addons.manager&#x9;DEBUG&#x9;Provider finished startup: XPIProvider&#xd;&#xa;1474385226696&#x9;addons.manager&#x9;DEBUG&#x9;Starting provider: LightweightThemeManager&#xd;&#xa;1474385226696&#x9;addons.manager&#x9;DEBUG&#x9;Registering shutdown blocker for LightweightThemeManager&#xd;&#xa;1474385226696&#x9;addons.manager&#x9;DEBUG&#x9;Provider finished startup: LightweightThemeManager&#xd;&#xa;1474385226696&#x9;addons.manager&#x9;DEBUG&#x9;Starting provider: GMPProvider&#xd;&#xa;1474385226701&#x9;addons.manager&#x9;DEBUG&#x9;Registering shutdown blocker for GMPProvider&#xd;&#xa;1474385226702&#x9;addons.manager&#x9;DEBUG&#x9;Provider finished startup: GMPProvider&#xd;&#xa;1474385226702&#x9;addons.manager&#x9;DEBUG&#x9;Starting provider: PluginProvider&#xd;&#xa;1474385226702&#x9;addons.manager&#x9;DEBUG&#x9;Registering shutdown blocker for PluginProvider&#xd;&#xa;1474385226702&#x9;addons.manager&#x9;DEBUG&#x9;Provider finished startup: PluginProvider&#xd;&#xa;1474385226702&#x9;addons.manager&#x9;DEBUG&#x9;Completed startup sequence&#xd;&#xa;1474385227557&#x9;addons.manager&#x9;DEBUG&#x9;Starting provider: &lt;unnamed-provider&gt;&#xd;&#xa;1474385227557&#x9;addons.manager&#x9;DEBUG&#x9;Registering shutdown blocker for &lt;unnamed-provider&gt;&#xd;&#xa;1474385227558&#x9;addons.manager&#x9;DEBUG&#x9;Provider finished startup: &lt;unnamed-provider&gt;&#xd;&#xa;1474385227559&#x9;DeferredSave.extensions.json&#x9;DEBUG&#x9;Starting write&#xd;&#xa;1474385227814&#x9;addons.repository&#x9;DEBUG&#x9;No addons.json found.&#xd;&#xa;1474385227815&#x9;DeferredSave.addons.json&#x9;DEBUG&#x9;Save changes&#xd;&#xa;1474385227817&#x9;DeferredSave.addons.json&#x9;DEBUG&#x9;Starting timer&#xd;&#xa;1474385227840&#x9;addons.manager&#x9;DEBUG&#x9;Starting provider: PreviousExperimentProvider&#xd;&#xa;1474385227840&#x9;addons.manager&#x9;DEBUG&#x9;Registering shutdown blocker for PreviousExperimentProvider&#xd;&#xa;1474385227840&#x9;addons.manager&#x9;DEBUG&#x9;Provider finished startup: PreviousExperimentProvider&#xd;&#xa;1474385227842&#x9;DeferredSave.extensions.json&#x9;DEBUG&#x9;Write succeeded&#xd;&#xa;1474385227842&#x9;addons.xpi-utils&#x9;DEBUG&#x9;XPI Database saved, setting schema version preference to 17&#xd;&#xa;1474385227989&#x9;DeferredSave.addons.json&#x9;DEBUG&#x9;Starting write&#xd;&#xa;1474385227999&#x9;DeferredSave.addons.json&#x9;DEBUG&#x9;Write succeeded&#xd;&#xa;&#xa;Build info: version: &apos;2.53.1&apos;, revision: &apos;a36b8b1cd5757287168e54b817830adce9b0158d&apos;, time: &apos;2016-06-30 19:26:09&apos;&#xa;System info: host: &apos;NUFLCNU417CBJ1&apos;, ip: &apos;10.152.1.245&apos;, os.name: &apos;Windows 7&apos;, os.arch: &apos;amd64&apos;, os.version: &apos;6.1&apos;, java.version: &apos;1.8.0_65&apos;&#xa;Driver info: driver.version: FirefoxDriver" type="org.openqa.selenium.WebDriverException">org.openqa.selenium.WebDriverException: Failed to connect to binary FirefoxBinary(C:\NB\firefox-sdk\bin\firefox.exe) on port 7055; process output follows: 
pdating XPIState for {&quot;id&quot;:&quot;{972ce4c6-7e08-4474-a285-3208198ce6fd}&quot;,&quot;syncGUID&quot;:&quot;MIZ0wYBTWllw&quot;,&quot;location&quot;:&quot;app-global&quot;,&quot;version&quot;:&quot;47.0.1&quot;,&quot;type&quot;:&quot;theme&quot;,&quot;internalName&quot;:&quot;classic/1.0&quot;,&quot;updateURL&quot;:null,&quot;updateKey&quot;:null,&quot;optionsURL&quot;:null,&quot;optionsType&quot;:null,&quot;aboutURL&quot;:null,&quot;icons&quot;:{&quot;32&quot;:&quot;icon.png&quot;,&quot;48&quot;:&quot;icon.png&quot;},&quot;iconURL&quot;:null,&quot;icon64URL&quot;:null,&quot;defaultLocale&quot;:{&quot;name&quot;:&quot;Default&quot;,&quot;description&quot;:&quot;The default theme.&quot;,&quot;creator&quot;:&quot;Mozilla&quot;,&quot;homepageURL&quot;:null,&quot;contributors&quot;:[&quot;Mozilla Contributors&quot;]},&quot;visible&quot;:true,&quot;active&quot;:true,&quot;userDisabled&quot;:false,&quot;appDisabled&quot;:false,&quot;descriptor&quot;:&quot;C:\\NB\\firefox-sdk\\bin\\browser\\extensions\\{972ce4c6-7e08-4474-a285-3208198ce6fd}.xpi&quot;,&quot;installDate&quot;:1262300400000,&quot;updateDate&quot;:1262300400000,&quot;applyBackgroundUpdates&quot;:1,&quot;skinnable&quot;:true,&quot;size&quot;:22012,&quot;sourceURI&quot;:null,&quot;releaseNotesURI&quot;:null,&quot;softDisabled&quot;:false,&quot;foreignInstall&quot;:false,&quot;hasBinaryComponents&quot;:false,&quot;strictCompatibility&quot;:true,&quot;locales&quot;:[],&quot;targetApplications&quot;:[{&quot;id&quot;:&quot;{ec8030f7-c20a-464f-9b0e-13a3a9e97384}&quot;,&quot;minVersion&quot;:&quot;47.0.1&quot;,&quot;maxVersion&quot;:&quot;47.0.1&quot;}],&quot;targetPlatforms&quot;:[],&quot;seen&quot;:true}
1474385226671	addons.xpi	DEBUG	getModTime: Recursive scan of {972ce4c6-7e08-4474-a285-3208198ce6fd}
1474385226672	DeferredSave.extensions.json	DEBUG	Save changes
1474385226673	addons.xpi	DEBUG	Updating database with changes to installed add-ons
1474385226673	addons.xpi-utils	DEBUG	Updating add-on states
1474385226674	addons.xpi-utils	DEBUG	Writing add-ons list
1474385226678	addons.xpi	DEBUG	Registering manifest for C:\NB\firefox-sdk\bin\browser\features\e10srollout@mozilla.org.xpi
1474385226678	addons.xpi	DEBUG	Calling bootstrap method startup on e10srollout@mozilla.org version 1.0
1474385226678	addons.xpi	DEBUG	Registering manifest for C:\NB\firefox-sdk\bin\browser\features\firefox@getpocket.com.xpi
1474385226679	addons.xpi	DEBUG	Calling bootstrap method startup on firefox@getpocket.com version 1.0.2
1474385226680	addons.xpi	DEBUG	Registering manifest for C:\NB\firefox-sdk\bin\browser\features\loop@mozilla.org.xpi
1474385226681	addons.xpi	DEBUG	Calling bootstrap method startup on loop@mozilla.org version 1.3.2
1474385226695	addons.manager	DEBUG	Registering shutdown blocker for XPIProvider
1474385226696	addons.manager	DEBUG	Provider finished startup: XPIProvider
1474385226696	addons.manager	DEBUG	Starting provider: LightweightThemeManager
1474385226696	addons.manager	DEBUG	Registering shutdown blocker for LightweightThemeManager
1474385226696	addons.manager	DEBUG	Provider finished startup: LightweightThemeManager
1474385226696	addons.manager	DEBUG	Starting provider: GMPProvider
1474385226701	addons.manager	DEBUG	Registering shutdown blocker for GMPProvider
1474385226702	addons.manager	DEBUG	Provider finished startup: GMPProvider
1474385226702	addons.manager	DEBUG	Starting provider: PluginProvider
1474385226702	addons.manager	DEBUG	Registering shutdown blocker for PluginProvider
1474385226702	addons.manager	DEBUG	Provider finished startup: PluginProvider
1474385226702	addons.manager	DEBUG	Completed startup sequence
1474385227557	addons.manager	DEBUG	Starting provider: &lt;unnamed-provider&gt;
1474385227557	addons.manager	DEBUG	Registering shutdown blocker for &lt;unnamed-provider&gt;
1474385227558	addons.manager	DEBUG	Provider finished startup: &lt;unnamed-provider&gt;
1474385227559	DeferredSave.extensions.json	DEBUG	Starting write
1474385227814	addons.repository	DEBUG	No addons.json found.
1474385227815	DeferredSave.addons.json	DEBUG	Save changes
1474385227817	DeferredSave.addons.json	DEBUG	Starting timer
1474385227840	addons.manager	DEBUG	Starting provider: PreviousExperimentProvider
1474385227840	addons.manager	DEBUG	Registering shutdown blocker for PreviousExperimentProvider
1474385227840	addons.manager	DEBUG	Provider finished startup: PreviousExperimentProvider
1474385227842	DeferredSave.extensions.json	DEBUG	Write succeeded
1474385227842	addons.xpi-utils	DEBUG	XPI Database saved, setting schema version preference to 17
1474385227989	DeferredSave.addons.json	DEBUG	Starting write
1474385227999	DeferredSave.addons.json	DEBUG	Write succeeded

Build info: version: &apos;2.53.1&apos;, revision: &apos;a36b8b1cd5757287168e54b817830adce9b0158d&apos;, time: &apos;2016-06-30 19:26:09&apos;
System info: host: &apos;NUFLCNU417CBJ1&apos;, ip: &apos;10.152.1.245&apos;, os.name: &apos;Windows 7&apos;, os.arch: &apos;amd64&apos;, os.version: &apos;6.1&apos;, java.version: &apos;1.8.0_65&apos;
Driver info: driver.version: FirefoxDriver
	at org.openqa.selenium.firefox.internal.NewProfileExtensionConnection.start(NewProfileExtensionConnection.java:125)
	at org.openqa.selenium.firefox.FirefoxDriver.startClient(FirefoxDriver.java:271)
	at org.openqa.selenium.remote.RemoteWebDriver.&lt;init&gt;(RemoteWebDriver.java:119)
	at org.openqa.selenium.firefox.FirefoxDriver.&lt;init&gt;(FirefoxDriver.java:216)
	at org.openqa.selenium.firefox.FirefoxDriver.&lt;init&gt;(FirefoxDriver.java:211)
	at org.openqa.selenium.firefox.FirefoxDriver.&lt;init&gt;(FirefoxDriver.java:207)
	at LoginTest.i_open_the_page(LoginTest.java:152)
	at ✽.Given I open the page &quot;waf&quot;(src/test/olj.feature:153)
Caused by: org.openqa.selenium.firefox.NotConnectedException: Unable to connect to host 127.0.0.1 on port 7055 after 45000 ms. Firefox console output:
pdating XPIState for {&quot;id&quot;:&quot;{972ce4c6-7e08-4474-a285-3208198ce6fd}&quot;,&quot;syncGUID&quot;:&quot;MIZ0wYBTWllw&quot;,&quot;location&quot;:&quot;app-global&quot;,&quot;version&quot;:&quot;47.0.1&quot;,&quot;type&quot;:&quot;theme&quot;,&quot;internalName&quot;:&quot;classic/1.0&quot;,&quot;updateURL&quot;:null,&quot;updateKey&quot;:null,&quot;optionsURL&quot;:null,&quot;optionsType&quot;:null,&quot;aboutURL&quot;:null,&quot;icons&quot;:{&quot;32&quot;:&quot;icon.png&quot;,&quot;48&quot;:&quot;icon.png&quot;},&quot;iconURL&quot;:null,&quot;icon64URL&quot;:null,&quot;defaultLocale&quot;:{&quot;name&quot;:&quot;Default&quot;,&quot;description&quot;:&quot;The default theme.&quot;,&quot;creator&quot;:&quot;Mozilla&quot;,&quot;homepageURL&quot;:null,&quot;contributors&quot;:[&quot;Mozilla Contributors&quot;]},&quot;visible&quot;:true,&quot;active&quot;:true,&quot;userDisabled&quot;:false,&quot;appDisabled&quot;:false,&quot;descriptor&quot;:&quot;C:\\NB\\firefox-sdk\\bin\\browser\\extensions\\{972ce4c6-7e08-4474-a285-3208198ce6fd}.xpi&quot;,&quot;installDate&quot;:1262300400000,&quot;updateDate&quot;:1262300400000,&quot;applyBackgroundUpdates&quot;:1,&quot;skinnable&quot;:true,&quot;size&quot;:22012,&quot;sourceURI&quot;:null,&quot;releaseNotesURI&quot;:null,&quot;softDisabled&quot;:false,&quot;foreignInstall&quot;:false,&quot;hasBinaryComponents&quot;:false,&quot;strictCompatibility&quot;:true,&quot;locales&quot;:[],&quot;targetApplications&quot;:[{&quot;id&quot;:&quot;{ec8030f7-c20a-464f-9b0e-13a3a9e97384}&quot;,&quot;minVersion&quot;:&quot;47.0.1&quot;,&quot;maxVersion&quot;:&quot;47.0.1&quot;}],&quot;targetPlatforms&quot;:[],&quot;seen&quot;:true}
1474385226671	addons.xpi	DEBUG	getModTime: Recursive scan of {972ce4c6-7e08-4474-a285-3208198ce6fd}
1474385226672	DeferredSave.extensions.json	DEBUG	Save changes
1474385226673	addons.xpi	DEBUG	Updating database with changes to installed add-ons
1474385226673	addons.xpi-utils	DEBUG	Updating add-on states
1474385226674	addons.xpi-utils	DEBUG	Writing add-ons list
1474385226678	addons.xpi	DEBUG	Registering manifest for C:\NB\firefox-sdk\bin\browser\features\e10srollout@mozilla.org.xpi
1474385226678	addons.xpi	DEBUG	Calling bootstrap method startup on e10srollout@mozilla.org version 1.0
1474385226678	addons.xpi	DEBUG	Registering manifest for C:\NB\firefox-sdk\bin\browser\features\firefox@getpocket.com.xpi
1474385226679	addons.xpi	DEBUG	Calling bootstrap method startup on firefox@getpocket.com version 1.0.2
1474385226680	addons.xpi	DEBUG	Registering manifest for C:\NB\firefox-sdk\bin\browser\features\loop@mozilla.org.xpi
1474385226681	addons.xpi	DEBUG	Calling bootstrap method startup on loop@mozilla.org version 1.3.2
1474385226695	addons.manager	DEBUG	Registering shutdown blocker for XPIProvider
1474385226696	addons.manager	DEBUG	Provider finished startup: XPIProvider
1474385226696	addons.manager	DEBUG	Starting provider: LightweightThemeManager
1474385226696	addons.manager	DEBUG	Registering shutdown blocker for LightweightThemeManager
1474385226696	addons.manager	DEBUG	Provider finished startup: LightweightThemeManager
1474385226696	addons.manager	DEBUG	Starting provider: GMPProvider
1474385226701	addons.manager	DEBUG	Registering shutdown blocker for GMPProvider
1474385226702	addons.manager	DEBUG	Provider finished startup: GMPProvider
1474385226702	addons.manager	DEBUG	Starting provider: PluginProvider
1474385226702	addons.manager	DEBUG	Registering shutdown blocker for PluginProvider
1474385226702	addons.manager	DEBUG	Provider finished startup: PluginProvider
1474385226702	addons.manager	DEBUG	Completed startup sequence
1474385227557	addons.manager	DEBUG	Starting provider: &lt;unnamed-provider&gt;
1474385227557	addons.manager	DEBUG	Registering shutdown blocker for &lt;unnamed-provider&gt;
1474385227558	addons.manager	DEBUG	Provider finished startup: &lt;unnamed-provider&gt;
1474385227559	DeferredSave.extensions.json	DEBUG	Starting write
1474385227814	addons.repository	DEBUG	No addons.json found.
1474385227815	DeferredSave.addons.json	DEBUG	Save changes
1474385227817	DeferredSave.addons.json	DEBUG	Starting timer
1474385227840	addons.manager	DEBUG	Starting provider: PreviousExperimentProvider
1474385227840	addons.manager	DEBUG	Registering shutdown blocker for PreviousExperimentProvider
1474385227840	addons.manager	DEBUG	Provider finished startup: PreviousExperimentProvider
1474385227842	DeferredSave.extensions.json	DEBUG	Write succeeded
1474385227842	addons.xpi-utils	DEBUG	XPI Database saved, setting schema version preference to 17
1474385227989	DeferredSave.addons.json	DEBUG	Starting write
1474385227999	DeferredSave.addons.json	DEBUG	Write succeeded

	at org.openqa.selenium.firefox.internal.NewProfileExtensionConnection.start(NewProfileExtensionConnection.java:113)
	at org.openqa.selenium.firefox.FirefoxDriver.startClient(FirefoxDriver.java:271)
	at org.openqa.selenium.remote.RemoteWebDriver.&lt;init&gt;(RemoteWebDriver.java:119)
	at org.openqa.selenium.firefox.FirefoxDriver.&lt;init&gt;(FirefoxDriver.java:216)
	at org.openqa.selenium.firefox.FirefoxDriver.&lt;init&gt;(FirefoxDriver.java:211)
	at org.openqa.selenium.firefox.FirefoxDriver.&lt;init&gt;(FirefoxDriver.java:207)
	at LoginTest.i_open_the_page(LoginTest.java:152)
	at cucumber.runtime.Utils$1.call(Utils.java:37)
	at cucumber.runtime.Timeout.timeout(Timeout.java:13)
	at cucumber.runtime.Utils.invoke(Utils.java:31)
	at cucumber.runtime.java.JavaStepDefinition.execute(JavaStepDefinition.java:38)
	at cucumber.runtime.StepDefinitionMatch.runStep(StepDefinitionMatch.java:37)
	at cucumber.runtime.Runtime.runStep(Runtime.java:299)
	at cucumber.runtime.model.StepContainer.runStep(StepContainer.java:44)
	at cucumber.runtime.model.StepContainer.runSteps(StepContainer.java:39)
	at cucumber.runtime.model.CucumberScenario.run(CucumberScenario.java:44)
	at cucumber.runtime.junit.ExecutionUnitRunner.run(ExecutionUnitRunner.java:91)
	at cucumber.runtime.junit.FeatureRunner.runChild(FeatureRunner.java:63)
	at cucumber.runtime.junit.FeatureRunner.runChild(FeatureRunner.java:18)
	at cucumber.runtime.junit.FeatureRunner.run(FeatureRunner.java:70)
	at cucumber.api.junit.Cucumber.runChild(Cucumber.java:93)
	at cucumber.api.junit.Cucumber.runChild(Cucumber.java:37)
	at cucumber.api.junit.Cucumber.run(Cucumber.java:98)
</error>
  </testcase>
  <testcase classname="junit.framework.TestSuite" name="Scenario: Anytime  3 months current - One Time Payment" time="46.409">
    <error message="Failed to connect to binary FirefoxBinary(C:\NB\firefox-sdk\bin\firefox.exe) on port 7055; process output follows: &#xa;pdating XPIState for {&quot;id&quot;:&quot;{972ce4c6-7e08-4474-a285-3208198ce6fd}&quot;,&quot;syncGUID&quot;:&quot;MIZ0wYBTWllw&quot;,&quot;location&quot;:&quot;app-global&quot;,&quot;version&quot;:&quot;47.0.1&quot;,&quot;type&quot;:&quot;theme&quot;,&quot;internalName&quot;:&quot;classic/1.0&quot;,&quot;updateURL&quot;:null,&quot;updateKey&quot;:null,&quot;optionsURL&quot;:null,&quot;optionsType&quot;:null,&quot;aboutURL&quot;:null,&quot;icons&quot;:{&quot;32&quot;:&quot;icon.png&quot;,&quot;48&quot;:&quot;icon.png&quot;},&quot;iconURL&quot;:null,&quot;icon64URL&quot;:null,&quot;defaultLocale&quot;:{&quot;name&quot;:&quot;Default&quot;,&quot;description&quot;:&quot;The default theme.&quot;,&quot;creator&quot;:&quot;Mozilla&quot;,&quot;homepageURL&quot;:null,&quot;contributors&quot;:[&quot;Mozilla Contributors&quot;]},&quot;visible&quot;:true,&quot;active&quot;:true,&quot;userDisabled&quot;:false,&quot;appDisabled&quot;:false,&quot;descriptor&quot;:&quot;C:\\NB\\firefox-sdk\\bin\\browser\\extensions\\{972ce4c6-7e08-4474-a285-3208198ce6fd}.xpi&quot;,&quot;installDate&quot;:1262300400000,&quot;updateDate&quot;:1262300400000,&quot;applyBackgroundUpdates&quot;:1,&quot;skinnable&quot;:true,&quot;size&quot;:22012,&quot;sourceURI&quot;:null,&quot;releaseNotesURI&quot;:null,&quot;softDisabled&quot;:false,&quot;foreignInstall&quot;:false,&quot;hasBinaryComponents&quot;:false,&quot;strictCompatibility&quot;:true,&quot;locales&quot;:[],&quot;targetApplications&quot;:[{&quot;id&quot;:&quot;{ec8030f7-c20a-464f-9b0e-13a3a9e97384}&quot;,&quot;minVersion&quot;:&quot;47.0.1&quot;,&quot;maxVersion&quot;:&quot;47.0.1&quot;}],&quot;targetPlatforms&quot;:[],&quot;seen&quot;:true}&#xd;&#xa;1474385226671&#x9;addons.xpi&#x9;DEBUG&#x9;getModTime: Recursive scan of {972ce4c6-7e08-4474-a285-3208198ce6fd}&#xd;&#xa;1474385226672&#x9;DeferredSave.extensions.json&#x9;DEBUG&#x9;Save changes&#xd;&#xa;1474385226673&#x9;addons.xpi&#x9;DEBUG&#x9;Updating database with changes to installed add-ons&#xd;&#xa;1474385226673&#x9;addons.xpi-utils&#x9;DEBUG&#x9;Updating add-on states&#xd;&#xa;1474385226674&#x9;addons.xpi-utils&#x9;DEBUG&#x9;Writing add-ons list&#xd;&#xa;1474385226678&#x9;addons.xpi&#x9;DEBUG&#x9;Registering manifest for C:\NB\firefox-sdk\bin\browser\features\e10srollout@mozilla.org.xpi&#xd;&#xa;1474385226678&#x9;addons.xpi&#x9;DEBUG&#x9;Calling bootstrap method startup on e10srollout@mozilla.org version 1.0&#xd;&#xa;1474385226678&#x9;addons.xpi&#x9;DEBUG&#x9;Registering manifest for C:\NB\firefox-sdk\bin\browser\features\firefox@getpocket.com.xpi&#xd;&#xa;1474385226679&#x9;addons.xpi&#x9;DEBUG&#x9;Calling bootstrap method startup on firefox@getpocket.com version 1.0.2&#xd;&#xa;1474385226680&#x9;addons.xpi&#x9;DEBUG&#x9;Registering manifest for C:\NB\firefox-sdk\bin\browser\features\loop@mozilla.org.xpi&#xd;&#xa;1474385226681&#x9;addons.xpi&#x9;DEBUG&#x9;Calling bootstrap method startup on loop@mozilla.org version 1.3.2&#xd;&#xa;1474385226695&#x9;addons.manager&#x9;DEBUG&#x9;Registering shutdown blocker for XPIProvider&#xd;&#xa;1474385226696&#x9;addons.manager&#x9;DEBUG&#x9;Provider finished startup: XPIProvider&#xd;&#xa;1474385226696&#x9;addons.manager&#x9;DEBUG&#x9;Starting provider: LightweightThemeManager&#xd;&#xa;1474385226696&#x9;addons.manager&#x9;DEBUG&#x9;Registering shutdown blocker for LightweightThemeManager&#xd;&#xa;1474385226696&#x9;addons.manager&#x9;DEBUG&#x9;Provider finished startup: LightweightThemeManager&#xd;&#xa;1474385226696&#x9;addons.manager&#x9;DEBUG&#x9;Starting provider: GMPProvider&#xd;&#xa;1474385226701&#x9;addons.manager&#x9;DEBUG&#x9;Registering shutdown blocker for GMPProvider&#xd;&#xa;1474385226702&#x9;addons.manager&#x9;DEBUG&#x9;Provider finished startup: GMPProvider&#xd;&#xa;1474385226702&#x9;addons.manager&#x9;DEBUG&#x9;Starting provider: PluginProvider&#xd;&#xa;1474385226702&#x9;addons.manager&#x9;DEBUG&#x9;Registering shutdown blocker for PluginProvider&#xd;&#xa;1474385226702&#x9;addons.manager&#x9;DEBUG&#x9;Provider finished startup: PluginProvider&#xd;&#xa;1474385226702&#x9;addons.manager&#x9;DEBUG&#x9;Completed startup sequence&#xd;&#xa;1474385227557&#x9;addons.manager&#x9;DEBUG&#x9;Starting provider: &lt;unnamed-provider&gt;&#xd;&#xa;1474385227557&#x9;addons.manager&#x9;DEBUG&#x9;Registering shutdown blocker for &lt;unnamed-provider&gt;&#xd;&#xa;1474385227558&#x9;addons.manager&#x9;DEBUG&#x9;Provider finished startup: &lt;unnamed-provider&gt;&#xd;&#xa;1474385227559&#x9;DeferredSave.extensions.json&#x9;DEBUG&#x9;Starting write&#xd;&#xa;1474385227814&#x9;addons.repository&#x9;DEBUG&#x9;No addons.json found.&#xd;&#xa;1474385227815&#x9;DeferredSave.addons.json&#x9;DEBUG&#x9;Save changes&#xd;&#xa;1474385227817&#x9;DeferredSave.addons.json&#x9;DEBUG&#x9;Starting timer&#xd;&#xa;1474385227840&#x9;addons.manager&#x9;DEBUG&#x9;Starting provider: PreviousExperimentProvider&#xd;&#xa;1474385227840&#x9;addons.manager&#x9;DEBUG&#x9;Registering shutdown blocker for PreviousExperimentProvider&#xd;&#xa;1474385227840&#x9;addons.manager&#x9;DEBUG&#x9;Provider finished startup: PreviousExperimentProvider&#xd;&#xa;1474385227842&#x9;DeferredSave.extensions.json&#x9;DEBUG&#x9;Write succeeded&#xd;&#xa;1474385227842&#x9;addons.xpi-utils&#x9;DEBUG&#x9;XPI Database saved, setting schema version preference to 17&#xd;&#xa;1474385227989&#x9;DeferredSave.addons.json&#x9;DEBUG&#x9;Starting write&#xd;&#xa;1474385227999&#x9;DeferredSave.addons.json&#x9;DEBUG&#x9;Write succeeded&#xd;&#xa;&#xa;Build info: version: &apos;2.53.1&apos;, revision: &apos;a36b8b1cd5757287168e54b817830adce9b0158d&apos;, time: &apos;2016-06-30 19:26:09&apos;&#xa;System info: host: &apos;NUFLCNU417CBJ1&apos;, ip: &apos;10.152.1.245&apos;, os.name: &apos;Windows 7&apos;, os.arch: &apos;amd64&apos;, os.version: &apos;6.1&apos;, java.version: &apos;1.8.0_65&apos;&#xa;Driver info: driver.version: FirefoxDriver" type="org.openqa.selenium.WebDriverException">org.openqa.selenium.WebDriverException: Failed to connect to binary FirefoxBinary(C:\NB\firefox-sdk\bin\firefox.exe) on port 7055; process output follows: 
pdating XPIState for {&quot;id&quot;:&quot;{972ce4c6-7e08-4474-a285-3208198ce6fd}&quot;,&quot;syncGUID&quot;:&quot;MIZ0wYBTWllw&quot;,&quot;location&quot;:&quot;app-global&quot;,&quot;version&quot;:&quot;47.0.1&quot;,&quot;type&quot;:&quot;theme&quot;,&quot;internalName&quot;:&quot;classic/1.0&quot;,&quot;updateURL&quot;:null,&quot;updateKey&quot;:null,&quot;optionsURL&quot;:null,&quot;optionsType&quot;:null,&quot;aboutURL&quot;:null,&quot;icons&quot;:{&quot;32&quot;:&quot;icon.png&quot;,&quot;48&quot;:&quot;icon.png&quot;},&quot;iconURL&quot;:null,&quot;icon64URL&quot;:null,&quot;defaultLocale&quot;:{&quot;name&quot;:&quot;Default&quot;,&quot;description&quot;:&quot;The default theme.&quot;,&quot;creator&quot;:&quot;Mozilla&quot;,&quot;homepageURL&quot;:null,&quot;contributors&quot;:[&quot;Mozilla Contributors&quot;]},&quot;visible&quot;:true,&quot;active&quot;:true,&quot;userDisabled&quot;:false,&quot;appDisabled&quot;:false,&quot;descriptor&quot;:&quot;C:\\NB\\firefox-sdk\\bin\\browser\\extensions\\{972ce4c6-7e08-4474-a285-3208198ce6fd}.xpi&quot;,&quot;installDate&quot;:1262300400000,&quot;updateDate&quot;:1262300400000,&quot;applyBackgroundUpdates&quot;:1,&quot;skinnable&quot;:true,&quot;size&quot;:22012,&quot;sourceURI&quot;:null,&quot;releaseNotesURI&quot;:null,&quot;softDisabled&quot;:false,&quot;foreignInstall&quot;:false,&quot;hasBinaryComponents&quot;:false,&quot;strictCompatibility&quot;:true,&quot;locales&quot;:[],&quot;targetApplications&quot;:[{&quot;id&quot;:&quot;{ec8030f7-c20a-464f-9b0e-13a3a9e97384}&quot;,&quot;minVersion&quot;:&quot;47.0.1&quot;,&quot;maxVersion&quot;:&quot;47.0.1&quot;}],&quot;targetPlatforms&quot;:[],&quot;seen&quot;:true}
1474385226671	addons.xpi	DEBUG	getModTime: Recursive scan of {972ce4c6-7e08-4474-a285-3208198ce6fd}
1474385226672	DeferredSave.extensions.json	DEBUG	Save changes
1474385226673	addons.xpi	DEBUG	Updating database with changes to installed add-ons
1474385226673	addons.xpi-utils	DEBUG	Updating add-on states
1474385226674	addons.xpi-utils	DEBUG	Writing add-ons list
1474385226678	addons.xpi	DEBUG	Registering manifest for C:\NB\firefox-sdk\bin\browser\features\e10srollout@mozilla.org.xpi
1474385226678	addons.xpi	DEBUG	Calling bootstrap method startup on e10srollout@mozilla.org version 1.0
1474385226678	addons.xpi	DEBUG	Registering manifest for C:\NB\firefox-sdk\bin\browser\features\firefox@getpocket.com.xpi
1474385226679	addons.xpi	DEBUG	Calling bootstrap method startup on firefox@getpocket.com version 1.0.2
1474385226680	addons.xpi	DEBUG	Registering manifest for C:\NB\firefox-sdk\bin\browser\features\loop@mozilla.org.xpi
1474385226681	addons.xpi	DEBUG	Calling bootstrap method startup on loop@mozilla.org version 1.3.2
1474385226695	addons.manager	DEBUG	Registering shutdown blocker for XPIProvider
1474385226696	addons.manager	DEBUG	Provider finished startup: XPIProvider
1474385226696	addons.manager	DEBUG	Starting provider: LightweightThemeManager
1474385226696	addons.manager	DEBUG	Registering shutdown blocker for LightweightThemeManager
1474385226696	addons.manager	DEBUG	Provider finished startup: LightweightThemeManager
1474385226696	addons.manager	DEBUG	Starting provider: GMPProvider
1474385226701	addons.manager	DEBUG	Registering shutdown blocker for GMPProvider
1474385226702	addons.manager	DEBUG	Provider finished startup: GMPProvider
1474385226702	addons.manager	DEBUG	Starting provider: PluginProvider
1474385226702	addons.manager	DEBUG	Registering shutdown blocker for PluginProvider
1474385226702	addons.manager	DEBUG	Provider finished startup: PluginProvider
1474385226702	addons.manager	DEBUG	Completed startup sequence
1474385227557	addons.manager	DEBUG	Starting provider: &lt;unnamed-provider&gt;
1474385227557	addons.manager	DEBUG	Registering shutdown blocker for &lt;unnamed-provider&gt;
1474385227558	addons.manager	DEBUG	Provider finished startup: &lt;unnamed-provider&gt;
1474385227559	DeferredSave.extensions.json	DEBUG	Starting write
1474385227814	addons.repository	DEBUG	No addons.json found.
1474385227815	DeferredSave.addons.json	DEBUG	Save changes
1474385227817	DeferredSave.addons.json	DEBUG	Starting timer
1474385227840	addons.manager	DEBUG	Starting provider: PreviousExperimentProvider
1474385227840	addons.manager	DEBUG	Registering shutdown blocker for PreviousExperimentProvider
1474385227840	addons.manager	DEBUG	Provider finished startup: PreviousExperimentProvider
1474385227842	DeferredSave.extensions.json	DEBUG	Write succeeded
1474385227842	addons.xpi-utils	DEBUG	XPI Database saved, setting schema version preference to 17
1474385227989	DeferredSave.addons.json	DEBUG	Starting write
1474385227999	DeferredSave.addons.json	DEBUG	Write succeeded

Build info: version: &apos;2.53.1&apos;, revision: &apos;a36b8b1cd5757287168e54b817830adce9b0158d&apos;, time: &apos;2016-06-30 19:26:09&apos;
System info: host: &apos;NUFLCNU417CBJ1&apos;, ip: &apos;10.152.1.245&apos;, os.name: &apos;Windows 7&apos;, os.arch: &apos;amd64&apos;, os.version: &apos;6.1&apos;, java.version: &apos;1.8.0_65&apos;
Driver info: driver.version: FirefoxDriver
	at org.openqa.selenium.firefox.internal.NewProfileExtensionConnection.start(NewProfileExtensionConnection.java:125)
	at org.openqa.selenium.firefox.FirefoxDriver.startClient(FirefoxDriver.java:271)
	at org.openqa.selenium.remote.RemoteWebDriver.&lt;init&gt;(RemoteWebDriver.java:119)
	at org.openqa.selenium.firefox.FirefoxDriver.&lt;init&gt;(FirefoxDriver.java:216)
	at org.openqa.selenium.firefox.FirefoxDriver.&lt;init&gt;(FirefoxDriver.java:211)
	at org.openqa.selenium.firefox.FirefoxDriver.&lt;init&gt;(FirefoxDriver.java:207)
	at LoginTest.i_open_the_page(LoginTest.java:152)
	at ✽.Given I open the page &quot;waf&quot;(src/test/olj.feature:153)
Caused by: org.openqa.selenium.firefox.NotConnectedException: Unable to connect to host 127.0.0.1 on port 7055 after 45000 ms. Firefox console output:
pdating XPIState for {&quot;id&quot;:&quot;{972ce4c6-7e08-4474-a285-3208198ce6fd}&quot;,&quot;syncGUID&quot;:&quot;MIZ0wYBTWllw&quot;,&quot;location&quot;:&quot;app-global&quot;,&quot;version&quot;:&quot;47.0.1&quot;,&quot;type&quot;:&quot;theme&quot;,&quot;internalName&quot;:&quot;classic/1.0&quot;,&quot;updateURL&quot;:null,&quot;updateKey&quot;:null,&quot;optionsURL&quot;:null,&quot;optionsType&quot;:null,&quot;aboutURL&quot;:null,&quot;icons&quot;:{&quot;32&quot;:&quot;icon.png&quot;,&quot;48&quot;:&quot;icon.png&quot;},&quot;iconURL&quot;:null,&quot;icon64URL&quot;:null,&quot;defaultLocale&quot;:{&quot;name&quot;:&quot;Default&quot;,&quot;description&quot;:&quot;The default theme.&quot;,&quot;creator&quot;:&quot;Mozilla&quot;,&quot;homepageURL&quot;:null,&quot;contributors&quot;:[&quot;Mozilla Contributors&quot;]},&quot;visible&quot;:true,&quot;active&quot;:true,&quot;userDisabled&quot;:false,&quot;appDisabled&quot;:false,&quot;descriptor&quot;:&quot;C:\\NB\\firefox-sdk\\bin\\browser\\extensions\\{972ce4c6-7e08-4474-a285-3208198ce6fd}.xpi&quot;,&quot;installDate&quot;:1262300400000,&quot;updateDate&quot;:1262300400000,&quot;applyBackgroundUpdates&quot;:1,&quot;skinnable&quot;:true,&quot;size&quot;:22012,&quot;sourceURI&quot;:null,&quot;releaseNotesURI&quot;:null,&quot;softDisabled&quot;:false,&quot;foreignInstall&quot;:false,&quot;hasBinaryComponents&quot;:false,&quot;strictCompatibility&quot;:true,&quot;locales&quot;:[],&quot;targetApplications&quot;:[{&quot;id&quot;:&quot;{ec8030f7-c20a-464f-9b0e-13a3a9e97384}&quot;,&quot;minVersion&quot;:&quot;47.0.1&quot;,&quot;maxVersion&quot;:&quot;47.0.1&quot;}],&quot;targetPlatforms&quot;:[],&quot;seen&quot;:true}
1474385226671	addons.xpi	DEBUG	getModTime: Recursive scan of {972ce4c6-7e08-4474-a285-3208198ce6fd}
1474385226672	DeferredSave.extensions.json	DEBUG	Save changes
1474385226673	addons.xpi	DEBUG	Updating database with changes to installed add-ons
1474385226673	addons.xpi-utils	DEBUG	Updating add-on states
1474385226674	addons.xpi-utils	DEBUG	Writing add-ons list
1474385226678	addons.xpi	DEBUG	Registering manifest for C:\NB\firefox-sdk\bin\browser\features\e10srollout@mozilla.org.xpi
1474385226678	addons.xpi	DEBUG	Calling bootstrap method startup on e10srollout@mozilla.org version 1.0
1474385226678	addons.xpi	DEBUG	Registering manifest for C:\NB\firefox-sdk\bin\browser\features\firefox@getpocket.com.xpi
1474385226679	addons.xpi	DEBUG	Calling bootstrap method startup on firefox@getpocket.com version 1.0.2
1474385226680	addons.xpi	DEBUG	Registering manifest for C:\NB\firefox-sdk\bin\browser\features\loop@mozilla.org.xpi
1474385226681	addons.xpi	DEBUG	Calling bootstrap method startup on loop@mozilla.org version 1.3.2
1474385226695	addons.manager	DEBUG	Registering shutdown blocker for XPIProvider
1474385226696	addons.manager	DEBUG	Provider finished startup: XPIProvider
1474385226696	addons.manager	DEBUG	Starting provider: LightweightThemeManager
1474385226696	addons.manager	DEBUG	Registering shutdown blocker for LightweightThemeManager
1474385226696	addons.manager	DEBUG	Provider finished startup: LightweightThemeManager
1474385226696	addons.manager	DEBUG	Starting provider: GMPProvider
1474385226701	addons.manager	DEBUG	Registering shutdown blocker for GMPProvider
1474385226702	addons.manager	DEBUG	Provider finished startup: GMPProvider
1474385226702	addons.manager	DEBUG	Starting provider: PluginProvider
1474385226702	addons.manager	DEBUG	Registering shutdown blocker for PluginProvider
1474385226702	addons.manager	DEBUG	Provider finished startup: PluginProvider
1474385226702	addons.manager	DEBUG	Completed startup sequence
1474385227557	addons.manager	DEBUG	Starting provider: &lt;unnamed-provider&gt;
1474385227557	addons.manager	DEBUG	Registering shutdown blocker for &lt;unnamed-provider&gt;
1474385227558	addons.manager	DEBUG	Provider finished startup: &lt;unnamed-provider&gt;
1474385227559	DeferredSave.extensions.json	DEBUG	Starting write
1474385227814	addons.repository	DEBUG	No addons.json found.
1474385227815	DeferredSave.addons.json	DEBUG	Save changes
1474385227817	DeferredSave.addons.json	DEBUG	Starting timer
1474385227840	addons.manager	DEBUG	Starting provider: PreviousExperimentProvider
1474385227840	addons.manager	DEBUG	Registering shutdown blocker for PreviousExperimentProvider
1474385227840	addons.manager	DEBUG	Provider finished startup: PreviousExperimentProvider
1474385227842	DeferredSave.extensions.json	DEBUG	Write succeeded
1474385227842	addons.xpi-utils	DEBUG	XPI Database saved, setting schema version preference to 17
1474385227989	DeferredSave.addons.json	DEBUG	Starting write
1474385227999	DeferredSave.addons.json	DEBUG	Write succeeded

	at org.openqa.selenium.firefox.internal.NewProfileExtensionConnection.start(NewProfileExtensionConnection.java:113)
	at org.openqa.selenium.firefox.FirefoxDriver.startClient(FirefoxDriver.java:271)
	at org.openqa.selenium.remote.RemoteWebDriver.&lt;init&gt;(RemoteWebDriver.java:119)
	at org.openqa.selenium.firefox.FirefoxDriver.&lt;init&gt;(FirefoxDriver.java:216)
	at org.openqa.selenium.firefox.FirefoxDriver.&lt;init&gt;(FirefoxDriver.java:211)
	at org.openqa.selenium.firefox.FirefoxDriver.&lt;init&gt;(FirefoxDriver.java:207)
	at LoginTest.i_open_the_page(LoginTest.java:152)
	at cucumber.runtime.Utils$1.call(Utils.java:37)
	at cucumber.runtime.Timeout.timeout(Timeout.java:13)
	at cucumber.runtime.Utils.invoke(Utils.java:31)
	at cucumber.runtime.java.JavaStepDefinition.execute(JavaStepDefinition.java:38)
	at cucumber.runtime.StepDefinitionMatch.runStep(StepDefinitionMatch.java:37)
	at cucumber.runtime.Runtime.runStep(Runtime.java:299)
	at cucumber.runtime.model.StepContainer.runStep(StepContainer.java:44)
	at cucumber.runtime.model.StepContainer.runSteps(StepContainer.java:39)
	at cucumber.runtime.model.CucumberScenario.run(CucumberScenario.java:44)
	at cucumber.runtime.junit.ExecutionUnitRunner.run(ExecutionUnitRunner.java:91)
	at cucumber.runtime.junit.FeatureRunner.runChild(FeatureRunner.java:63)
	at cucumber.runtime.junit.FeatureRunner.runChild(FeatureRunner.java:18)
	at cucumber.runtime.junit.FeatureRunner.run(FeatureRunner.java:70)
	at cucumber.api.junit.Cucumber.runChild(Cucumber.java:93)
	at cucumber.api.junit.Cucumber.runChild(Cucumber.java:37)
	at cucumber.api.junit.Cucumber.run(Cucumber.java:98)
</error>
  </testcase>
  <testcase classname="Scenario: Anytime  3 months current - One Time Payment" name="Then I am on page &quot;aber&quot;" time="0.01">
    <skipped />
    <skipped />
    <skipped />
  </testcase>
  <testcase classname="Scenario: Anytime  3 months current - One Time Payment" name="When I click on fieldset element &quot;choose_membership_package_form_payment_type_once&quot;" time="0.0">
    <skipped />
  </testcase>
  <testcase classname="Scenario: Anytime  3 months current - One Time Payment" name="When I scroll up" time="0.0">
    <skipped />
  </testcase>
  <testcase classname="Scenario: Anytime  3 months current - One Time Payment" name="When I click on fieldset element &quot;choose_membership_package_form_commitment_3&quot;" time="0.0">
    <skipped />
  </testcase>
  <testcase classname="Scenario: Anytime  3 months current - One Time Payment" name="When I click on basket" time="0.0">
    <skipped />
  </testcase>
  <testcase classname="Scenario: Anytime  3 months current - One Time Payment" name="Then I wait" time="0.02">
    <skipped />
    <skipped />
    <skipped />
  </testcase>
  <testcase classname="Scenario: Anytime  3 months current - One Time Payment" name="Then I get amount value &quot;total&quot;" time="0.0">
    <skipped />
  </testcase>
  <testcase classname="Scenario: Anytime  3 months current - One Time Payment" name="Then I get amount &quot;member&quot;" time="0.0">
    <skipped />
  </testcase>
  <testcase classname="Scenario: Anytime  3 months current - One Time Payment" name="Then I grab amount &quot;fee&quot;" time="0.0">
    <skipped />
  </testcase>
  <testcase classname="Scenario: Anytime  3 months current - One Time Payment" name="Then I grab amount &quot;prorata&quot;" time="0.0">
    <skipped />
  </testcase>
  <testcase classname="Scenario: Anytime  3 months current - One Time Payment" name="Then I get amount &quot;monthly&quot;" time="0.0">
    <skipped />
  </testcase>
  <testcase classname="Scenario: Anytime  3 months current - One Time Payment" name="Then I can see all figures good &quot;3&quot;" time="0.0">
    <skipped />
  </testcase>
  <testcase classname="Scenario: Anytime  3 months current - One Time Payment" name="When I press button named &quot;commit&quot;" time="0.01">
    <skipped />
    <skipped />
  </testcase>
  <testcase classname="Scenario: Anytime  3 months current - One Time Payment" name="When I select &quot;Mr&quot; in menu &quot;personal_details_form_title&quot;" time="0.0">
    <skipped />
  </testcase>
  <testcase classname="Scenario: Anytime  3 months current - One Time Payment" name="When I fill dynamic field &quot;personal_details_form_first_name&quot; with &quot;firstname&quot;" time="0.0">
    <skipped />
  </testcase>
  <testcase classname="Scenario: Anytime  3 months current - One Time Payment" name="When I fill dynamic field &quot;personal_details_form_last_name&quot; with &quot;lastname&quot;" time="0.0">
    <skipped />
  </testcase>
  <testcase classname="Scenario: Anytime  3 months current - One Time Payment" name="When I click on element with id &quot;personal_details_form_date_of_birth_day&quot;" time="0.0">
    <skipped />
  </testcase>
  <testcase classname="Scenario: Anytime  3 months current - One Time Payment" name="When I set to date &quot;1/1/1970&quot;" time="0.0">
    <skipped />
  </testcase>
  <testcase classname="Scenario: Anytime  3 months current - One Time Payment" name="When I select &quot;Male&quot; in menu &quot;personal_details_form_gender&quot;" time="0.0">
    <skipped />
  </testcase>
  <testcase classname="Scenario: Anytime  3 months current - One Time Payment" name="When I fill &quot;housenumber&quot; with &quot;473&quot;" time="0.0">
    <skipped />
  </testcase>
  <testcase classname="Scenario: Anytime  3 months current - One Time Payment" name="When I fill &quot;postcode&quot; with &quot;IV448TZ&quot;" time="0.0">
    <skipped />
  </testcase>
  <testcase classname="Scenario: Anytime  3 months current - One Time Payment" name="When I click on button name &quot;btn&quot;" time="0.0">
    <skipped />
  </testcase>
  <testcase classname="Scenario: Anytime  3 months current - One Time Payment" name="When I fill &quot;mail&quot; with &quot;max.karpov@nuffieldhealth.com&quot;" time="0.0">
    <skipped />
  </testcase>
  <testcase classname="Scenario: Anytime  3 months current - One Time Payment" name="When I fill &quot;emailconfirmation&quot; with &quot;max.karpov@nuffieldhealth.com&quot;" time="0.0">
    <skipped />
  </testcase>
  <testcase classname="Scenario: Anytime  3 months current - One Time Payment" name="When I fill &quot;phone&quot; with &quot;07482716718&quot;" time="0.0">
    <skipped />
  </testcase>
  <testcase classname="Scenario: Anytime  3 months current - One Time Payment" name="When I fill &quot;mobile&quot; with &quot;07482716718&quot;" time="0.0">
    <skipped />
  </testcase>
  <testcase classname="Scenario: Anytime  3 months current - One Time Payment" name="When I click on fieldset element &quot;personal_details_form_unable_to_exercise_no&quot;" time="0.0">
    <skipped />
  </testcase>
  <testcase classname="Scenario: Anytime  3 months current - One Time Payment" name="When I scroll down" time="0.0">
    <skipped />
  </testcase>
  <testcase classname="Scenario: Anytime  3 months current - One Time Payment" name="When I check box id &quot;summary_form_marketing_email&quot;" time="0.0">
    <skipped />
  </testcase>
  <testcase classname="Scenario: Anytime  3 months current - One Time Payment" name="When I scroll down &quot;900&quot;" time="0.0">
    <skipped />
  </testcase>
  <testcase classname="Scenario: Anytime  3 months current - One Time Payment" name="When I check box id &quot;summary_form_terms_and_conditions&quot;" time="0.01">
    <skipped />
  </testcase>
  <testcase classname="Scenario: Anytime  3 months current - One Time Payment" name="When I click on button name &quot;commit&quot;" time="0.0">
    <skipped />
  </testcase>
  <testcase classname="Scenario: Anytime  3 months current - One Time Payment" name="When I click on button name &quot;VISA_brand&quot;" time="0.0">
    <skipped />
  </testcase>
  <testcase classname="Scenario: Anytime  3 months current - One Time Payment" name="When I fill &quot;cardname&quot; with &quot;xyz&quot;" time="0.0">
    <skipped />
  </testcase>
  <testcase classname="Scenario: Anytime  3 months current - One Time Payment" name="When I fill &quot;cardnumber&quot; with &quot;4111111111111111&quot;" time="0.0">
    <skipped />
  </testcase>
  <testcase classname="Scenario: Anytime  3 months current - One Time Payment" name="When I select item &quot;2&quot; in menu &quot;Ecom_Payment_Card_ExpDate_Month&quot;" time="0.0">
    <skipped />
  </testcase>
  <testcase classname="Scenario: Anytime  3 months current - One Time Payment" name="When I select item &quot;2&quot; in menu &quot;Ecom_Payment_Card_ExpDate_Year&quot;" time="0.0">
    <skipped />
  </testcase>
  <testcase classname="Scenario: Anytime  3 months current - One Time Payment" name="When I fill &quot;cardyear&quot; with &quot;2017&quot;" time="0.0">
    <skipped />
  </testcase>
  <testcase classname="Scenario: Anytime  3 months current - One Time Payment" name="When I fill &quot;cardcvs&quot; with &quot;737&quot;" time="0.0">
    <skipped />
  </testcase>
  <testcase classname="Scenario: Anytime  3 months current - One Time Payment" name="When I click on button name &quot;payment&quot;" time="0.0">
    <skipped />
  </testcase>
  <testcase classname="Scenario: Anytime  3 months current - One Time Payment" name="Then I wait for order id" time="0.0">
    <skipped />
  </testcase>
  <testcase classname="Scenario: Anytime  3 months current - One Time Payment" name="Given I navigate to salesforce" time="0.0">
    <skipped />
  </testcase>
  <testcase classname="Scenario: Anytime  3 months current - One Time Payment" name="When I enter Login and Password" time="0.0">
    <skipped />
  </testcase>
  <testcase classname="Scenario: Anytime  3 months current - One Time Payment" name="Then I should login to Salesforce" time="0.0">
    <skipped />
  </testcase>
  <testcase classname="Scenario: Anytime  3 months current - One Time Payment" name="When I switch to tab &quot;Opportunities&quot;" time="0.0">
    <skipped />
  </testcase>
  <testcase classname="Scenario: Anytime  3 months current - One Time Payment" name="Then I am on page &quot;Opportunities&quot;" time="0.0">
    <skipped />
    <skipped />
  </testcase>
  <testcase classname="Scenario: Anytime  3 months current - One Time Payment" name="When I click on button name &quot;go&quot;" time="0.0">
    <skipped />
  </testcase>
  <testcase classname="Scenario: Anytime  3 months current - One Time Payment" name="Then I open opportunity" time="0.0">
    <skipped />
  </testcase>
  <testcase classname="Scenario: Anytime  3 months current - One Time Payment" name="Then I am on page &quot;Opportunity&quot;" time="0.0">
    <skipped />
  </testcase>
  <testcase classname="Scenario: Anytime  3 months current - One Time Payment" name="Then I can see &quot;Site&quot; filled with &quot;Aberdeen&quot;" time="0.0">
    <skipped />
  </testcase>
  <testcase classname="Scenario: Anytime  3 months current - One Time Payment" name="Then I can see &quot;Amount&quot; filled with &quot;total&quot;" time="0.0">
    <skipped />
  </testcase>
  <testcase classname="Scenario: Anytime  3 months current - One Time Payment" name="Then I can see &quot;Order Reference&quot; filled with &quot;orid&quot;" time="0.0">
    <skipped />
  </testcase>
  <testcase classname="Scenario: Anytime  3 months current - One Time Payment" name="Then I can see &quot;Payment Reference&quot; filled with &quot;pay&quot;" time="0.0">
    <skipped />
  </testcase>
  <testcase classname="Scenario: Anytime  3 months current - One Time Payment" name="Then I do save" time="0.0">
    <skipped />
  </testcase>
  <testcase classname="junit.framework.TestSuite" name="Scenario: Anytime  3 months current - One Time Payment" time="46.449" />
  <testcase classname="Scenario: Off peak -  12 months current - One Time Payment" name="Given I open the page &quot;waf&quot;" time="0.0" />
  <testcase classname="Scenario: Off peak -  12 months current - One Time Payment" name="Then I am on page &quot;aber&quot;" time="0.0" />
  <testcase classname="Scenario: Off peak -  12 months current - One Time Payment" name="When I scroll down &quot;390&quot;" time="0.0" />
  <testcase classname="Scenario: Off peak -  12 months current - One Time Payment" name="When I click text &quot;Off peak&quot;" time="0.0" />
  <testcase classname="Scenario: Off peak -  12 months current - One Time Payment" name="When I scroll down &quot;350&quot;" time="0.0" />
  <testcase classname="Scenario: Off peak -  12 months current - One Time Payment" name="When I click on fieldset element &quot;choose_membership_package_form_payment_type_once&quot;" time="0.0" />
  <testcase classname="Scenario: Off peak -  12 months current - One Time Payment" name="When I click on basket" time="0.0" />
  <testcase classname="Scenario: Off peak -  12 months current - One Time Payment" name="Then I wait" time="0.0" />
  <testcase classname="Scenario: Off peak -  12 months current - One Time Payment" name="Then I get amount value &quot;total&quot;" time="0.0" />
  <testcase classname="Scenario: Off peak -  12 months current - One Time Payment" name="Then I get amount &quot;member&quot;" time="0.0" />
  <testcase classname="Scenario: Off peak -  12 months current - One Time Payment" name="Then I grab amount &quot;fee&quot;" time="0.0" />
  <testcase classname="Scenario: Off peak -  12 months current - One Time Payment" name="Then I grab amount &quot;prorata&quot;" time="0.0" />
  <testcase classname="Scenario: Off peak -  12 months current - One Time Payment" name="Then I get amount &quot;monthly&quot;" time="0.0" />
[...]

org.openqa.selenium.WebDriverException: Failed to connect to binary FirefoxBinary(C:\NB\firefox-sdk\bin\firefox.exe) on port 7055; process output follows: 
pdating XPIState for {"id":"{972ce4c6-7e08-4474-a285-3208198ce6fd}","syncGUID":"MIZ0wYBTWllw","location":"app-global","version":"47.0.1","type":"theme","internalName":"classic/1.0","updateURL":null,"updateKey":null,"optionsURL":null,"optionsType":null,"aboutURL":null,"icons":{"32":"icon.png","48":"icon.png"},"iconURL":null,"icon64URL":null,"defaultLocale":{"name":"Default","description":"The default theme.","creator":"Mozilla","homepageURL":null,"contributors":["Mozilla Contributors"]},"visible":true,"active":true,"userDisabled":false,"appDisabled":false,"descriptor":"C:\\NB\\firefox-sdk\\bin\\browser\\extensions\\{972ce4c6-7e08-4474-a285-3208198ce6fd}.xpi","installDate":1262300400000,"updateDate":1262300400000,"applyBackgroundUpdates":1,"skinnable":true,"size":22012,"sourceURI":null,"releaseNotesURI":null,"softDisabled":false,"foreignInstall":false,"hasBinaryComponents":false,"strictCompatibility":true,"locales":[],"targetApplications":[{"id":"{ec8030f7-c20a-464f-9b0e-13a3a9e97384}","minVersion":"47.0.1","maxVersion":"47.0.1"}],"targetPlatforms":[],"seen":true}
1474385226671	addons.xpi	DEBUG	getModTime: Recursive scan of {972ce4c6-7e08-4474-a285-3208198ce6fd}
1474385226672	DeferredSave.extensions.json	DEBUG	Save changes
1474385226673	addons.xpi	DEBUG	Updating database with changes to installed add-ons
1474385226673	addons.xpi-utils	DEBUG	Updating add-on states
1474385226674	addons.xpi-utils	DEBUG	Writing add-ons list
1474385226678	addons.xpi	DEBUG	Registering manifest for C:\NB\firefox-sdk\bin\browser\features\e10srollout@mozilla.org.xpi
1474385226678	addons.xpi	DEBUG	Calling bootstrap method startup on e10srollout@mozilla.org version 1.0
1474385226678	addons.xpi	DEBUG	Registering manifest for C:\NB\firefox-sdk\bin\browser\features\firefox@getpocket.com.xpi
1474385226679	addons.xpi	DEBUG	Calling bootstrap method startup on firefox@getpocket.com version 1.0.2
1474385226680	addons.xpi	DEBUG	Registering manifest for C:\NB\firefox-sdk\bin\browser\features\loop@mozilla.org.xpi
1474385226681	addons.xpi	DEBUG	Calling bootstrap method startup on loop@mozilla.org version 1.3.2
1474385226695	addons.manager	DEBUG	Registering shutdown blocker for XPIProvider
1474385226696	addons.manager	DEBUG	Provider finished startup: XPIProvider
1474385226696	addons.manager	DEBUG	Starting provider: LightweightThemeManager
1474385226696	addons.manager	DEBUG	Registering shutdown blocker for LightweightThemeManager
1474385226696	addons.manager	DEBUG	Provider finished startup: LightweightThemeManager
1474385226696	addons.manager	DEBUG	Starting provider: GMPProvider
1474385226701	addons.manager	DEBUG	Registering shutdown blocker for GMPProvider
1474385226702	addons.manager	DEBUG	Provider finished startup: GMPProvider
1474385226702	addons.manager	DEBUG	Starting provider: PluginProvider
1474385226702	addons.manager	DEBUG	Registering shutdown blocker for PluginProvider
1474385226702	addons.manager	DEBUG	Provider finished startup: PluginProvider
1474385226702	addons.manager	DEBUG	Completed startup sequence
1474385227557	addons.manager	DEBUG	Starting provider: <unnamed-provider>
1474385227557	addons.manager	DEBUG	Registering shutdown blocker for <unnamed-provider>
1474385227558	addons.manager	DEBUG	Provider finished startup: <unnamed-provider>
1474385227559	DeferredSave.extensions.json	DEBUG	Starting write
1474385227814	addons.repository	DEBUG	No addons.json found.
1474385227815	DeferredSave.addons.json	DEBUG	Save changes
1474385227817	DeferredSave.addons.json	DEBUG	Starting timer
1474385227840	addons.manager	DEBUG	Starting provider: PreviousExperimentProvider
1474385227840	addons.manager	DEBUG	Registering shutdown blocker for PreviousExperimentProvider
1474385227840	addons.manager	DEBUG	Provider finished startup: PreviousExperimentProvider
1474385227842	DeferredSave.extensions.json	DEBUG	Write succeeded
1474385227842	addons.xpi-utils	DEBUG	XPI Database saved, setting schema version preference to 17
1474385227989	DeferredSave.addons.json	DEBUG	Starting write
1474385227999	DeferredSave.addons.json	DEBUG	Write succeeded

Build info: version: '2.53.1', revision: 'a36b8b1cd5757287168e54b817830adce9b0158d', time: '2016-06-30 19:26:09'
System info: host: 'NUFLCNU417CBJ1', ip: '10.152.1.245', os.name: 'Windows 7', os.arch: 'amd64', os.version: '6.1', java.version: '1.8.0_65'
Driver info: driver.version: FirefoxDriver
	at org.openqa.selenium.firefox.internal.NewProfileExtensionConnection.start(NewProfileExtensionConnection.java:125)
	at org.openqa.selenium.firefox.FirefoxDriver.startClient(FirefoxDriver.java:271)
	at org.openqa.selenium.remote.RemoteWebDriver.<init>(RemoteWebDriver.java:119)
	at org.openqa.selenium.firefox.FirefoxDriver.<init>(FirefoxDriver.java:216)
	at org.openqa.selenium.firefox.FirefoxDriver.<init>(FirefoxDriver.java:211)
	at org.openqa.selenium.firefox.FirefoxDriver.<init>(FirefoxDriver.java:207)
	at LoginTest.i_open_the_page(LoginTest.java:152)
	at ?.Given I open the page "waf"(src/test/olj.feature:153)
Caused by: org.openqa.selenium.firefox.NotConnectedException: Unable to connect to host 127.0.0.1 on port 7055 after 45000 ms. Firefox console output:
pdating XPIState for {"id":"{972ce4c6-7e08-4474-a285-3208198ce6fd}","syncGUID":"MIZ0wYBTWllw","location":"app-global","version":"47.0.1","type":"theme","internalName":"classic/1.0","updateURL":null,"updateKey":null,"optionsURL":null,"optionsType":null,"aboutURL":null,"icons":{"32":"icon.png","48":"icon.png"},"iconURL":null,"icon64URL":null,"defaultLocale":{"name":"Default","description":"The default theme.","creator":"Mozilla","homepageURL":null,"contributors":["Mozilla Contributors"]},"visible":true,"active":true,"userDisabled":false,"appDisabled":false,"descriptor":"C:\\NB\\firefox-sdk\\bin\\browser\\extensions\\{972ce4c6-7e08-4474-a285-3208198ce6fd}.xpi","installDate":1262300400000,"updateDate":1262300400000,"applyBackgroundUpdates":1,"skinnable":true,"size":22012,"sourceURI":null,"releaseNotesURI":null,"softDisabled":false,"foreignInstall":false,"hasBinaryComponents":false,"strictCompatibility":true,"locales":[],"targetApplications":[{"id":"{ec8030f7-c20a-464f-9b0e-13a3a9e97384}","minVersion":"47.0.1","maxVersion":"47.0.1"}],"targetPlatforms":[],"seen":true}
1474385226671	addons.xpi	DEBUG	getModTime: Recursive scan of {972ce4c6-7e08-4474-a285-3208198ce6fd}
1474385226672	DeferredSave.extensions.json	DEBUG	Save changes
1474385226673	addons.xpi	DEBUG	Updating database with changes to installed add-ons
1474385226673	addons.xpi-utils	DEBUG	Updating add-on states
1474385226674	addons.xpi-utils	DEBUG	Writing add-ons list
1474385226678	addons.xpi	DEBUG	Registering manifest for C:\NB\firefox-sdk\bin\browser\features\e10srollout@mozilla.org.xpi
1474385226678	addons.xpi	DEBUG	Calling bootstrap method startup on e10srollout@mozilla.org version 1.0
1474385226678	addons.xpi	DEBUG	Registering manifest for C:\NB\firefox-sdk\bin\browser\features\firefox@getpocket.com.xpi
1474385226679	addons.xpi	DEBUG	Calling bootstrap method startup on firefox@getpocket.com version 1.0.2
1474385226680	addons.xpi	DEBUG	Registering manifest for C:\NB\firefox-sdk\bin\browser\features\loop@mozilla.org.xpi
1474385226681	addons.xpi	DEBUG	Calling bootstrap method startup on loop@mozilla.org version 1.3.2
1474385226695	addons.manager	DEBUG	Registering shutdown blocker for XPIProvider
1474385226696	addons.manager	DEBUG	Provider finished startup: XPIProvider
1474385226696	addons.manager	DEBUG	Starting provider: LightweightThemeManager
1474385226696	addons.manager	DEBUG	Registering shutdown blocker for LightweightThemeManager
1474385226696	addons.manager	DEBUG	Provider finished startup: LightweightThemeManager
1474385226696	addons.manager	DEBUG	Starting provider: GMPProvider
1474385226701	addons.manager	DEBUG	Registering shutdown blocker for GMPProvider
1474385226702	addons.manager	DEBUG	Provider finished startup: GMPProvider
1474385226702	addons.manager	DEBUG	Starting provider: PluginProvider
1474385226702	addons.manager	DEBUG	Registering shutdown blocker for PluginProvider
1474385226702	addons.manager	DEBUG	Provider finished startup: PluginProvider
1474385226702	addons.manager	DEBUG	Completed startup sequence
1474385227557	addons.manager	DEBUG	Starting provider: <unnamed-provider>
1474385227557	addons.manager	DEBUG	Registering shutdown blocker for <unnamed-provider>
1474385227558	addons.manager	DEBUG	Provider finished startup: <unnamed-provider>
1474385227559	DeferredSave.extensions.json	DEBUG	Starting write
1474385227814	addons.repository	DEBUG	No addons.json found.
1474385227815	DeferredSave.addons.json	DEBUG	Save changes
1474385227817	DeferredSave.addons.json	DEBUG	Starting timer
1474385227840	addons.manager	DEBUG	Starting provider: PreviousExperimentProvider
1474385227840	addons.manager	DEBUG	Registering shutdown blocker for PreviousExperimentProvider
1474385227840	addons.manager	DEBUG	Provider finished startup: PreviousExperimentProvider
1474385227842	DeferredSave.extensions.json	DEBUG	Write succeeded
1474385227842	addons.xpi-utils	DEBUG	XPI Database saved, setting schema version preference to 17
1474385227989	DeferredSave.addons.json	DEBUG	Starting write
1474385227999	DeferredSave.addons.json	DEBUG	Write succeeded

	at org.openqa.selenium.firefox.internal.NewProfileExtensionConnection.start(NewProfileExtensionConnection.java:113)
	at org.openqa.selenium.firefox.FirefoxDriver.startClient(FirefoxDriver.java:271)
	at org.openqa.selenium.remote.RemoteWebDriver.<init>(RemoteWebDriver.java:119)
	at org.openqa.selenium.firefox.FirefoxDriver.<init>(FirefoxDriver.java:216)
	at org.openqa.selenium.firefox.FirefoxDriver.<init>(FirefoxDriver.java:211)
	at org.openqa.selenium.firefox.FirefoxDriver.<init>(FirefoxDriver.java:207)
	at LoginTest.i_open_the_page(LoginTest.java:152)
	at sun.reflect.NativeMethodAccessorImpl.invoke0(Native Method)
	at sun.reflect.NativeMethodAccessorImpl.invoke(NativeMethodAccessorImpl.java:62)
	at sun.reflect.DelegatingMethodAccessorImpl.invoke(DelegatingMethodAccessorImpl.java:43)
	at java.lang.reflect.Method.invoke(Method.java:497)
	at cucumber.runtime.Utils$1.call(Utils.java:37)
	at cucumber.runtime.Timeout.timeout(Timeout.java:13)
	at cucumber.runtime.Utils.invoke(Utils.java:31)
	at cucumber.runtime.java.JavaStepDefinition.execute(JavaStepDefinition.java:38)
	at cucumber.runtime.StepDefinitionMatch.runStep(StepDefinitionMatch.java:37)
	at cucumber.runtime.Runtime.runStep(Runtime.java:299)
	at cucumber.runtime.model.StepContainer.runStep(StepContainer.java:44)
	at cucumber.runtime.model.StepContainer.runSteps(StepContainer.java:39)
	at cucumber.runtime.model.CucumberScenario.run(CucumberScenario.java:44)
	at cucumber.runtime.junit.ExecutionUnitRunner.run(ExecutionUnitRunner.java:91)
	at cucumber.runtime.junit.FeatureRunner.runChild(FeatureRunner.java:63)
	at cucumber.runtime.junit.FeatureRunner.runChild(FeatureRunner.java:18)
	at org.junit.runners.ParentRunner$3.run(ParentRunner.java:290)
	at org.junit.runners.ParentRunner$1.schedule(ParentRunner.java:71)
	at org.junit.runners.ParentRunner.runChildren(ParentRunner.java:288)
	at org.junit.runners.ParentRunner.access$000(ParentRunner.java:58)
	at org.junit.runners.ParentRunner$2.evaluate(ParentRunner.java:268)
	at org.junit.runners.ParentRunner.run(ParentRunner.java:363)
	at cucumber.runtime.junit.FeatureRunner.run(FeatureRunner.java:70)
	at cucumber.api.junit.Cucumber.runChild(Cucumber.java:93)
	at cucumber.api.junit.Cucumber.runChild(Cucumber.java:37)
	at org.junit.runners.ParentRunner$3.run(ParentRunner.java:290)
	at org.junit.runners.ParentRunner$1.schedule(ParentRunner.java:71)
	at org.junit.runners.ParentRunner.runChildren(ParentRunner.java:288)
	at org.junit.runners.ParentRunner.access$000(ParentRunner.java:58)
	at org.junit.runners.ParentRunner$2.evaluate(ParentRunner.java:268)
	at org.junit.runners.ParentRunner.run(ParentRunner.java:363)
	at cucumber.api.junit.Cucumber.run(Cucumber.java:98)
	at junit.framework.JUnit4TestAdapter.run(JUnit4TestAdapter.java:38)
	at org.apache.tools.ant.taskdefs.optional.junit.JUnitTestRunner.run(JUnitTestRunner.java:535)
	at org.apache.tools.ant.taskdefs.optional.junit.JUnitTestRunner.launch(JUnitTestRunner.java:1182)
	at org.apache.tools.ant.taskdefs.optional.junit.JUnitTestRunner.main(JUnitTestRunner.java:1033)

]]></system-out>
  <system-err><![CDATA[org.openqa.selenium.firefox.NotConnectedException: Unable to connect to host 127.0.0.1 on port 7055 after 45000 ms. Firefox console output:
pdating XPIState for {"id":"{972ce4c6-7e08-4474-a285-3208198ce6fd}","syncGUID":"MIZ0wYBTWllw","location":"app-global","version":"47.0.1","type":"theme","internalName":"classic/1.0","updateURL":null,"updateKey":null,"optionsURL":null,"optionsType":null,"aboutURL":null,"icons":{"32":"icon.png","48":"icon.png"},"iconURL":null,"icon64URL":null,"defaultLocale":{"name":"Default","description":"The default theme.","creator":"Mozilla","homepageURL":null,"contributors":["Mozilla Contributors"]},"visible":true,"active":true,"userDisabled":false,"appDisabled":false,"descriptor":"C:\\NB\\firefox-sdk\\bin\\browser\\extensions\\{972ce4c6-7e08-4474-a285-3208198ce6fd}.xpi","installDate":1262300400000,"updateDate":1262300400000,"applyBackgroundUpdates":1,"skinnable":true,"size":22012,"sourceURI":null,"releaseNotesURI":null,"softDisabled":false,"foreignInstall":false,"hasBinaryComponents":false,"strictCompatibility":true,"locales":[],"targetApplications":[{"id":"{ec8030f7-c20a-464f-9b0e-13a3a9e97384}","minVersion":"47.0.1","maxVersion":"47.0.1"}],"targetPlatforms":[],"seen":true}
1474385226671	addons.xpi	DEBUG	getModTime: Recursive scan of {972ce4c6-7e08-4474-a285-3208198ce6fd}
1474385226672	DeferredSave.extensions.json	DEBUG	Save changes
1474385226673	addons.xpi	DEBUG	Updating database with changes to installed add-ons
1474385226673	addons.xpi-utils	DEBUG	Updating add-on states
1474385226674	addons.xpi-utils	DEBUG	Writing add-ons list
1474385226678	addons.xpi	DEBUG	Registering manifest for C:\NB\firefox-sdk\bin\browser\features\e10srollout@mozilla.org.xpi
1474385226678	addons.xpi	DEBUG	Calling bootstrap method startup on e10srollout@mozilla.org version 1.0
1474385226678	addons.xpi	DEBUG	Registering manifest for C:\NB\firefox-sdk\bin\browser\features\firefox@getpocket.com.xpi
1474385226679	addons.xpi	DEBUG	Calling bootstrap method startup on firefox@getpocket.com version 1.0.2
1474385226680	addons.xpi	DEBUG	Registering manifest for C:\NB\firefox-sdk\bin\browser\features\loop@mozilla.org.xpi
1474385226681	addons.xpi	DEBUG	Calling bootstrap method startup on loop@mozilla.org version 1.3.2
1474385226695	addons.manager	DEBUG	Registering shutdown blocker for XPIProvider
1474385226696	addons.manager	DEBUG	Provider finished startup: XPIProvider
1474385226696	addons.manager	DEBUG	Starting provider: LightweightThemeManager
1474385226696	addons.manager	DEBUG	Registering shutdown blocker for LightweightThemeManager
1474385226696	addons.manager	DEBUG	Provider finished startup: LightweightThemeManager
1474385226696	addons.manager	DEBUG	Starting provider: GMPProvider
1474385226701	addons.manager	DEBUG	Registering shutdown blocker for GMPProvider
1474385226702	addons.manager	DEBUG	Provider finished startup: GMPProvider
1474385226702	addons.manager	DEBUG	Starting provider: PluginProvider
1474385226702	addons.manager	DEBUG	Registering shutdown blocker for PluginProvider
1474385226702	addons.manager	DEBUG	Provider finished startup: PluginProvider
1474385226702	addons.manager	DEBUG	Completed startup sequence
1474385227557	addons.manager	DEBUG	Starting provider: <unnamed-provider>
1474385227557	addons.manager	DEBUG	Registering shutdown blocker for <unnamed-provider>
1474385227558	addons.manager	DEBUG	Provider finished startup: <unnamed-provider>
1474385227559	DeferredSave.extensions.json	DEBUG	Starting write
1474385227814	addons.repository	DEBUG	No addons.json found.
1474385227815	DeferredSave.addons.json	DEBUG	Save changes
1474385227817	DeferredSave.addons.json	DEBUG	Starting timer
1474385227840	addons.manager	DEBUG	Starting provider: PreviousExperimentProvider
1474385227840	addons.manager	DEBUG	Registering shutdown blocker for PreviousExperimentProvider
1474385227840	addons.manager	DEBUG	Provider finished startup: PreviousExperimentProvider
1474385227842	DeferredSave.extensions.json	DEBUG	Write succeeded
1474385227842	addons.xpi-utils	DEBUG	XPI Database saved, setting schema version preference to 17
1474385227989	DeferredSave.addons.json	DEBUG	Starting write
1474385227999	DeferredSave.addons.json	DEBUG	Write succeeded

	at org.openqa.selenium.firefox.internal.NewProfileExtensionConnection.start(NewProfileExtensionConnection.java:113)
	at org.openqa.selenium.firefox.FirefoxDriver.startClient(FirefoxDriver.java:271)
	at org.openqa.selenium.remote.RemoteWebDriver.<init>(RemoteWebDriver.java:119)
	at org.openqa.selenium.firefox.FirefoxDriver.<init>(FirefoxDriver.java:216)
	at org.openqa.selenium.firefox.FirefoxDriver.<init>(FirefoxDriver.java:211)
	at org.openqa.selenium.firefox.FirefoxDriver.<init>(FirefoxDriver.java:207)
	at LoginTest.i_open_the_page(LoginTest.java:152)
	at sun.reflect.NativeMethodAccessorImpl.invoke0(Native Method)
	at sun.reflect.NativeMethodAccessorImpl.invoke(NativeMethodAccessorImpl.java:62)
	at sun.reflect.DelegatingMethodAccessorImpl.invoke(DelegatingMethodAccessorImpl.java:43)
	at java.lang.reflect.Method.invoke(Method.java:497)
	at cucumber.runtime.Utils$1.call(Utils.java:37)
	at cucumber.runtime.Timeout.timeout(Timeout.java:13)
	at cucumber.runtime.Utils.invoke(Utils.java:31)
	at cucumber.runtime.java.JavaStepDefinition.execute(JavaStepDefinition.java:38)
	at cucumber.runtime.StepDefinitionMatch.runStep(StepDefinitionMatch.java:37)
	at cucumber.runtime.Runtime.runStep(Runtime.java:299)
	at cucumber.runtime.model.StepContainer.runStep(StepContainer.java:44)
	at cucumber.runtime.model.StepContainer.runSteps(StepContainer.java:39)
	at cucumber.runtime.model.CucumberScenario.run(CucumberScenario.java:44)
	at cucumber.runtime.junit.ExecutionUnitRunner.run(ExecutionUnitRunner.java:91)
	at cucumber.runtime.junit.FeatureRunner.runChild(FeatureRunner.java:63)
	at cucumber.runtime.junit.FeatureRunner.runChild(FeatureRunner.java:18)
	at org.junit.runners.ParentRunner$3.run(ParentRunner.java:290)
	at org.junit.runners.ParentRunner$1.schedule(ParentRunner.java:71)
	at org.junit.runners.ParentRunner.runChildren(ParentRunner.java:288)
	at org.junit.runners.ParentRunner.access$000(ParentRunner.java:58)
	at org.junit.runners.ParentRunner$2.evaluate(ParentRunner.java:268)
	at org.junit.runners.ParentRunner.run(ParentRunner.java:363)
	at cucumber.runtime.junit.FeatureRunner.run(FeatureRunner.java:70)
	at cucumber.api.junit.Cucumber.runChild(Cucumber.java:93)
	at cucumber.api.junit.Cucumber.runChild(Cucumber.java:37)
	at org.junit.runners.ParentRunner$3.run(ParentRunner.java:290)
	at org.junit.runners.ParentRunner$1.schedule(ParentRunner.java:71)
	at org.junit.runners.ParentRunner.runChildren(ParentRunner.java:288)
	at org.junit.runners.ParentRunner.access$000(ParentRunner.java:58)
	at org.junit.runners.ParentRunner$2.evaluate(ParentRunner.java:268)
	at org.junit.runners.ParentRunner.run(ParentRunner.java:363)
	at cucumber.api.junit.Cucumber.run(Cucumber.java:98)
	at junit.framework.JUnit4TestAdapter.run(JUnit4TestAdapter.java:38)
	at org.apache.tools.ant.taskdefs.optional.junit.JUnitTestRunner.run(JUnitTestRunner.java:535)
	at org.apache.tools.ant.taskdefs.optional.junit.JUnitTestRunner.launch(JUnitTestRunner.java:1182)
	at org.apache.tools.ant.taskdefs.optional.junit.JUnitTestRunner.main(JUnitTestRunner.java:1033)
]]></system-err>
</testsuite>
