<?xml version="1.0" encoding="UTF-8" ?>
<testsuite errors="8" failures="0" hostname="NUFLCNU417CBJ1" name="TempRunner" skipped="103" tests="1474" time="1492.601" timestamp="2016-09-20T11:25:41">
  <properties>
[...]
</properties>
  <testcase classname="Scenario: Anytime  12 months current - One Time Payment - success" name="Given I open the page &quot;waf&quot;" time="0.0" />
  <testcase classname="Scenario: Anytime  12 months current - One Time Payment - success" name="Then I am on page &quot;aber&quot;" time="0.0" />
  <testcase classname="Scenario: Anytime  12 months current - One Time Payment - success" name="When I click on fieldset element &quot;choose_membership_package_form_payment_type_once&quot;" time="0.0" />
  <testcase classname="Scenario: Anytime  12 months current - One Time Payment - success" name="When I click on fieldset element &quot;choose_membership_package_form_commitment_12&quot;" time="0.0" />
  <testcase classname="Scenario: Anytime  12 months current - One Time Payment - success" name="When I click on basket" time="0.0" />
  <testcase classname="Scenario: Anytime  12 months current - One Time Payment - success" name="Then I wait" time="0.0" />
  <testcase classname="Scenario: Anytime  12 months current - One Time Payment - success" name="Then I get amount value &quot;total&quot;" time="0.0" />
  <testcase classname="Scenario: Anytime  12 months current - One Time Payment - success" name="Then I get amount &quot;member&quot;" time="0.0" />
  <testcase classname="Scenario: Anytime  12 months current - One Time Payment - success" name="Then I grab amount &quot;fee&quot;" time="0.0" />
  <testcase classname="Scenario: Anytime  12 months current - One Time Payment - success" name="Then I grab amount &quot;prorata&quot;" time="0.0" />
  <testcase classname="Scenario: Anytime  12 months current - One Time Payment - success" name="Then I get amount &quot;monthly&quot;" time="0.0" />
  <testcase classname="Scenario: Anytime  12 months current - One Time Payment - success" name="Then I can see all figures good &quot;12&quot;" time="0.0" />
  <testcase classname="Scenario: Anytime  12 months current - One Time Payment - success" name="When I press button named &quot;commit&quot;" time="0.0" />
  <testcase classname="Scenario: Anytime  12 months current - One Time Payment - success" name="Then I am on page &quot;aber&quot;" time="0.0" />
  <testcase classname="Scenario: Anytime  12 months current - One Time Payment - success" name="When I select &quot;Mr&quot; in menu &quot;personal_details_form_title&quot;" time="0.0" />
  <testcase classname="Scenario: Anytime  12 months current - One Time Payment - success" name="When I fill dynamic field &quot;personal_details_form_first_name&quot; with &quot;firstname&quot;" time="0.0" />
  <testcase classname="Scenario: Anytime  12 months current - One Time Payment - success" name="When I fill dynamic field &quot;personal_details_form_last_name&quot; with &quot;lastname&quot;" time="0.0" />
  <testcase classname="Scenario: Anytime  12 months current - One Time Payment - success" name="When I click on element with id &quot;personal_details_form_date_of_birth_day&quot;" time="0.0" />
  <testcase classname="Scenario: Anytime  12 months current - One Time Payment - success" name="When I set to date &quot;1/1/1970&quot;" time="0.0" />
  <testcase classname="Scenario: Anytime  12 months current - One Time Payment - success" name="When I select &quot;Male&quot; in menu &quot;personal_details_form_gender&quot;" time="0.0" />
  <testcase classname="Scenario: Anytime  12 months current - One Time Payment - success" name="When I fill &quot;housenumber&quot; with &quot;473&quot;" time="0.0" />
  <testcase classname="Scenario: Anytime  12 months current - One Time Payment - success" name="When I fill &quot;postcode&quot; with &quot;IV448TZ&quot;" time="0.0" />
  <testcase classname="Scenario: Anytime  12 months current - One Time Payment - success" name="When I click on button name &quot;btn&quot;" time="0.0" />
  <testcase classname="Scenario: Anytime  12 months current - One Time Payment - success" name="When I fill &quot;mail&quot; with &quot;max.karpov@nuffieldhealth.com&quot;" time="0.01" />
  <testcase classname="Scenario: Anytime  12 months current - One Time Payment - success" name="When I fill &quot;emailconfirmation&quot; with &quot;max.karpov@nuffieldhealth.com&quot;" time="0.0" />
  <testcase classname="Scenario: Anytime  12 months current - One Time Payment - success" name="When I fill &quot;phone&quot; with &quot;07482716718&quot;" time="0.0" />
  <testcase classname="Scenario: Anytime  12 months current - One Time Payment - success" name="When I fill &quot;mobile&quot; with &quot;07482716718&quot;" time="0.0" />
  <testcase classname="Scenario: Anytime  12 months current - One Time Payment - success" name="When I click on fieldset element &quot;personal_details_form_unable_to_exercise_no&quot;" time="0.0" />
  <testcase classname="Scenario: Anytime  12 months current - One Time Payment - success" name="Then I wait" time="0.0" />
  <testcase classname="Scenario: Anytime  12 months current - One Time Payment - success" name="When I press button named &quot;commit&quot;" time="0.0" />
  <testcase classname="Scenario: Anytime  12 months current - One Time Payment - success" name="Then I am on page &quot;aber&quot;" time="0.0" />
  <testcase classname="Scenario: Anytime  12 months current - One Time Payment - success" name="When I scroll down" time="0.0" />
  <testcase classname="Scenario: Anytime  12 months current - One Time Payment - success" name="When I click on fieldset element &quot;summary_form_marketing_email&quot;" time="0.01" />
  <testcase classname="Scenario: Anytime  12 months current - One Time Payment - success" name="When I scroll down &quot;900&quot;" time="0.0" />
  <testcase classname="Scenario: Anytime  12 months current - One Time Payment - success" name="When I click on class &quot;form__row form__row--limestone form__custom-check&quot;" time="0.0" />
  <testcase classname="Scenario: Anytime  12 months current - One Time Payment - success" name="When I click on button name &quot;commit&quot;" time="0.0" />
  <testcase classname="Scenario: Anytime  12 months current - One Time Payment - success" name="Then I wait" time="0.0" />
  <testcase classname="Scenario: Anytime  12 months current - One Time Payment - success" name="When I click on button name &quot;VISA_brand&quot;" time="0.0" />
  <testcase classname="Scenario: Anytime  12 months current - One Time Payment - success" name="When I fill &quot;cardname&quot; with &quot;xyz&quot;" time="0.0" />
  <testcase classname="Scenario: Anytime  12 months current - One Time Payment - success" name="When I fill &quot;cardnumber&quot; with &quot;4111111111111111&quot;" time="0.0" />
  <testcase classname="Scenario: Anytime  12 months current - One Time Payment - success" name="When I select item &quot;2&quot; in menu &quot;Ecom_Payment_Card_ExpDate_Month&quot;" time="0.0" />
  <testcase classname="Scenario: Anytime  12 months current - One Time Payment - success" name="When I select item &quot;2&quot; in menu &quot;Ecom_Payment_Card_ExpDate_Year&quot;" time="0.0" />
  <testcase classname="Scenario: Anytime  12 months current - One Time Payment - success" name="When I fill &quot;cardyear&quot; with &quot;2017&quot;" time="0.0" />
  <testcase classname="Scenario: Anytime  12 months current - One Time Payment - success" name="When I fill &quot;cardcvs&quot; with &quot;737&quot;" time="0.0" />
  <testcase classname="Scenario: Anytime  12 months current - One Time Payment - success" name="When I click on button name &quot;payment&quot;" time="0.0" />
  <testcase classname="Scenario: Anytime  12 months current - One Time Payment - success" name="Then I wait for order id" time="0.0" />
  <testcase classname="Scenario: Anytime  12 months current - One Time Payment - success" name="Given I navigate to salesforce" time="0.01" />
  <testcase classname="Scenario: Anytime  12 months current - One Time Payment - success" name="When I enter Login and Password" time="0.0" />
  <testcase classname="Scenario: Anytime  12 months current - One Time Payment - success" name="Then I should login to Salesforce" time="0.0" />
  <testcase classname="Scenario: Anytime  12 months current - One Time Payment - success" name="When I switch to tab &quot;Opportunities&quot;" time="0.001" />
  <testcase classname="Scenario: Anytime  12 months current - One Time Payment - success" name="Then I am on page &quot;Opportunities&quot;" time="0.0" />
  <testcase classname="Scenario: Anytime  12 months current - One Time Payment - success" name="When I click on button name &quot;go&quot;" time="0.0" />
  <testcase classname="Scenario: Anytime  12 months current - One Time Payment - success" name="Then I am on page &quot;Opportunities&quot;" time="0.0" />
  <testcase classname="Scenario: Anytime  12 months current - One Time Payment - success" name="Then I open opportunity" time="0.0" />
  <testcase classname="Scenario: Anytime  12 months current - One Time Payment - success" name="Then I am on page &quot;Opportunity&quot;" time="0.0" />
  <testcase classname="Scenario: Anytime  12 months current - One Time Payment - success" name="Then I can see &quot;Site&quot; filled with &quot;Aberdeen&quot;" time="0.0" />
  <testcase classname="Scenario: Anytime  12 months current - One Time Payment - success" name="Then I can see &quot;Amount&quot; filled with &quot;total&quot;" time="0.0" />
  <testcase classname="Scenario: Anytime  12 months current - One Time Payment - success" name="Then I can see &quot;Order Reference&quot; filled with &quot;orid&quot;" time="0.0" />
  <testcase classname="Scenario: Anytime  12 months current - One Time Payment - success" name="Then I can see &quot;Payment Reference&quot; filled with &quot;pay&quot;" time="0.0" />
  <testcase classname="Scenario: Anytime  12 months current - One Time Payment - success" name="Then I do save" time="0.0" />
  <testcase classname="junit.framework.TestSuite" name="Scenario: Anytime  12 months current - One Time Payment - success" time="178.549" />
  <testcase classname="Scenario: Anytime  12 months Wellbeing current - One Time Payment - success" name="Given I open the page &quot;waf&quot;" time="0.0" />
  <testcase classname="Scenario: Anytime  12 months Wellbeing current - One Time Payment - success" name="Then I am on page &quot;aber&quot;" time="0.001" />
  <testcase classname="Scenario: Anytime  12 months Wellbeing current - One Time Payment - success" name="When I scroll down &quot;800&quot;" time="0.0" />
  <testcase classname="Scenario: Anytime  12 months Wellbeing current - One Time Payment - success" name="When I click on fieldset element &quot;choose_membership_package_form_payment_type_once&quot;" time="0.0" />
  <testcase classname="Scenario: Anytime  12 months Wellbeing current - One Time Payment - success" name="When I click on fieldset element &quot;choose_membership_package_form_commitment_12wellbeing&quot;" time="0.001" />
  <testcase classname="Scenario: Anytime  12 months Wellbeing current - One Time Payment - success" name="When I click on basket" time="0.0" />
  <testcase classname="Scenario: Anytime  12 months Wellbeing current - One Time Payment - success" name="Then I wait" time="0.0" />
  <testcase classname="Scenario: Anytime  12 months Wellbeing current - One Time Payment - success" name="Then I get amount value &quot;total&quot;" time="0.0" />
  <testcase classname="Scenario: Anytime  12 months Wellbeing current - One Time Payment - success" name="Then I get amount &quot;member&quot;" time="0.0" />
  <testcase classname="Scenario: Anytime  12 months Wellbeing current - One Time Payment - success" name="Then I grab amount &quot;fee&quot;" time="0.0" />
  <testcase classname="Scenario: Anytime  12 months Wellbeing current - One Time Payment - success" name="Then I grab amount &quot;prorata&quot;" time="0.0" />
  <testcase classname="Scenario: Anytime  12 months Wellbeing current - One Time Payment - success" name="Then I get amount &quot;monthly&quot;" time="0.0" />
  <testcase classname="Scenario: Anytime  12 months Wellbeing current - One Time Payment - success" name="Then I can see all figures good &quot;12&quot;" time="0.0" />
  <testcase classname="Scenario: Anytime  12 months Wellbeing current - One Time Payment - success" name="When I press button named &quot;commit&quot;" time="0.0" />
  <testcase classname="Scenario: Anytime  12 months Wellbeing current - One Time Payment - success" name="Then I am on page &quot;aber&quot;" time="0.0" />
  <testcase classname="Scenario: Anytime  12 months Wellbeing current - One Time Payment - success" name="When I select &quot;Mr&quot; in menu &quot;personal_details_form_title&quot;" time="0.0" />
  <testcase classname="Scenario: Anytime  12 months Wellbeing current - One Time Payment - success" name="When I fill dynamic field &quot;personal_details_form_first_name&quot; with &quot;firstname&quot;" time="0.0" />
  <testcase classname="Scenario: Anytime  12 months Wellbeing current - One Time Payment - success" name="When I fill dynamic field &quot;personal_details_form_last_name&quot; with &quot;lastname&quot;" time="0.0" />
  <testcase classname="Scenario: Anytime  12 months Wellbeing current - One Time Payment - success" name="When I click on element with id &quot;personal_details_form_date_of_birth_day&quot;" time="0.0" />
  <testcase classname="Scenario: Anytime  12 months Wellbeing current - One Time Payment - success" name="When I set to date &quot;1/1/1970&quot;" time="0.0" />
  <testcase classname="Scenario: Anytime  12 months Wellbeing current - One Time Payment - success" name="When I select &quot;Male&quot; in menu &quot;personal_details_form_gender&quot;" time="0.0" />
  <testcase classname="Scenario: Anytime  12 months Wellbeing current - One Time Payment - success" name="When I fill &quot;housenumber&quot; with &quot;473&quot;" time="0.0" />
  <testcase classname="Scenario: Anytime  12 months Wellbeing current - One Time Payment - success" name="When I fill &quot;postcode&quot; with &quot;IV448TZ&quot;" time="0.0" />
  <testcase classname="Scenario: Anytime  12 months Wellbeing current - One Time Payment - success" name="When I click on button name &quot;btn&quot;" time="0.0" />
  <testcase classname="Scenario: Anytime  12 months Wellbeing current - One Time Payment - success" name="When I fill &quot;mail&quot; with &quot;max.karpov@nuffieldhealth.com&quot;" time="0.0" />
  <testcase classname="Scenario: Anytime  12 months Wellbeing current - One Time Payment - success" name="When I fill &quot;emailconfirmation&quot; with &quot;max.karpov@nuffieldhealth.com&quot;" time="0.0" />
  <testcase classname="Scenario: Anytime  12 months Wellbeing current - One Time Payment - success" name="When I fill &quot;phone&quot; with &quot;07482716718&quot;" time="0.0" />
  <testcase classname="Scenario: Anytime  12 months Wellbeing current - One Time Payment - success" name="When I fill &quot;mobile&quot; with &quot;07482716718&quot;" time="0.0" />
  <testcase classname="Scenario: Anytime  12 months Wellbeing current - One Time Payment - success" name="When I click on fieldset element &quot;personal_details_form_unable_to_exercise_no&quot;" time="0.0" />
  <testcase classname="Scenario: Anytime  12 months Wellbeing current - One Time Payment - success" name="Then I wait" time="0.0" />
  <testcase classname="Scenario: Anytime  12 months Wellbeing current - One Time Payment - success" name="When I press button named &quot;commit&quot;" time="0.0" />
  <testcase classname="Scenario: Anytime  12 months Wellbeing current - One Time Payment - success" name="Then I am on page &quot;aber&quot;" time="0.0" />
  <testcase classname="Scenario: Anytime  12 months Wellbeing current - One Time Payment - success" name="When I scroll down" time="0.0" />
  <testcase classname="Scenario: Anytime  12 months Wellbeing current - One Time Payment - success" name="When I click on fieldset element &quot;summary_form_marketing_email&quot;" time="0.0" />
  <testcase classname="Scenario: Anytime  12 months Wellbeing current - One Time Payment - success" name="When I scroll down &quot;900&quot;" time="0.0" />
  <testcase classname="Scenario: Anytime  12 months Wellbeing current - One Time Payment - success" name="When I click on class &quot;form__row form__row--limestone form__custom-check&quot;" time="0.0" />
  <testcase classname="Scenario: Anytime  12 months Wellbeing current - One Time Payment - success" name="When I click on button name &quot;commit&quot;" time="0.0" />
  <testcase classname="Scenario: Anytime  12 months Wellbeing current - One Time Payment - success" name="Then I wait" time="0.0" />
  <testcase classname="Scenario: Anytime  12 months Wellbeing current - One Time Payment - success" name="When I click on button name &quot;VISA_brand&quot;" time="0.0" />
  <testcase classname="Scenario: Anytime  12 months Wellbeing current - One Time Payment - success" name="When I fill &quot;cardname&quot; with &quot;xyz&quot;" time="0.0" />
  <testcase classname="Scenario: Anytime  12 months Wellbeing current - One Time Payment - success" name="When I fill &quot;cardnumber&quot; with &quot;4111111111111111&quot;" time="0.0" />
  <testcase classname="Scenario: Anytime  12 months Wellbeing current - One Time Payment - success" name="When I select item &quot;2&quot; in menu &quot;Ecom_Payment_Card_ExpDate_Month&quot;" time="0.0" />
  <testcase classname="Scenario: Anytime  12 months Wellbeing current - One Time Payment - success" name="When I select item &quot;2&quot; in menu &quot;Ecom_Payment_Card_ExpDate_Year&quot;" time="0.0" />
  <testcase classname="Scenario: Anytime  12 months Wellbeing current - One Time Payment - success" name="When I fill &quot;cardyear&quot; with &quot;2017&quot;" time="0.0" />
  <testcase classname="Scenario: Anytime  12 months Wellbeing current - One Time Payment - success" name="When I fill &quot;cardcvs&quot; with &quot;737&quot;" time="0.0" />
  <testcase classname="Scenario: Anytime  12 months Wellbeing current - One Time Payment - success" name="When I click on button name &quot;payment&quot;" time="0.0" />
  <testcase classname="Scenario: Anytime  12 months Wellbeing current - One Time Payment - success" name="Then I wait for order id" time="0.0" />
  <testcase classname="Scenario: Anytime  12 months Wellbeing current - One Time Payment - success" name="Given I navigate to salesforce" time="0.0" />
  <testcase classname="Scenario: Anytime  12 months Wellbeing current - One Time Payment - success" name="When I enter Login and Password" time="0.0" />
  <testcase classname="Scenario: Anytime  12 months Wellbeing current - One Time Payment - success" name="Then I should login to Salesforce" time="0.0" />
  <testcase classname="Scenario: Anytime  12 months Wellbeing current - One Time Payment - success" name="When I switch to tab &quot;Opportunities&quot;" time="0.0" />
  <testcase classname="Scenario: Anytime  12 months Wellbeing current - One Time Payment - success" name="Then I am on page &quot;Opportunities&quot;" time="0.0" />
  <testcase classname="Scenario: Anytime  12 months Wellbeing current - One Time Payment - success" name="When I click on button name &quot;go&quot;" time="0.0" />
  <testcase classname="Scenario: Anytime  12 months Wellbeing current - One Time Payment - success" name="Then I am on page &quot;Opportunities&quot;" time="0.0" />
  <testcase classname="Scenario: Anytime  12 months Wellbeing current - One Time Payment - success" name="Then I open opportunity" time="0.0" />
  <testcase classname="Scenario: Anytime  12 months Wellbeing current - One Time Payment - success" name="Then I am on page &quot;Opportunity&quot;" time="0.0" />
  <testcase classname="Scenario: Anytime  12 months Wellbeing current - One Time Payment - success" name="Then I can see &quot;Site&quot; filled with &quot;Aberdeen&quot;" time="0.0" />
  <testcase classname="Scenario: Anytime  12 months Wellbeing current - One Time Payment - success" name="Then I can see &quot;Amount&quot; filled with &quot;total&quot;" time="0.0" />
  <testcase classname="Scenario: Anytime  12 months Wellbeing current - One Time Payment - success" name="Then I can see &quot;Order Reference&quot; filled with &quot;orid&quot;" time="0.0" />
  <testcase classname="Scenario: Anytime  12 months Wellbeing current - One Time Payment - success" name="Then I can see &quot;Payment Reference&quot; filled with &quot;pay&quot;" time="0.001" />
  <testcase classname="Scenario: Anytime  12 months Wellbeing current - One Time Payment - success" name="Then I do save" time="0.0" />
  <testcase classname="junit.framework.TestSuite" name="Scenario: Anytime  12 months Wellbeing current - One Time Payment - success" time="171.336" />
  <testcase classname="Scenario: Anytime  3 months current - One Time Payment - success" name="Given I open the page &quot;waf&quot;" time="0.0" />
  <testcase classname="Scenario: Anytime  3 months current - One Time Payment - success" name="Then I am on page &quot;aber&quot;" time="0.0" />
  <testcase classname="Scenario: Anytime  3 months current - One Time Payment - success" name="When I click on fieldset element &quot;choose_membership_package_form_payment_type_once&quot;" time="0.0" />
  <testcase classname="Scenario: Anytime  3 months current - One Time Payment - success" name="When I scroll up" time="0.001" />
  <testcase classname="Scenario: Anytime  3 months current - One Time Payment - success" name="When I click on fieldset element &quot;choose_membership_package_form_commitment_3&quot;" time="0.0" />
  <testcase classname="Scenario: Anytime  3 months current - One Time Payment - success" name="When I click on basket" time="0.001" />
  <testcase classname="Scenario: Anytime  3 months current - One Time Payment - success" name="Then I wait" time="0.0" />
  <testcase classname="Scenario: Anytime  3 months current - One Time Payment - success" name="Then I get amount value &quot;total&quot;" time="0.0" />
  <testcase classname="Scenario: Anytime  3 months current - One Time Payment - success" name="Then I get amount &quot;member&quot;" time="0.0" />
  <testcase classname="Scenario: Anytime  3 months current - One Time Payment - success" name="Then I grab amount &quot;fee&quot;" time="0.0" />
  <testcase classname="Scenario: Anytime  3 months current - One Time Payment - success" name="Then I grab amount &quot;prorata&quot;" time="0.0" />
  <testcase classname="Scenario: Anytime  3 months current - One Time Payment - success" name="Then I get amount &quot;monthly&quot;" time="0.0" />
  <testcase classname="Scenario: Anytime  3 months current - One Time Payment - success" name="Then I can see all figures good &quot;3&quot;" time="0.0" />
  <testcase classname="Scenario: Anytime  3 months current - One Time Payment - success" name="When I press button named &quot;commit&quot;" time="0.0" />
  <testcase classname="Scenario: Anytime  3 months current - One Time Payment - success" name="Then I am on page &quot;aber&quot;" time="0.0" />
  <testcase classname="Scenario: Anytime  3 months current - One Time Payment - success" name="When I select &quot;Mr&quot; in menu &quot;personal_details_form_title&quot;" time="0.001" />
  <testcase classname="Scenario: Anytime  3 months current - One Time Payment - success" name="When I fill dynamic field &quot;personal_details_form_first_name&quot; with &quot;firstname&quot;" time="0.0" />
  <testcase classname="Scenario: Anytime  3 months current - One Time Payment - success" name="When I fill dynamic field &quot;personal_details_form_last_name&quot; with &quot;lastname&quot;" time="0.0" />
  <testcase classname="Scenario: Anytime  3 months current - One Time Payment - success" name="When I click on element with id &quot;personal_details_form_date_of_birth_day&quot;" time="0.0" />
  <testcase classname="Scenario: Anytime  3 months current - One Time Payment - success" name="When I set to date &quot;1/1/1970&quot;" time="0.0" />
  <testcase classname="Scenario: Anytime  3 months current - One Time Payment - success" name="When I select &quot;Male&quot; in menu &quot;personal_details_form_gender&quot;" time="0.0" />
  <testcase classname="Scenario: Anytime  3 months current - One Time Payment - success" name="When I fill &quot;housenumber&quot; with &quot;473&quot;" time="0.0" />
  <testcase classname="Scenario: Anytime  3 months current - One Time Payment - success" name="When I fill &quot;postcode&quot; with &quot;IV448TZ&quot;" time="0.0" />
  <testcase classname="Scenario: Anytime  3 months current - One Time Payment - success" name="When I click on button name &quot;btn&quot;" time="0.0" />
  <testcase classname="Scenario: Anytime  3 months current - One Time Payment - success" name="When I fill &quot;mail&quot; with &quot;max.karpov@nuffieldhealth.com&quot;" time="0.0" />
  <testcase classname="Scenario: Anytime  3 months current - One Time Payment - success" name="When I fill &quot;emailconfirmation&quot; with &quot;max.karpov@nuffieldhealth.com&quot;" time="0.0" />
  <testcase classname="Scenario: Anytime  3 months current - One Time Payment - success" name="When I fill &quot;phone&quot; with &quot;07482716718&quot;" time="0.0" />
  <testcase classname="Scenario: Anytime  3 months current - One Time Payment - success" name="When I fill &quot;mobile&quot; with &quot;07482716718&quot;" time="0.0" />
  <testcase classname="Scenario: Anytime  3 months current - One Time Payment - success" name="When I click on fieldset element &quot;personal_details_form_unable_to_exercise_no&quot;" time="0.0" />
  <testcase classname="Scenario: Anytime  3 months current - One Time Payment - success" name="Then I wait" time="0.0" />
  <testcase classname="Scenario: Anytime  3 months current - One Time Payment - success" name="When I press button named &quot;commit&quot;" time="0.0" />
  <testcase classname="Scenario: Anytime  3 months current - One Time Payment - success" name="Then I am on page &quot;aber&quot;" time="0.0" />
  <testcase classname="Scenario: Anytime  3 months current - One Time Payment - success" name="When I scroll down" time="0.0" />
  <testcase classname="Scenario: Anytime  3 months current - One Time Payment - success" name="When I click on fieldset element &quot;summary_form_marketing_email&quot;" time="0.0" />
  <testcase classname="Scenario: Anytime  3 months current - One Time Payment - success" name="When I scroll down &quot;900&quot;" time="0.0" />
  <testcase classname="Scenario: Anytime  3 months current - One Time Payment - success" name="When I click on class &quot;form__row form__row--limestone form__custom-check&quot;" time="0.0" />
  <testcase classname="Scenario: Anytime  3 months current - One Time Payment - success" name="When I click on button name &quot;commit&quot;" time="0.0" />
  <testcase classname="Scenario: Anytime  3 months current - One Time Payment - success" name="Then I wait" time="0.0" />
  <testcase classname="Scenario: Anytime  3 months current - One Time Payment - success" name="When I click on button name &quot;VISA_brand&quot;" time="0.0" />
  <testcase classname="Scenario: Anytime  3 months current - One Time Payment - success" name="When I fill &quot;cardname&quot; with &quot;xyz&quot;" time="0.0" />
  <testcase classname="Scenario: Anytime  3 months current - One Time Payment - success" name="When I fill &quot;cardnumber&quot; with &quot;4111111111111111&quot;" time="0.0" />
  <testcase classname="Scenario: Anytime  3 months current - One Time Payment - success" name="When I select item &quot;2&quot; in menu &quot;Ecom_Payment_Card_ExpDate_Month&quot;" time="0.0" />
  <testcase classname="Scenario: Anytime  3 months current - One Time Payment - success" name="When I select item &quot;2&quot; in menu &quot;Ecom_Payment_Card_ExpDate_Year&quot;" time="0.0" />
  <testcase classname="Scenario: Anytime  3 months current - One Time Payment - success" name="When I fill &quot;cardyear&quot; with &quot;2017&quot;" time="0.0" />
  <testcase classname="Scenario: Anytime  3 months current - One Time Payment - success" name="When I fill &quot;cardcvs&quot; with &quot;737&quot;" time="0.0" />
  <testcase classname="Scenario: Anytime  3 months current - One Time Payment - success" name="When I click on button name &quot;payment&quot;" time="0.0" />
  <testcase classname="Scenario: Anytime  3 months current - One Time Payment - success" name="Then I wait for order id" time="0.0" />
  <testcase classname="Scenario: Anytime  3 months current - One Time Payment - success" name="Given I navigate to salesforce" time="0.0" />
  <testcase classname="Scenario: Anytime  3 months current - One Time Payment - success" name="When I enter Login and Password" time="0.0" />
  <testcase classname="Scenario: Anytime  3 months current - One Time Payment - success" name="Then I should login to Salesforce" time="0.0" />
  <testcase classname="Scenario: Anytime  3 months current - One Time Payment - success" name="When I switch to tab &quot;Opportunities&quot;" time="0.0" />
  <testcase classname="Scenario: Anytime  3 months current - One Time Payment - success" name="Then I am on page &quot;Opportunities&quot;" time="0.0" />
  <testcase classname="Scenario: Anytime  3 months current - One Time Payment - success" name="When I click on button name &quot;go&quot;" time="0.0" />
  <testcase classname="Scenario: Anytime  3 months current - One Time Payment - success" name="Then I am on page &quot;Opportunities&quot;" time="0.0" />
  <testcase classname="Scenario: Anytime  3 months current - One Time Payment - success" name="Then I open opportunity" time="0.0" />
  <testcase classname="Scenario: Anytime  3 months current - One Time Payment - success" name="Then I am on page &quot;Opportunity&quot;" time="0.0" />
  <testcase classname="Scenario: Anytime  3 months current - One Time Payment - success" name="Then I can see &quot;Site&quot; filled with &quot;Aberdeen&quot;" time="0.0" />
  <testcase classname="Scenario: Anytime  3 months current - One Time Payment - success" name="Then I can see &quot;Amount&quot; filled with &quot;total&quot;" time="0.0" />
  <testcase classname="Scenario: Anytime  3 months current - One Time Payment - success" name="Then I can see &quot;Order Reference&quot; filled with &quot;orid&quot;" time="0.0" />
  <testcase classname="Scenario: Anytime  3 months current - One Time Payment - success" name="Then I can see &quot;Payment Reference&quot; filled with &quot;pay&quot;" time="0.0" />
  <testcase classname="Scenario: Anytime  3 months current - One Time Payment - success" name="Then I do save" time="0.0" />
  <testcase classname="junit.framework.TestSuite" name="Scenario: Anytime  3 months current - One Time Payment - success" time="164.52" />
  <testcase classname="Scenario: Off peak -  12 months current - One Time Payment - success" name="Given I open the page &quot;waf&quot;" time="0.0" />
  <testcase classname="Scenario: Off peak -  12 months current - One Time Payment - success" name="Then I am on page &quot;aber&quot;" time="0.0" />
  <testcase classname="Scenario: Off peak -  12 months current - One Time Payment - success" name="When I scroll down &quot;390&quot;" time="0.0" />
  <testcase classname="Scenario: Off peak -  12 months current - One Time Payment - success" name="When I click text &quot;Off peak&quot;" time="0.0" />
  <testcase classname="Scenario: Off peak -  12 months current - One Time Payment - success" name="When I scroll down &quot;350&quot;" time="0.0" />
  <testcase classname="Scenario: Off peak -  12 months current - One Time Payment - success" name="When I click on fieldset element &quot;choose_membership_package_form_payment_type_once&quot;" time="0.0" />
  <testcase classname="Scenario: Off peak -  12 months current - One Time Payment - success" name="When I click on basket" time="0.0" />
  <testcase classname="Scenario: Off peak -  12 months current - One Time Payment - success" name="Then I wait" time="0.0" />
  <testcase classname="Scenario: Off peak -  12 months current - One Time Payment - success" name="Then I get amount value &quot;total&quot;" time="0.0" />
  <testcase classname="Scenario: Off peak -  12 months current - One Time Payment - success" name="Then I get amount &quot;member&quot;" time="0.0" />
  <testcase classname="Scenario: Off peak -  12 months current - One Time Payment - success" name="Then I grab amount &quot;fee&quot;" time="0.0" />
  <testcase classname="Scenario: Off peak -  12 months current - One Time Payment - success" name="Then I grab amount &quot;prorata&quot;" time="0.0" />
  <testcase classname="Scenario: Off peak -  12 months current - One Time Payment - success" name="Then I get amount &quot;monthly&quot;" time="0.0" />
  <testcase classname="Scenario: Off peak -  12 months current - One Time Payment - success" name="Then I can see all figures good &quot;12&quot;" time="0.0" />
  <testcase classname="Scenario: Off peak -  12 months current - One Time Payment - success" name="When I press button named &quot;commit&quot;" time="0.0" />
  <testcase classname="Scenario: Off peak -  12 months current - One Time Payment - success" name="Then I am on page &quot;aber&quot;" time="0.01" />
  <testcase classname="Scenario: Off peak -  12 months current - One Time Payment - success" name="When I select &quot;Mr&quot; in menu &quot;personal_details_form_title&quot;" time="0.0" />
  <testcase classname="Scenario: Off peak -  12 months current - One Time Payment - success" name="When I fill dynamic field &quot;personal_details_form_first_name&quot; with &quot;firstname&quot;" time="0.0" />
  <testcase classname="Scenario: Off peak -  12 months current - One Time Payment - success" name="When I fill dynamic field &quot;personal_details_form_last_name&quot; with &quot;lastname&quot;" time="0.0" />
  <testcase classname="Scenario: Off peak -  12 months current - One Time Payment - success" name="When I click on element with id &quot;personal_details_form_date_of_birth_day&quot;" time="0.0" />
  <testcase classname="Scenario: Off peak -  12 months current - One Time Payment - success" name="When I set to date &quot;1/1/1970&quot;" time="0.0" />
  <testcase classname="Scenario: Off peak -  12 months current - One Time Payment - success" name="When I select &quot;Male&quot; in menu &quot;personal_details_form_gender&quot;" time="0.0" />
  <testcase classname="Scenario: Off peak -  12 months current - One Time Payment - success" name="When I fill &quot;housenumber&quot; with &quot;473&quot;" time="0.0" />
  <testcase classname="Scenario: Off peak -  12 months current - One Time Payment - success" name="When I fill &quot;postcode&quot; with &quot;IV448TZ&quot;" time="0.0" />
  <testcase classname="Scenario: Off peak -  12 months current - One Time Payment - success" name="When I click on button name &quot;btn&quot;" time="0.0" />
  <testcase classname="Scenario: Off peak -  12 months current - One Time Payment - success" name="When I fill &quot;mail&quot; with &quot;max.karpov@nuffieldhealth.com&quot;" time="0.0" />
  <testcase classname="Scenario: Off peak -  12 months current - One Time Payment - success" name="When I fill &quot;emailconfirmation&quot; with &quot;max.karpov@nuffieldhealth.com&quot;" time="0.0" />
  <testcase classname="Scenario: Off peak -  12 months current - One Time Payment - success" name="When I fill &quot;phone&quot; with &quot;07482716718&quot;" time="0.0" />
  <testcase classname="Scenario: Off peak -  12 months current - One Time Payment - success" name="When I fill &quot;mobile&quot; with &quot;07482716718&quot;" time="0.0" />
  <testcase classname="Scenario: Off peak -  12 months current - One Time Payment - success" name="When I click on fieldset element &quot;personal_details_form_unable_to_exercise_no&quot;" time="0.0" />
  <testcase classname="Scenario: Off peak -  12 months current - One Time Payment - success" name="Then I wait" time="0.0" />
  <testcase classname="Scenario: Off peak -  12 months current - One Time Payment - success" name="When I press button named &quot;commit&quot;" time="0.0" />
  <testcase classname="Scenario: Off peak -  12 months current - One Time Payment - success" name="Then I am on page &quot;aber&quot;" time="0.0" />
  <testcase classname="Scenario: Off peak -  12 months current - One Time Payment - success" name="When I click on fieldset element &quot;summary_form_marketing_email&quot;" time="0.0" />
  <testcase classname="Scenario: Off peak -  12 months current - One Time Payment - success" name="When I scroll down &quot;900&quot;" time="0.0" />
  <testcase classname="Scenario: Off peak -  12 months current - One Time Payment - success" name="When I click on class &quot;form__row form__row--limestone form__custom-check&quot;" time="0.0" />
  <testcase classname="Scenario: Off peak -  12 months current - One Time Payment - success" name="When I click on button name &quot;commit&quot;" time="0.0" />
  <testcase classname="Scenario: Off peak -  12 months current - One Time Payment - success" name="Then I wait" time="0.0" />
  <testcase classname="Scenario: Off peak -  12 months current - One Time Payment - success" name="When I click on button name &quot;VISA_brand&quot;" time="0.0" />
  <testcase classname="Scenario: Off peak -  12 months current - One Time Payment - success" name="When I fill &quot;cardname&quot; with &quot;xyz&quot;" time="0.0" />
  <testcase classname="Scenario: Off peak -  12 months current - One Time Payment - success" name="When I fill &quot;cardnumber&quot; with &quot;4111111111111111&quot;" time="0.0" />
  <testcase classname="Scenario: Off peak -  12 months current - One Time Payment - success" name="When I select item &quot;2&quot; in menu &quot;Ecom_Payment_Card_ExpDate_Month&quot;" time="0.004">
    <error message="Unable to locate element: {&quot;method&quot;:&quot;id&quot;,&quot;selector&quot;:&quot;Ecom_Payment_Card_ExpDate_Month&quot;}&#xa;Command duration or timeout: 280 milliseconds&#xa;For documentation on this error, please visit: http://seleniumhq.org/exceptions/no_such_element.html&#xa;Build info: version: &apos;2.53.1&apos;, revision: &apos;a36b8b1cd5757287168e54b817830adce9b0158d&apos;, time: &apos;2016-06-30 19:26:09&apos;&#xa;System info: host: &apos;NUFLCNU417CBJ1&apos;, ip: &apos;10.152.1.245&apos;, os.name: &apos;Windows 7&apos;, os.arch: &apos;amd64&apos;, os.version: &apos;6.1&apos;, java.version: &apos;1.8.0_65&apos;&#xa;Driver info: org.openqa.selenium.firefox.FirefoxDriver&#xa;Capabilities [{applicationCacheEnabled=true, rotatable=false, handlesAlerts=true, databaseEnabled=true, version=47.0.1, platform=WINDOWS, nativeEvents=false, acceptSslCerts=true, webStorageEnabled=true, locationContextEnabled=true, browserName=firefox, takesScreenshot=true, javascriptEnabled=true, cssSelectorsEnabled=true}]&#xa;Session ID: 8fbd9979-1ad7-4552-a158-4bd2daf3207e&#xa;*** Element info: {Using=id, value=Ecom_Payment_Card_ExpDate_Month}" type="org.openqa.selenium.NoSuchElementException">org.openqa.selenium.NoSuchElementException: Unable to locate element: {&quot;method&quot;:&quot;id&quot;,&quot;selector&quot;:&quot;Ecom_Payment_Card_ExpDate_Month&quot;}
Command duration or timeout: 280 milliseconds
For documentation on this error, please visit: http://seleniumhq.org/exceptions/no_such_element.html
Build info: version: &apos;2.53.1&apos;, revision: &apos;a36b8b1cd5757287168e54b817830adce9b0158d&apos;, time: &apos;2016-06-30 19:26:09&apos;
System info: host: &apos;NUFLCNU417CBJ1&apos;, ip: &apos;10.152.1.245&apos;, os.name: &apos;Windows 7&apos;, os.arch: &apos;amd64&apos;, os.version: &apos;6.1&apos;, java.version: &apos;1.8.0_65&apos;
Driver info: org.openqa.selenium.firefox.FirefoxDriver
Capabilities [{applicationCacheEnabled=true, rotatable=false, handlesAlerts=true, databaseEnabled=true, version=47.0.1, platform=WINDOWS, nativeEvents=false, acceptSslCerts=true, webStorageEnabled=true, locationContextEnabled=true, browserName=firefox, takesScreenshot=true, javascriptEnabled=true, cssSelectorsEnabled=true}]
Session ID: 8fbd9979-1ad7-4552-a158-4bd2daf3207e
*** Element info: {Using=id, value=Ecom_Payment_Card_ExpDate_Month}
	at java.lang.reflect.Constructor.newInstance(Constructor.java:422)
	at org.openqa.selenium.remote.ErrorHandler.createThrowable(ErrorHandler.java:206)
	at org.openqa.selenium.remote.ErrorHandler.throwIfResponseFailed(ErrorHandler.java:158)
	at org.openqa.selenium.remote.RemoteWebDriver.execute(RemoteWebDriver.java:678)
	at org.openqa.selenium.remote.RemoteWebDriver.findElement(RemoteWebDriver.java:363)
	at org.openqa.selenium.remote.RemoteWebDriver.findElementById(RemoteWebDriver.java:413)
	at org.openqa.selenium.By$ById.findElement(By.java:218)
	at org.openqa.selenium.remote.RemoteWebDriver.findElement(RemoteWebDriver.java:355)
	at LoginTest.When_I_select_item_in_menu(LoginTest.java:2541)
	at ✽.When I select item &quot;2&quot; in menu &quot;Ecom_Payment_Card_ExpDate_Month&quot;(src/test/olj.feature:266)
Caused by: org.openqa.selenium.NoSuchElementException: Unable to locate element: {&quot;method&quot;:&quot;id&quot;,&quot;selector&quot;:&quot;Ecom_Payment_Card_ExpDate_Month&quot;}
For documentation on this error, please visit: http://seleniumhq.org/exceptions/no_such_element.html
Build info: version: &apos;2.53.1&apos;, revision: &apos;a36b8b1cd5757287168e54b817830adce9b0158d&apos;, time: &apos;2016-06-30 19:26:09&apos;
System info: host: &apos;NUFLCNU417CBJ1&apos;, ip: &apos;10.152.1.245&apos;, os.name: &apos;Windows 7&apos;, os.arch: &apos;amd64&apos;, os.version: &apos;6.1&apos;, java.version: &apos;1.8.0_65&apos;
Driver info: driver.version: unknown
	at &lt;anonymous class&gt;.FirefoxDriver.prototype.findElementInternal_(file:///C:/Users/maxkarpov/AppData/Local/Temp/anonymous6090747325058845820webdriver-profile/extensions/fxdriver@googlecode.com/components/driver-component.js:10770)
	at &lt;anonymous class&gt;.FirefoxDriver.prototype.findElement(file:///C:/Users/maxkarpov/AppData/Local/Temp/anonymous6090747325058845820webdriver-profile/extensions/fxdriver@googlecode.com/components/driver-component.js:10779)
	at &lt;anonymous class&gt;.DelayedCommand.prototype.executeInternal_/h(file:///C:/Users/maxkarpov/AppData/Local/Temp/anonymous6090747325058845820webdriver-profile/extensions/fxdriver@googlecode.com/components/command-processor.js:12661)
	at &lt;anonymous class&gt;.DelayedCommand.prototype.executeInternal_(file:///C:/Users/maxkarpov/AppData/Local/Temp/anonymous6090747325058845820webdriver-profile/extensions/fxdriver@googlecode.com/components/command-processor.js:12666)
	at &lt;anonymous class&gt;.DelayedCommand.prototype.execute/&lt;(file:///C:/Users/maxkarpov/AppData/Local/Temp/anonymous6090747325058845820webdriver-profile/extensions/fxdriver@googlecode.com/components/command-processor.js:12608)
</error>
  </testcase>
  <testcase classname="junit.framework.TestSuite" name="Scenario: Off peak -  12 months current - One Time Payment - success" time="50.472">
    <error message="Unable to locate element: {&quot;method&quot;:&quot;id&quot;,&quot;selector&quot;:&quot;Ecom_Payment_Card_ExpDate_Month&quot;}&#xa;Command duration or timeout: 280 milliseconds&#xa;For documentation on this error, please visit: http://seleniumhq.org/exceptions/no_such_element.html&#xa;Build info: version: &apos;2.53.1&apos;, revision: &apos;a36b8b1cd5757287168e54b817830adce9b0158d&apos;, time: &apos;2016-06-30 19:26:09&apos;&#xa;System info: host: &apos;NUFLCNU417CBJ1&apos;, ip: &apos;10.152.1.245&apos;, os.name: &apos;Windows 7&apos;, os.arch: &apos;amd64&apos;, os.version: &apos;6.1&apos;, java.version: &apos;1.8.0_65&apos;&#xa;Driver info: org.openqa.selenium.firefox.FirefoxDriver&#xa;Capabilities [{applicationCacheEnabled=true, rotatable=false, handlesAlerts=true, databaseEnabled=true, version=47.0.1, platform=WINDOWS, nativeEvents=false, acceptSslCerts=true, webStorageEnabled=true, locationContextEnabled=true, browserName=firefox, takesScreenshot=true, javascriptEnabled=true, cssSelectorsEnabled=true}]&#xa;Session ID: 8fbd9979-1ad7-4552-a158-4bd2daf3207e&#xa;*** Element info: {Using=id, value=Ecom_Payment_Card_ExpDate_Month}" type="org.openqa.selenium.NoSuchElementException">org.openqa.selenium.NoSuchElementException: Unable to locate element: {&quot;method&quot;:&quot;id&quot;,&quot;selector&quot;:&quot;Ecom_Payment_Card_ExpDate_Month&quot;}
Command duration or timeout: 280 milliseconds
For documentation on this error, please visit: http://seleniumhq.org/exceptions/no_such_element.html
Build info: version: &apos;2.53.1&apos;, revision: &apos;a36b8b1cd5757287168e54b817830adce9b0158d&apos;, time: &apos;2016-06-30 19:26:09&apos;
System info: host: &apos;NUFLCNU417CBJ1&apos;, ip: &apos;10.152.1.245&apos;, os.name: &apos;Windows 7&apos;, os.arch: &apos;amd64&apos;, os.version: &apos;6.1&apos;, java.version: &apos;1.8.0_65&apos;
Driver info: org.openqa.selenium.firefox.FirefoxDriver
Capabilities [{applicationCacheEnabled=true, rotatable=false, handlesAlerts=true, databaseEnabled=true, version=47.0.1, platform=WINDOWS, nativeEvents=false, acceptSslCerts=true, webStorageEnabled=true, locationContextEnabled=true, browserName=firefox, takesScreenshot=true, javascriptEnabled=true, cssSelectorsEnabled=true}]
Session ID: 8fbd9979-1ad7-4552-a158-4bd2daf3207e
*** Element info: {Using=id, value=Ecom_Payment_Card_ExpDate_Month}
	at java.lang.reflect.Constructor.newInstance(Constructor.java:422)
	at org.openqa.selenium.remote.ErrorHandler.createThrowable(ErrorHandler.java:206)
	at org.openqa.selenium.remote.ErrorHandler.throwIfResponseFailed(ErrorHandler.java:158)
	at org.openqa.selenium.remote.RemoteWebDriver.execute(RemoteWebDriver.java:678)
	at org.openqa.selenium.remote.RemoteWebDriver.findElement(RemoteWebDriver.java:363)
	at org.openqa.selenium.remote.RemoteWebDriver.findElementById(RemoteWebDriver.java:413)
	at org.openqa.selenium.By$ById.findElement(By.java:218)
	at org.openqa.selenium.remote.RemoteWebDriver.findElement(RemoteWebDriver.java:355)
	at LoginTest.When_I_select_item_in_menu(LoginTest.java:2541)
	at ✽.When I select item &quot;2&quot; in menu &quot;Ecom_Payment_Card_ExpDate_Month&quot;(src/test/olj.feature:266)
Caused by: org.openqa.selenium.NoSuchElementException: Unable to locate element: {&quot;method&quot;:&quot;id&quot;,&quot;selector&quot;:&quot;Ecom_Payment_Card_ExpDate_Month&quot;}
For documentation on this error, please visit: http://seleniumhq.org/exceptions/no_such_element.html
Build info: version: &apos;2.53.1&apos;, revision: &apos;a36b8b1cd5757287168e54b817830adce9b0158d&apos;, time: &apos;2016-06-30 19:26:09&apos;
System info: host: &apos;NUFLCNU417CBJ1&apos;, ip: &apos;10.152.1.245&apos;, os.name: &apos;Windows 7&apos;, os.arch: &apos;amd64&apos;, os.version: &apos;6.1&apos;, java.version: &apos;1.8.0_65&apos;
Driver info: driver.version: unknown
	at &lt;anonymous class&gt;.FirefoxDriver.prototype.findElementInternal_(file:///C:/Users/maxkarpov/AppData/Local/Temp/anonymous6090747325058845820webdriver-profile/extensions/fxdriver@googlecode.com/components/driver-component.js:10770)
	at &lt;anonymous class&gt;.FirefoxDriver.prototype.findElement(file:///C:/Users/maxkarpov/AppData/Local/Temp/anonymous6090747325058845820webdriver-profile/extensions/fxdriver@googlecode.com/components/driver-component.js:10779)
	at &lt;anonymous class&gt;.DelayedCommand.prototype.executeInternal_/h(file:///C:/Users/maxkarpov/AppData/Local/Temp/anonymous6090747325058845820webdriver-profile/extensions/fxdriver@googlecode.com/components/command-processor.js:12661)
	at &lt;anonymous class&gt;.DelayedCommand.prototype.executeInternal_(file:///C:/Users/maxkarpov/AppData/Local/Temp/anonymous6090747325058845820webdriver-profile/extensions/fxdriver@googlecode.com/components/command-processor.js:12666)
	at &lt;anonymous class&gt;.DelayedCommand.prototype.execute/&lt;(file:///C:/Users/maxkarpov/AppData/Local/Temp/anonymous6090747325058845820webdriver-profile/extensions/fxdriver@googlecode.com/components/command-processor.js:12608)
</error>
  </testcase>
  <testcase classname="Scenario: Off peak -  12 months current - One Time Payment - success" name="When I select item &quot;2&quot; in menu &quot;Ecom_Payment_Card_ExpDate_Year&quot;" time="0.0">
    <skipped />
  </testcase>
  <testcase classname="Scenario: Off peak -  12 months current - One Time Payment - success" name="When I fill &quot;cardyear&quot; with &quot;2017&quot;" time="0.0">
    <skipped />
  </testcase>
  <testcase classname="Scenario: Off peak -  12 months current - One Time Payment - success" name="When I fill &quot;cardcvs&quot; with &quot;737&quot;" time="0.0">
    <skipped />
  </testcase>
  <testcase classname="Scenario: Off peak -  12 months current - One Time Payment - success" name="When I click on button name &quot;payment&quot;" time="0.0">
    <skipped />
  </testcase>
  <testcase classname="Scenario: Off peak -  12 months current - One Time Payment - success" name="Then I wait for order id" time="0.0">
    <skipped />
  </testcase>
  <testcase classname="Scenario: Off peak -  12 months current - One Time Payment - success" name="Given I navigate to salesforce" time="0.0">
    <skipped />
  </testcase>
  <testcase classname="Scenario: Off peak -  12 months current - One Time Payment - success" name="When I enter Login and Password" time="0.0">
    <skipped />
  </testcase>
  <testcase classname="Scenario: Off peak -  12 months current - One Time Payment - success" name="Then I should login to Salesforce" time="0.0">
    <skipped />
  </testcase>
  <testcase classname="Scenario: Off peak -  12 months current - One Time Payment - success" name="When I switch to tab &quot;Opportunities&quot;" time="0.001">
    <skipped />
  </testcase>
  <testcase classname="Scenario: Off peak -  12 months current - One Time Payment - success" name="Then I am on page &quot;Opportunities&quot;" time="0.002">
    <skipped />
    <skipped />
  </testcase>
  <testcase classname="Scenario: Off peak -  12 months current - One Time Payment - success" name="When I click on button name &quot;go&quot;" time="0.0">
    <skipped />
  </testcase>
  <testcase classname="Scenario: Off peak -  12 months current - One Time Payment - success" name="Then I open opportunity" time="0.0">
    <skipped />
  </testcase>
  <testcase classname="Scenario: Off peak -  12 months current - One Time Payment - success" name="Then I am on page &quot;Opportunity&quot;" time="0.0">
    <skipped />
  </testcase>
  <testcase classname="Scenario: Off peak -  12 months current - One Time Payment - success" name="Then I can see &quot;Site&quot; filled with &quot;Aberdeen&quot;" time="0.0">
    <skipped />
  </testcase>
  <testcase classname="Scenario: Off peak -  12 months current - One Time Payment - success" name="Then I can see &quot;Amount&quot; filled with &quot;total&quot;" time="0.0">
    <skipped />
  </testcase>
  <testcase classname="Scenario: Off peak -  12 months current - One Time Payment - success" name="Then I can see &quot;Order Reference&quot; filled with &quot;orid&quot;" time="0.0">
    <skipped />
  </testcase>
  <testcase classname="Scenario: Off peak -  12 months current - One Time Payment - success" name="Then I can see &quot;Payment Reference&quot; filled with &quot;pay&quot;" time="0.0">
    <skipped />
  </testcase>
  <testcase classname="Scenario: Off peak -  12 months current - One Time Payment - success" name="Then I do save" time="0.0">
    <skipped />
  </testcase>
  <testcase classname="junit.framework.TestSuite" name="Scenario: Off peak -  12 months current - One Time Payment - success" time="50.487" />
  <testcase classname="Scenario: Off Peak  12 months Wellbeing current - One Time Payment - success" name="Given I open the page &quot;waf&quot;" time="0.0" />
  <testcase classname="Scenario: Off Peak  12 months Wellbeing current - One Time Payment - success" name="Then I am on page &quot;aber&quot;" time="0.0" />
  <testcase classname="Scenario: Off Peak  12 months Wellbeing current - One Time Payment - success" name="When I click on fieldset element &quot;choose_membership_package_form_commitment_12wellbeing&quot;" time="0.0" />
  <testcase classname="Scenario: Off Peak  12 months Wellbeing current - One Time Payment - success" name="When I click on fieldset element &quot;choose_membership_package_form_payment_type_once&quot;" time="0.0" />
  <testcase classname="Scenario: Off Peak  12 months Wellbeing current - One Time Payment - success" name="When I click span &quot;Off peak&quot;" time="0.0" />
  <testcase classname="Scenario: Off Peak  12 months Wellbeing current - One Time Payment - success" name="When I click on basket" time="0.0" />
  <testcase classname="Scenario: Off Peak  12 months Wellbeing current - One Time Payment - success" name="Then I wait" time="0.0" />
  <testcase classname="Scenario: Off Peak  12 months Wellbeing current - One Time Payment - success" name="Then I get amount value &quot;total&quot;" time="0.0" />
  <testcase classname="Scenario: Off Peak  12 months Wellbeing current - One Time Payment - success" name="Then I get amount &quot;member&quot;" time="0.0" />
  <testcase classname="Scenario: Off Peak  12 months Wellbeing current - One Time Payment - success" name="Then I grab amount &quot;fee&quot;" time="0.0" />
  <testcase classname="Scenario: Off Peak  12 months Wellbeing current - One Time Payment - success" name="Then I grab amount &quot;prorata&quot;" time="0.0" />
  <testcase classname="Scenario: Off Peak  12 months Wellbeing current - One Time Payment - success" name="Then I get amount &quot;monthly&quot;" time="0.0" />
  <testcase classname="Scenario: Off Peak  12 months Wellbeing current - One Time Payment - success" name="Then I can see all figures good &quot;12&quot;" time="0.0" />
  <testcase classname="Scenario: Off Peak  12 months Wellbeing current - One Time Payment - success" name="When I press button named &quot;commit&quot;" time="0.0" />
  <testcase classname="Scenario: Off Peak  12 months Wellbeing current - One Time Payment - success" name="Then I am on page &quot;aber&quot;" time="0.0" />
  <testcase classname="Scenario: Off Peak  12 months Wellbeing current - One Time Payment - success" name="When I select &quot;Mr&quot; in menu &quot;personal_details_form_title&quot;" time="0.0" />
  <testcase classname="Scenario: Off Peak  12 months Wellbeing current - One Time Payment - success" name="When I fill dynamic field &quot;personal_details_form_first_name&quot; with &quot;firstname&quot;" time="0.0" />
  <testcase classname="Scenario: Off Peak  12 months Wellbeing current - One Time Payment - success" name="When I fill dynamic field &quot;personal_details_form_last_name&quot; with &quot;lastname&quot;" time="0.0" />
  <testcase classname="Scenario: Off Peak  12 months Wellbeing current - One Time Payment - success" name="When I click on element with id &quot;personal_details_form_date_of_birth_day&quot;" time="0.0" />
  <testcase classname="Scenario: Off Peak  12 months Wellbeing current - One Time Payment - success" name="When I set to date &quot;1/1/1970&quot;" time="0.0" />
  <testcase classname="Scenario: Off Peak  12 months Wellbeing current - One Time Payment - success" name="When I select &quot;Male&quot; in menu &quot;personal_details_form_gender&quot;" time="0.0" />
  <testcase classname="Scenario: Off Peak  12 months Wellbeing current - One Time Payment - success" name="When I fill &quot;housenumber&quot; with &quot;473&quot;" time="0.0" />
  <testcase classname="Scenario: Off Peak  12 months Wellbeing current - One Time Payment - success" name="When I fill &quot;postcode&quot; with &quot;IV448TZ&quot;" time="0.0" />
  <testcase classname="Scenario: Off Peak  12 months Wellbeing current - One Time Payment - success" name="When I click on button name &quot;btn&quot;" time="0.0" />
  <testcase classname="Scenario: Off Peak  12 months Wellbeing current - One Time Payment - success" name="When I fill &quot;mail&quot; with &quot;max.karpov@nuffieldhealth.com&quot;" time="0.0" />
  <testcase classname="Scenario: Off Peak  12 months Wellbeing current - One Time Payment - success" name="When I fill &quot;emailconfirmation&quot; with &quot;max.karpov@nuffieldhealth.com&quot;" time="0.0" />
  <testcase classname="Scenario: Off Peak  12 months Wellbeing current - One Time Payment - success" name="When I fill &quot;phone&quot; with &quot;07482716718&quot;" time="0.0" />
  <testcase classname="Scenario: Off Peak  12 months Wellbeing current - One Time Payment - success" name="When I fill &quot;mobile&quot; with &quot;07482716718&quot;" time="0.0" />
  <testcase classname="Scenario: Off Peak  12 months Wellbeing current - One Time Payment - success" name="When I click on fieldset element &quot;personal_details_form_unable_to_exercise_no&quot;" time="0.0" />
  <testcase classname="Scenario: Off Peak  12 months Wellbeing current - One Time Payment - success" name="Then I wait" time="0.0" />
  <testcase classname="Scenario: Off Peak  12 months Wellbeing current - One Time Payment - success" name="When I press button named &quot;commit&quot;" time="0.0" />
  <testcase classname="Scenario: Off Peak  12 months Wellbeing current - One Time Payment - success" name="Then I am on page &quot;aber&quot;" time="0.0" />
  <testcase classname="Scenario: Off Peak  12 months Wellbeing current - One Time Payment - success" name="When I click on fieldset element &quot;summary_form_marketing_email&quot;" time="0.0" />
  <testcase classname="Scenario: Off Peak  12 months Wellbeing current - One Time Payment - success" name="When I scroll down &quot;900&quot;" time="0.0" />
  <testcase classname="Scenario: Off Peak  12 months Wellbeing current - One Time Payment - success" name="When I click on class &quot;form__row form__row--limestone form__custom-check&quot;" time="0.0" />
  <testcase classname="Scenario: Off Peak  12 months Wellbeing current - One Time Payment - success" name="When I click on button name &quot;commit&quot;" time="0.0" />
  <testcase classname="Scenario: Off Peak  12 months Wellbeing current - One Time Payment - success" name="Then I wait" time="0.0" />
  <testcase classname="Scenario: Off Peak  12 months Wellbeing current - One Time Payment - success" name="When I click on button name &quot;VISA_brand&quot;" time="0.0" />
  <testcase classname="Scenario: Off Peak  12 months Wellbeing current - One Time Payment - success" name="When I fill &quot;cardname&quot; with &quot;xyz&quot;" time="0.0" />
  <testcase classname="Scenario: Off Peak  12 months Wellbeing current - One Time Payment - success" name="When I fill &quot;cardnumber&quot; with &quot;4111111111111111&quot;" time="0.0" />
  <testcase classname="Scenario: Off Peak  12 months Wellbeing current - One Time Payment - success" name="When I select item &quot;2&quot; in menu &quot;Ecom_Payment_Card_ExpDate_Month&quot;" time="0.0" />
  <testcase classname="Scenario: Off Peak  12 months Wellbeing current - One Time Payment - success" name="When I select item &quot;2&quot; in menu &quot;Ecom_Payment_Card_ExpDate_Year&quot;" time="0.0" />
  <testcase classname="Scenario: Off Peak  12 months Wellbeing current - One Time Payment - success" name="When I fill &quot;cardyear&quot; with &quot;2017&quot;" time="0.0" />
  <testcase classname="Scenario: Off Peak  12 months Wellbeing current - One Time Payment - success" name="When I fill &quot;cardcvs&quot; with &quot;737&quot;" time="0.0" />
  <testcase classname="Scenario: Off Peak  12 months Wellbeing current - One Time Payment - success" name="When I click on button name &quot;payment&quot;" time="0.0" />
  <testcase classname="Scenario: Off Peak  12 months Wellbeing current - One Time Payment - success" name="Then I wait for order id" time="0.0" />
  <testcase classname="Scenario: Off Peak  12 months Wellbeing current - One Time Payment - success" name="Given I navigate to salesforce" time="0.0" />
  <testcase classname="Scenario: Off Peak  12 months Wellbeing current - One Time Payment - success" name="When I enter Login and Password" time="0.0" />
  <testcase classname="Scenario: Off Peak  12 months Wellbeing current - One Time Payment - success" name="Then I should login to Salesforce" time="0.0" />
  <testcase classname="Scenario: Off Peak  12 months Wellbeing current - One Time Payment - success" name="When I switch to tab &quot;Opportunities&quot;" time="0.0" />
  <testcase classname="Scenario: Off Peak  12 months Wellbeing current - One Time Payment - success" name="Then I am on page &quot;Opportunities&quot;" time="0.0" />
  <testcase classname="Scenario: Off Peak  12 months Wellbeing current - One Time Payment - success" name="When I click on button name &quot;go&quot;" time="0.0" />
  <testcase classname="Scenario: Off Peak  12 months Wellbeing current - One Time Payment - success" name="Then I am on page &quot;Opportunities&quot;" time="0.0" />
  <testcase classname="Scenario: Off Peak  12 months Wellbeing current - One Time Payment - success" name="Then I open opportunity" time="0.0" />
  <testcase classname="Scenario: Off Peak  12 months Wellbeing current - One Time Payment - success" name="Then I am on page &quot;Opportunity&quot;" time="0.0" />
  <testcase classname="Scenario: Off Peak  12 months Wellbeing current - One Time Payment - success" name="Then I can see &quot;Site&quot; filled with &quot;Aberdeen&quot;" time="0.0" />
  <testcase classname="Scenario: Off Peak  12 months Wellbeing current - One Time Payment - success" name="Then I can see &quot;Amount&quot; filled with &quot;total&quot;" time="0.0" />
  <testcase classname="Scenario: Off Peak  12 months Wellbeing current - One Time Payment - success" name="Then I can see &quot;Order Reference&quot; filled with &quot;orid&quot;" time="0.0" />
  <testcase classname="Scenario: Off Peak  12 months Wellbeing current - One Time Payment - success" name="Then I can see &quot;Payment Reference&quot; filled with &quot;pay&quot;" time="0.0" />
  <testcase classname="Scenario: Off Peak  12 months Wellbeing current - One Time Payment - success" name="Then I do save" time="0.0" />
  <testcase classname="junit.framework.TestSuite" name="Scenario: Off Peak  12 months Wellbeing current - One Time Payment - success" time="160.716" />
  <testcase classname="Scenario: Anytime  12 months current - Direct Debit - success" name="Given I open the page &quot;waf&quot;" time="0.0" />
  <testcase classname="Scenario: Anytime  12 months current - Direct Debit - success" name="Then I am on page &quot;aber&quot;" time="0.0" />
  <testcase classname="Scenario: Anytime  12 months current - Direct Debit - success" name="When I click on basket" time="0.0" />
  <testcase classname="Scenario: Anytime  12 months current - Direct Debit - success" name="Then I get amount value &quot;total&quot;" time="0.0" />
  <testcase classname="Scenario: Anytime  12 months current - Direct Debit - success" name="Then I grab amount &quot;fee&quot;" time="0.0" />
  <testcase classname="Scenario: Anytime  12 months current - Direct Debit - success" name="Then I grab amount &quot;prorata&quot;" time="0.0" />
  <testcase classname="Scenario: Anytime  12 months current - Direct Debit - success" name="Then I get amount &quot;monthly&quot;" time="0.0" />
  <testcase classname="Scenario: Anytime  12 months current - Direct Debit - success" name="Then I am on page &quot;aber&quot;" time="0.0" />
  <testcase classname="Scenario: Anytime  12 months current - Direct Debit - success" name="Then I check figures &quot;12&quot;" time="0.0" />
  <testcase classname="Scenario: Anytime  12 months current - Direct Debit - success" name="When I press button named &quot;commit&quot;" time="0.0" />
  <testcase classname="Scenario: Anytime  12 months current - Direct Debit - success" name="Then I am on page &quot;aber&quot;" time="0.0" />
  <testcase classname="Scenario: Anytime  12 months current - Direct Debit - success" name="When I select &quot;Mr&quot; in menu &quot;personal_details_form_title&quot;" time="0.0" />
  <testcase classname="Scenario: Anytime  12 months current - Direct Debit - success" name="When I fill &quot;fname&quot; with &quot;David&quot;" time="0.0" />
  <testcase classname="Scenario: Anytime  12 months current - Direct Debit - success" name="When I fill &quot;lname&quot; with &quot;Archer&quot;" time="0.0" />
  <testcase classname="Scenario: Anytime  12 months current - Direct Debit - success" name="When I click on element with id &quot;personal_details_form_date_of_birth_day&quot;" time="0.0" />
  <testcase classname="Scenario: Anytime  12 months current - Direct Debit - success" name="When I set to date &quot;1/2/1947&quot;" time="0.0" />
  <testcase classname="Scenario: Anytime  12 months current - Direct Debit - success" name="When I select &quot;Male&quot; in menu &quot;personal_details_form_gender&quot;" time="0.0" />
  <testcase classname="Scenario: Anytime  12 months current - Direct Debit - success" name="When I fill &quot;housenumber&quot; with &quot;530&quot;" time="0.0" />
  <testcase classname="Scenario: Anytime  12 months current - Direct Debit - success" name="When I fill &quot;postcode&quot; with &quot;BA133BN&quot;" time="0.0" />
  <testcase classname="Scenario: Anytime  12 months current - Direct Debit - success" name="When I click on button name &quot;btn&quot;" time="0.0" />
  <testcase classname="Scenario: Anytime  12 months current - Direct Debit - success" name="When I fill &quot;mail&quot; with &quot;max.karpov@nuffieldhealth.com&quot;" time="0.0" />
  <testcase classname="Scenario: Anytime  12 months current - Direct Debit - success" name="When I fill &quot;emailconfirmation&quot; with &quot;max.karpov@nuffieldhealth.com&quot;" time="0.0" />
  <testcase classname="Scenario: Anytime  12 months current - Direct Debit - success" name="When I fill &quot;phone&quot; with &quot;07482716718&quot;" time="0.0" />
  <testcase classname="Scenario: Anytime  12 months current - Direct Debit - success" name="When I fill &quot;mobile&quot; with &quot;07482716718&quot;" time="0.0" />
  <testcase classname="Scenario: Anytime  12 months current - Direct Debit - success" name="When I click on fieldset element &quot;personal_details_form_unable_to_exercise_no&quot;" time="0.0" />
  <testcase classname="Scenario: Anytime  12 months current - Direct Debit - success" name="When I press button named &quot;commit&quot;" time="0.0" />
  <testcase classname="Scenario: Anytime  12 months current - Direct Debit - success" name="Then I am on page &quot;aber&quot;" time="0.0" />
  <testcase classname="Scenario: Anytime  12 months current - Direct Debit - success" name="When I click on fieldset element &quot;summary_form_marketing_email&quot;" time="0.0" />
  <testcase classname="Scenario: Anytime  12 months current - Direct Debit - success" name="When I scroll down &quot;900&quot;" time="0.0" />
  <testcase classname="Scenario: Anytime  12 months current - Direct Debit - success" name="When I click on class &quot;form__row form__row--limestone form__custom-check&quot;" time="0.0" />
  <testcase classname="Scenario: Anytime  12 months current - Direct Debit - success" name="When I click on button name &quot;commit&quot;" time="0.0" />
  <testcase classname="Scenario: Anytime  12 months current - Direct Debit - success" name="Then I am on page &quot;aber&quot;" time="0.0" />
  <testcase classname="Scenario: Anytime  12 months current - Direct Debit - success" name="When I click on label &quot;direct_debit_form_confirm&quot;" time="0.0" />
  <testcase classname="Scenario: Anytime  12 months current - Direct Debit - success" name="When I click on button name &quot;commit&quot;" time="0.0" />
  <testcase classname="Scenario: Anytime  12 months current - Direct Debit - success" name="When I fill number field &quot;direct_debit_account_details_form_account_number&quot; with &quot;40308669&quot;" time="0.002">
    <error message="document.getElementById(...) is null&#xa;Command duration or timeout: 27 milliseconds&#xa;Build info: version: &apos;2.53.1&apos;, revision: &apos;a36b8b1cd5757287168e54b817830adce9b0158d&apos;, time: &apos;2016-06-30 19:26:09&apos;&#xa;System info: host: &apos;NUFLCNU417CBJ1&apos;, ip: &apos;10.152.1.245&apos;, os.name: &apos;Windows 7&apos;, os.arch: &apos;amd64&apos;, os.version: &apos;6.1&apos;, java.version: &apos;1.8.0_65&apos;&#xa;Driver info: org.openqa.selenium.firefox.FirefoxDriver&#xa;Capabilities [{applicationCacheEnabled=true, rotatable=false, handlesAlerts=true, databaseEnabled=true, version=47.0.1, platform=WINDOWS, nativeEvents=false, acceptSslCerts=true, webStorageEnabled=true, locationContextEnabled=true, browserName=firefox, takesScreenshot=true, javascriptEnabled=true, cssSelectorsEnabled=true}]&#xa;Session ID: 7c493d93-05bb-4590-bb7f-5bfe470989f4" type="org.openqa.selenium.WebDriverException">org.openqa.selenium.WebDriverException: document.getElementById(...) is null
Command duration or timeout: 27 milliseconds
Build info: version: &apos;2.53.1&apos;, revision: &apos;a36b8b1cd5757287168e54b817830adce9b0158d&apos;, time: &apos;2016-06-30 19:26:09&apos;
System info: host: &apos;NUFLCNU417CBJ1&apos;, ip: &apos;10.152.1.245&apos;, os.name: &apos;Windows 7&apos;, os.arch: &apos;amd64&apos;, os.version: &apos;6.1&apos;, java.version: &apos;1.8.0_65&apos;
Driver info: org.openqa.selenium.firefox.FirefoxDriver
Capabilities [{applicationCacheEnabled=true, rotatable=false, handlesAlerts=true, databaseEnabled=true, version=47.0.1, platform=WINDOWS, nativeEvents=false, acceptSslCerts=true, webStorageEnabled=true, locationContextEnabled=true, browserName=firefox, takesScreenshot=true, javascriptEnabled=true, cssSelectorsEnabled=true}]
Session ID: 7c493d93-05bb-4590-bb7f-5bfe470989f4
	at java.lang.reflect.Constructor.newInstance(Constructor.java:422)
	at org.openqa.selenium.remote.ErrorHandler.createThrowable(ErrorHandler.java:206)
	at org.openqa.selenium.remote.ErrorHandler.throwIfResponseFailed(ErrorHandler.java:158)
	at org.openqa.selenium.remote.RemoteWebDriver.execute(RemoteWebDriver.java:678)
	at org.openqa.selenium.remote.RemoteWebDriver.executeScript(RemoteWebDriver.java:577)
	at LoginTest.When_I_fill_number_field(LoginTest.java:172)
	at ✽.When I fill number field &quot;direct_debit_account_details_form_account_number&quot; with &quot;40308669&quot;(src/test/olj.feature:402)
Caused by: org.openqa.selenium.WebDriverException: document.getElementById(...) is null
Build info: version: &apos;2.53.1&apos;, revision: &apos;a36b8b1cd5757287168e54b817830adce9b0158d&apos;, time: &apos;2016-06-30 19:26:09&apos;
System info: host: &apos;NUFLCNU417CBJ1&apos;, ip: &apos;10.152.1.245&apos;, os.name: &apos;Windows 7&apos;, os.arch: &apos;amd64&apos;, os.version: &apos;6.1&apos;, java.version: &apos;1.8.0_65&apos;
Driver info: driver.version: unknown
	at &lt;anonymous class&gt;.anonymous(https://payments.nuffield.uat.fridayengineering.net/personal-details line 69 &gt; Function:1)
	at &lt;anonymous class&gt;.handleEvaluateEvent(https://payments.nuffield.uat.fridayengineering.net/personal-details:69)
</error>
  </testcase>
  <testcase classname="junit.framework.TestSuite" name="Scenario: Anytime  12 months current - Direct Debit - success" time="63.913">
    <error message="document.getElementById(...) is null&#xa;Command duration or timeout: 27 milliseconds&#xa;Build info: version: &apos;2.53.1&apos;, revision: &apos;a36b8b1cd5757287168e54b817830adce9b0158d&apos;, time: &apos;2016-06-30 19:26:09&apos;&#xa;System info: host: &apos;NUFLCNU417CBJ1&apos;, ip: &apos;10.152.1.245&apos;, os.name: &apos;Windows 7&apos;, os.arch: &apos;amd64&apos;, os.version: &apos;6.1&apos;, java.version: &apos;1.8.0_65&apos;&#xa;Driver info: org.openqa.selenium.firefox.FirefoxDriver&#xa;Capabilities [{applicationCacheEnabled=true, rotatable=false, handlesAlerts=true, databaseEnabled=true, version=47.0.1, platform=WINDOWS, nativeEvents=false, acceptSslCerts=true, webStorageEnabled=true, locationContextEnabled=true, browserName=firefox, takesScreenshot=true, javascriptEnabled=true, cssSelectorsEnabled=true}]&#xa;Session ID: 7c493d93-05bb-4590-bb7f-5bfe470989f4" type="org.openqa.selenium.WebDriverException">org.openqa.selenium.WebDriverException: document.getElementById(...) is null
Command duration or timeout: 27 milliseconds
Build info: version: &apos;2.53.1&apos;, revision: &apos;a36b8b1cd5757287168e54b817830adce9b0158d&apos;, time: &apos;2016-06-30 19:26:09&apos;
System info: host: &apos;NUFLCNU417CBJ1&apos;, ip: &apos;10.152.1.245&apos;, os.name: &apos;Windows 7&apos;, os.arch: &apos;amd64&apos;, os.version: &apos;6.1&apos;, java.version: &apos;1.8.0_65&apos;
Driver info: org.openqa.selenium.firefox.FirefoxDriver
Capabilities [{applicationCacheEnabled=true, rotatable=false, handlesAlerts=true, databaseEnabled=true, version=47.0.1, platform=WINDOWS, nativeEvents=false, acceptSslCerts=true, webStorageEnabled=true, locationContextEnabled=true, browserName=firefox, takesScreenshot=true, javascriptEnabled=true, cssSelectorsEnabled=true}]
Session ID: 7c493d93-05bb-4590-bb7f-5bfe470989f4
	at java.lang.reflect.Constructor.newInstance(Constructor.java:422)
	at org.openqa.selenium.remote.ErrorHandler.createThrowable(ErrorHandler.java:206)
	at org.openqa.selenium.remote.ErrorHandler.throwIfResponseFailed(ErrorHandler.java:158)
	at org.openqa.selenium.remote.RemoteWebDriver.execute(RemoteWebDriver.java:678)
	at org.openqa.selenium.remote.RemoteWebDriver.executeScript(RemoteWebDriver.java:577)
	at LoginTest.When_I_fill_number_field(LoginTest.java:172)
	at ✽.When I fill number field &quot;direct_debit_account_details_form_account_number&quot; with &quot;40308669&quot;(src/test/olj.feature:402)
Caused by: org.openqa.selenium.WebDriverException: document.getElementById(...) is null
Build info: version: &apos;2.53.1&apos;, revision: &apos;a36b8b1cd5757287168e54b817830adce9b0158d&apos;, time: &apos;2016-06-30 19:26:09&apos;
System info: host: &apos;NUFLCNU417CBJ1&apos;, ip: &apos;10.152.1.245&apos;, os.name: &apos;Windows 7&apos;, os.arch: &apos;amd64&apos;, os.version: &apos;6.1&apos;, java.version: &apos;1.8.0_65&apos;
Driver info: driver.version: unknown
	at &lt;anonymous class&gt;.anonymous(https://payments.nuffield.uat.fridayengineering.net/personal-details line 69 &gt; Function:1)
	at &lt;anonymous class&gt;.handleEvaluateEvent(https://payments.nuffield.uat.fridayengineering.net/personal-details:69)
</error>
  </testcase>
  <testcase classname="Scenario: Anytime  12 months current - Direct Debit - success" name="When I fill number field &quot;direct_debit_account_details_form_sort_code_p1&quot; with &quot;56&quot;" time="0.001">
    <skipped />
  </testcase>
  <testcase classname="Scenario: Anytime  12 months current - Direct Debit - success" name="When I fill number field &quot;direct_debit_account_details_form_sort_code_p2&quot; with &quot;00&quot;" time="0.0">
    <skipped />
  </testcase>
  <testcase classname="Scenario: Anytime  12 months current - Direct Debit - success" name="When I fill number field &quot;direct_debit_account_details_form_sort_code_p3&quot; with &quot;36&quot;" time="0.0">
    <skipped />
  </testcase>
  <testcase classname="Scenario: Anytime  12 months current - Direct Debit - success" name="When I fill &quot;holder&quot; with &quot;David Archer&quot;" time="0.0">
    <skipped />
  </testcase>
  <testcase classname="Scenario: Anytime  12 months current - Direct Debit - success" name="When I press button named &quot;commit&quot;" time="36.074">
    <skipped />
    <skipped />
  </testcase>
  <testcase classname="Scenario: Anytime  12 months current - Direct Debit - success" name="Then I am on page &quot;aber&quot;" time="0.108">
    <skipped />
    <skipped />
  </testcase>
  <testcase classname="Scenario: Anytime  12 months current - Direct Debit - success" name="When I click on &quot;NEXT&quot;" time="0.0">
    <skipped />
  </testcase>
  <testcase classname="Scenario: Anytime  12 months current - Direct Debit - success" name="Then I am on page &quot;pay&quot;" time="0.0">
    <skipped />
  </testcase>
  <testcase classname="Scenario: Anytime  12 months current - Direct Debit - success" name="Then I wait" time="0.0">
    <skipped />
  </testcase>
  <testcase classname="Scenario: Anytime  12 months current - Direct Debit - success" name="When I click on button name &quot;VISA_brand&quot;" time="0.0">
    <skipped />
  </testcase>
  <testcase classname="Scenario: Anytime  12 months current - Direct Debit - success" name="When I fill &quot;cardname&quot; with &quot;xyz&quot;" time="0.0">
    <skipped />
  </testcase>
  <testcase classname="Scenario: Anytime  12 months current - Direct Debit - success" name="When I fill &quot;cardnumber&quot; with &quot;4111111111111111&quot;" time="0.0">
    <skipped />
  </testcase>
  <testcase classname="Scenario: Anytime  12 months current - Direct Debit - success" name="When I select item &quot;2&quot; in menu &quot;Ecom_Payment_Card_ExpDate_Month&quot;" time="0.001">
    <skipped />
  </testcase>
  <testcase classname="Scenario: Anytime  12 months current - Direct Debit - success" name="When I select item &quot;2&quot; in menu &quot;Ecom_Payment_Card_ExpDate_Year&quot;" time="0.0">
    <skipped />
  </testcase>
  <testcase classname="Scenario: Anytime  12 months current - Direct Debit - success" name="When I fill &quot;cardyear&quot; with &quot;2017&quot;" time="0.0">
    <skipped />
  </testcase>
  <testcase classname="Scenario: Anytime  12 months current - Direct Debit - success" name="When I fill &quot;cardcvs&quot; with &quot;737&quot;" time="0.0">
    <skipped />
  </testcase>
  <testcase classname="Scenario: Anytime  12 months current - Direct Debit - success" name="When I click on button name &quot;payment&quot;" time="0.0">
    <skipped />
  </testcase>
  <testcase classname="Scenario: Anytime  12 months current - Direct Debit - success" name="Then I wait for order id" time="0.0">
    <skipped />
  </testcase>
  <testcase classname="Scenario: Anytime  12 months current - Direct Debit - success" name="Given I navigate to salesforce" time="0.0">
    <skipped />
  </testcase>
  <testcase classname="Scenario: Anytime  12 months current - Direct Debit - success" name="When I enter Login and Password" time="0.0">
    <skipped />
  </testcase>
  <testcase classname="Scenario: Anytime  12 months current - Direct Debit - success" name="Then I should login to Salesforce" time="0.0">
    <skipped />
  </testcase>
  <testcase classname="Scenario: Anytime  12 months current - Direct Debit - success" name="When I switch to tab &quot;Opportunities&quot;" time="0.0">
    <skipped />
  </testcase>
  <testcase classname="Scenario: Anytime  12 months current - Direct Debit - success" name="Then I am on page &quot;Opportunities&quot;" time="0.001">
    <skipped />
    <skipped />
  </testcase>
  <testcase classname="Scenario: Anytime  12 months current - Direct Debit - success" name="When I click on button name &quot;go&quot;" time="0.0">
    <skipped />
  </testcase>
  <testcase classname="Scenario: Anytime  12 months current - Direct Debit - success" name="Then I open opportunity" time="0.0">
    <skipped />
  </testcase>
[...]
  <testcase classname="Scenario: Offpeak  3 months current - Direct Debit - success" name="When I fill number field &quot;direct_debit_account_details_form_sort_code_p1&quot; with &quot;56&quot;" time="0.0" />
  <testcase classname="Scenario: Offpeak  3 months current - Direct Debit - success" name="When I fill number field &quot;direct_debit_account_details_form_sort_code_p2&quot; with &quot;00&quot;" time="0.0" />
  <testcase classname="Scenario: Offpeak  3 months current - Direct Debit - success" name="When I fill number field &quot;direct_debit_account_details_form_sort_code_p3&quot; with &quot;36&quot;" time="0.0" />
  <testcase classname="Scenario: Offpeak  3 months current - Direct Debit - success" name="When I fill &quot;holder&quot; with &quot;David Archer&quot;" time="0.0" />
  <testcase classname="Scenario: Offpeak  3 months current - Direct Debit - success" name="When I press button named &quot;commit&quot;" time="0.0" />
  <testcase classname="Scenario: Offpeak  3 months current - Direct Debit - success" name="Then I am on page &quot;aber&quot;" time="0.0" />
  <testcase classname="Scenario: Offpeak  3 months current - Direct Debit - success" name="When I press button named &quot;commit&quot;" time="0.0" />
  <testcase classname="Scenario: Offpeak  3 months current - Direct Debit - success" name="Then I am on page &quot;aber&quot;" time="0.0" />
  <testcase classname="Scenario: Offpeak  3 months current - Direct Debit - success" name="When I click on &quot;NEXT&quot;" time="0.0" />
  <testcase classname="Scenario: Offpeak  3 months current - Direct Debit - success" name="Then I am on page &quot;pay&quot;" time="0.0" />
  <testcase classname="Scenario: Offpeak  3 months current - Direct Debit - success" name="When I click on button name &quot;VISA_brand&quot;" time="0.0" />
  <testcase classname="Scenario: Offpeak  3 months current - Direct Debit - success" name="When I fill &quot;cardname&quot; with &quot;xyz&quot;" time="0.0" />
  <testcase classname="Scenario: Offpeak  3 months current - Direct Debit - success" name="When I fill &quot;cardnumber&quot; with &quot;4111111111111111&quot;" time="0.0" />
  <testcase classname="Scenario: Offpeak  3 months current - Direct Debit - success" name="When I select item &quot;2&quot; in menu &quot;Ecom_Payment_Card_ExpDate_Month&quot;" time="0.0" />
  <testcase classname="Scenario: Offpeak  3 months current - Direct Debit - success" name="When I select item &quot;2&quot; in menu &quot;Ecom_Payment_Card_ExpDate_Year&quot;" time="0.0" />
  <testcase classname="Scenario: Offpeak  3 months current - Direct Debit - success" name="When I fill &quot;cardyear&quot; with &quot;2017&quot;" time="0.0" />
  <testcase classname="Scenario: Offpeak  3 months current - Direct Debit - success" name="When I fill &quot;cardcvs&quot; with &quot;737&quot;" time="0.0" />
  <testcase classname="Scenario: Offpeak  3 months current - Direct Debit - success" name="When I click on button name &quot;payment&quot;" time="0.0" />
  <testcase classname="Scenario: Offpeak  3 months current - Direct Debit - success" name="Then I wait for order id" time="0.0" />
  <testcase classname="Scenario: Offpeak  3 months current - Direct Debit - success" name="Given I navigate to salesforce" time="0.0" />
  <testcase classname="Scenario: Offpeak  3 months current - Direct Debit - success" name="When I enter Login and Password" time="0.0" />
  <testcase classname="Scenario: Offpeak  3 months current - Direct Debit - success" name="Then I should login to Salesforce" time="0.0" />
  <testcase classname="Scenario: Offpeak  3 months current - Direct Debit - success" name="When I switch to tab &quot;Opportunities&quot;" time="0.0" />
  <testcase classname="Scenario: Offpeak  3 months current - Direct Debit - success" name="Then I am on page &quot;Opportunities&quot;" time="0.0" />
  <testcase classname="Scenario: Offpeak  3 months current - Direct Debit - success" name="When I click on button name &quot;go&quot;" time="0.0" />
  <testcase classname="Scenario: Offpeak  3 months current - Direct Debit - success" name="Then I am on page &quot;Opportunities&quot;" time="0.0" />
  <testcase classname="Scenario: Offpeak  3 months current - Direct Debit - success" name="Then I open opportunity" time="0.0" />
  <testcase classname="Scenario: Offpeak  3 months current - Direct Debit - success" name="Then I am on page &quot;Opportunity&quot;" time="0.0" />
  <testcase classname="Scenario: Offpeak  3 months current - Direct Debit - success" name="Then I can see &quot;Site&quot; filled with &quot;Aberdeen&quot;" time="0.0" />
  <testcase classname="Scenario: Offpeak  3 months current - Direct Debit - success" name="Then I can see total is accurate &quot;3&quot;" time="0.0" />
  <testcase classname="Scenario: Offpeak  3 months current - Direct Debit - success" name="Then I can see &quot;Order Reference&quot; filled with &quot;orid&quot;" time="0.0" />
  <testcase classname="Scenario: Offpeak  3 months current - Direct Debit - success" name="Then I can see &quot;Payment Reference&quot; filled with &quot;pay&quot;" time="0.0" />
  <testcase classname="Scenario: Offpeak  3 months current - Direct Debit - success" name="Then I do save" time="0.0" />
  <testcase classname="junit.framework.TestSuite" name="Scenario: Offpeak  3 months current - Direct Debit - success" time="201.972" />
  <system-out><![CDATA[TEST COMPLETED: Anytime  12 months current - One Time Payment - success
TEST COMPLETED: Anytime  12 months Wellbeing current - One Time Payment - success
TEST COMPLETED: Anytime  3 months current - One Time Payment - success
TEST COMPLETED: Off Peak  12 months Wellbeing current - One Time Payment - success
Error was captured in field total to pay today 117.03does not match 46.03. Continue?
null
ready?
null
ready?
null
TEST COMPLETED: Off peak  12 months current - Direct Debit - success
TEST COMPLETED: Offpeak  12 months WB - current date - Direct Debit - success
TEST COMPLETED: Offpeak  3 months current - Direct Debit - success

[31mFailed scenarios:[0m
[31msrc/test/olj.feature:221 [0m# Scenario: Off peak -  12 months current - One Time Payment - success
[31msrc/test/olj.feature:364 [0m# Scenario: Anytime  12 months current - Direct Debit - success
[31msrc/test/olj.feature:442 [0m# Scenario: Anytime  12 months WB - current date - Direct Debit - success
[31msrc/test/olj.feature:523 [0m# Scenario: Anytime  3 months current - Direct Debit - success

11 Scenarios ([31m4 failed[0m, [32m7 passed[0m)
737 Steps ([31m4 failed[0m, [36m103 skipped[0m, [32m630 passed[0m)
24m50.916s

org.openqa.selenium.NoSuchElementException: Unable to locate element: {"method":"id","selector":"Ecom_Payment_Card_ExpDate_Month"}
Command duration or timeout: 280 milliseconds
For documentation on this error, please visit: http://seleniumhq.org/exceptions/no_such_element.html
Build info: version: '2.53.1', revision: 'a36b8b1cd5757287168e54b817830adce9b0158d', time: '2016-06-30 19:26:09'
System info: host: 'NUFLCNU417CBJ1', ip: '10.152.1.245', os.name: 'Windows 7', os.arch: 'amd64', os.version: '6.1', java.version: '1.8.0_65'
Driver info: org.openqa.selenium.firefox.FirefoxDriver
Capabilities [{applicationCacheEnabled=true, rotatable=false, handlesAlerts=true, databaseEnabled=true, version=47.0.1, platform=WINDOWS, nativeEvents=false, acceptSslCerts=true, webStorageEnabled=true, locationContextEnabled=true, browserName=firefox, takesScreenshot=true, javascriptEnabled=true, cssSelectorsEnabled=true}]
Session ID: 8fbd9979-1ad7-4552-a158-4bd2daf3207e
*** Element info: {Using=id, value=Ecom_Payment_Card_ExpDate_Month}
	at sun.reflect.GeneratedConstructorAccessor12.newInstance(Unknown Source)
	at sun.reflect.DelegatingConstructorAccessorImpl.newInstance(DelegatingConstructorAccessorImpl.java:45)
	at java.lang.reflect.Constructor.newInstance(Constructor.java:422)
	at org.openqa.selenium.remote.ErrorHandler.createThrowable(ErrorHandler.java:206)
	at org.openqa.selenium.remote.ErrorHandler.throwIfResponseFailed(ErrorHandler.java:158)
	at org.openqa.selenium.remote.RemoteWebDriver.execute(RemoteWebDriver.java:678)
	at org.openqa.selenium.remote.RemoteWebDriver.findElement(RemoteWebDriver.java:363)
	at org.openqa.selenium.remote.RemoteWebDriver.findElementById(RemoteWebDriver.java:413)
	at org.openqa.selenium.By$ById.findElement(By.java:218)
	at org.openqa.selenium.remote.RemoteWebDriver.findElement(RemoteWebDriver.java:355)
	at LoginTest.When_I_select_item_in_menu(LoginTest.java:2541)
	at ?.When I select item "2" in menu "Ecom_Payment_Card_ExpDate_Month"(src/test/olj.feature:266)
Caused by: org.openqa.selenium.NoSuchElementException: Unable to locate element: {"method":"id","selector":"Ecom_Payment_Card_ExpDate_Month"}
For documentation on this error, please visit: http://seleniumhq.org/exceptions/no_such_element.html
Build info: version: '2.53.1', revision: 'a36b8b1cd5757287168e54b817830adce9b0158d', time: '2016-06-30 19:26:09'
System info: host: 'NUFLCNU417CBJ1', ip: '10.152.1.245', os.name: 'Windows 7', os.arch: 'amd64', os.version: '6.1', java.version: '1.8.0_65'
Driver info: driver.version: unknown
	at <anonymous class>.FirefoxDriver.prototype.findElementInternal_(file:///C:/Users/maxkarpov/AppData/Local/Temp/anonymous6090747325058845820webdriver-profile/extensions/fxdriver@googlecode.com/components/driver-component.js:10770)
	at <anonymous class>.FirefoxDriver.prototype.findElement(file:///C:/Users/maxkarpov/AppData/Local/Temp/anonymous6090747325058845820webdriver-profile/extensions/fxdriver@googlecode.com/components/driver-component.js:10779)
	at <anonymous class>.DelayedCommand.prototype.executeInternal_/h(file:///C:/Users/maxkarpov/AppData/Local/Temp/anonymous6090747325058845820webdriver-profile/extensions/fxdriver@googlecode.com/components/command-processor.js:12661)
	at <anonymous class>.DelayedCommand.prototype.executeInternal_(file:///C:/Users/maxkarpov/AppData/Local/Temp/anonymous6090747325058845820webdriver-profile/extensions/fxdriver@googlecode.com/components/command-processor.js:12666)
	at <anonymous class>.DelayedCommand.prototype.execute/<(file:///C:/Users/maxkarpov/AppData/Local/Temp/anonymous6090747325058845820webdriver-profile/extensions/fxdriver@googlecode.com/components/command-processor.js:12608)

org.openqa.selenium.WebDriverException: document.getElementById(...) is null
Command duration or timeout: 27 milliseconds
Build info: version: '2.53.1', revision: 'a36b8b1cd5757287168e54b817830adce9b0158d', time: '2016-06-30 19:26:09'
System info: host: 'NUFLCNU417CBJ1', ip: '10.152.1.245', os.name: 'Windows 7', os.arch: 'amd64', os.version: '6.1', java.version: '1.8.0_65'
Driver info: org.openqa.selenium.firefox.FirefoxDriver
Capabilities [{applicationCacheEnabled=true, rotatable=false, handlesAlerts=true, databaseEnabled=true, version=47.0.1, platform=WINDOWS, nativeEvents=false, acceptSslCerts=true, webStorageEnabled=true, locationContextEnabled=true, browserName=firefox, takesScreenshot=true, javascriptEnabled=true, cssSelectorsEnabled=true}]
Session ID: 7c493d93-05bb-4590-bb7f-5bfe470989f4
	at sun.reflect.NativeConstructorAccessorImpl.newInstance0(Native Method)
	at sun.reflect.NativeConstructorAccessorImpl.newInstance(NativeConstructorAccessorImpl.java:62)
	at sun.reflect.DelegatingConstructorAccessorImpl.newInstance(DelegatingConstructorAccessorImpl.java:45)
	at java.lang.reflect.Constructor.newInstance(Constructor.java:422)
	at org.openqa.selenium.remote.ErrorHandler.createThrowable(ErrorHandler.java:206)
	at org.openqa.selenium.remote.ErrorHandler.throwIfResponseFailed(ErrorHandler.java:158)
	at org.openqa.selenium.remote.RemoteWebDriver.execute(RemoteWebDriver.java:678)
	at org.openqa.selenium.remote.RemoteWebDriver.executeScript(RemoteWebDriver.java:577)
	at LoginTest.When_I_fill_number_field(LoginTest.java:172)
	at ?.When I fill number field "direct_debit_account_details_form_account_number" with "40308669"(src/test/olj.feature:402)
Caused by: org.openqa.selenium.WebDriverException: document.getElementById(...) is null
Build info: version: '2.53.1', revision: 'a36b8b1cd5757287168e54b817830adce9b0158d', time: '2016-06-30 19:26:09'
System info: host: 'NUFLCNU417CBJ1', ip: '10.152.1.245', os.name: 'Windows 7', os.arch: 'amd64', os.version: '6.1', java.version: '1.8.0_65'
Driver info: driver.version: unknown
	at <anonymous class>.anonymous(https://payments.nuffield.uat.fridayengineering.net/personal-details line 69 > Function:1)
	at <anonymous class>.handleEvaluateEvent(https://payments.nuffield.uat.fridayengineering.net/personal-details:69)

org.openqa.selenium.NoSuchElementException: Unable to locate element: {"method":"link text","selector":"NEXT"}
Command duration or timeout: 349 milliseconds
For documentation on this error, please visit: http://seleniumhq.org/exceptions/no_such_element.html
Build info: version: '2.53.1', revision: 'a36b8b1cd5757287168e54b817830adce9b0158d', time: '2016-06-30 19:26:09'
System info: host: 'NUFLCNU417CBJ1', ip: '10.152.1.245', os.name: 'Windows 7', os.arch: 'amd64', os.version: '6.1', java.version: '1.8.0_65'
Driver info: org.openqa.selenium.firefox.FirefoxDriver
Capabilities [{applicationCacheEnabled=true, rotatable=false, handlesAlerts=true, databaseEnabled=true, version=47.0.1, platform=WINDOWS, nativeEvents=false, acceptSslCerts=true, webStorageEnabled=true, locationContextEnabled=true, browserName=firefox, takesScreenshot=true, javascriptEnabled=true, cssSelectorsEnabled=true}]
Session ID: fb327766-5870-4616-9d9e-ef433c8369f3
*** Element info: {Using=link text, value=NEXT}
	at sun.reflect.GeneratedConstructorAccessor12.newInstance(Unknown Source)
	at sun.reflect.DelegatingConstructorAccessorImpl.newInstance(DelegatingConstructorAccessorImpl.java:45)
	at java.lang.reflect.Constructor.newInstance(Constructor.java:422)
	at org.openqa.selenium.remote.ErrorHandler.createThrowable(ErrorHandler.java:206)
	at org.openqa.selenium.remote.ErrorHandler.throwIfResponseFailed(ErrorHandler.java:158)
	at org.openqa.selenium.remote.RemoteWebDriver.execute(RemoteWebDriver.java:678)
	at org.openqa.selenium.remote.RemoteWebDriver.findElement(RemoteWebDriver.java:363)
	at org.openqa.selenium.remote.RemoteWebDriver.findElementByLinkText(RemoteWebDriver.java:428)
	at org.openqa.selenium.By$ByLinkText.findElement(By.java:246)
	at org.openqa.selenium.remote.RemoteWebDriver.findElement(RemoteWebDriver.java:355)
	at LoginTest.When_I_click_on(LoginTest.java:1936)
	at ?.When I click on "NEXT"(src/test/olj.feature:491)
Caused by: org.openqa.selenium.NoSuchElementException: Unable to locate element: {"method":"link text","selector":"NEXT"}
For documentation on this error, please visit: http://seleniumhq.org/exceptions/no_such_element.html
Build info: version: '2.53.1', revision: 'a36b8b1cd5757287168e54b817830adce9b0158d', time: '2016-06-30 19:26:09'
System info: host: 'NUFLCNU417CBJ1', ip: '10.152.1.245', os.name: 'Windows 7', os.arch: 'amd64', os.version: '6.1', java.version: '1.8.0_65'
Driver info: driver.version: unknown
	at <anonymous class>.FirefoxDriver.prototype.findElementInternal_(file:///C:/Users/maxkarpov/AppData/Local/Temp/anonymous959067344645416086webdriver-profile/extensions/fxdriver@googlecode.com/components/driver-component.js:10770)
	at <anonymous class>.FirefoxDriver.prototype.findElement(file:///C:/Users/maxkarpov/AppData/Local/Temp/anonymous959067344645416086webdriver-profile/extensions/fxdriver@googlecode.com/components/driver-component.js:10779)
	at <anonymous class>.DelayedCommand.prototype.executeInternal_/h(file:///C:/Users/maxkarpov/AppData/Local/Temp/anonymous959067344645416086webdriver-profile/extensions/fxdriver@googlecode.com/components/command-processor.js:12661)
	at <anonymous class>.DelayedCommand.prototype.executeInternal_(file:///C:/Users/maxkarpov/AppData/Local/Temp/anonymous959067344645416086webdriver-profile/extensions/fxdriver@googlecode.com/components/command-processor.js:12666)
	at <anonymous class>.DelayedCommand.prototype.execute/<(file:///C:/Users/maxkarpov/AppData/Local/Temp/anonymous959067344645416086webdriver-profile/extensions/fxdriver@googlecode.com/components/command-processor.js:12608)

org.openqa.selenium.NoSuchElementException: Unable to locate element: {"method":"link text","selector":"NEXT"}
Command duration or timeout: 320 milliseconds
For documentation on this error, please visit: http://seleniumhq.org/exceptions/no_such_element.html
Build info: version: '2.53.1', revision: 'a36b8b1cd5757287168e54b817830adce9b0158d', time: '2016-06-30 19:26:09'
System info: host: 'NUFLCNU417CBJ1', ip: '10.152.1.245', os.name: 'Windows 7', os.arch: 'amd64', os.version: '6.1', java.version: '1.8.0_65'
Driver info: org.openqa.selenium.firefox.FirefoxDriver
Capabilities [{applicationCacheEnabled=true, rotatable=false, handlesAlerts=true, databaseEnabled=true, version=47.0.1, platform=WINDOWS, nativeEvents=false, acceptSslCerts=true, webStorageEnabled=true, locationContextEnabled=true, browserName=firefox, takesScreenshot=true, javascriptEnabled=true, cssSelectorsEnabled=true}]
Session ID: 1ed6bfc9-715e-47ab-aeb6-c409757e4be5
*** Element info: {Using=link text, value=NEXT}
	at sun.reflect.GeneratedConstructorAccessor12.newInstance(Unknown Source)
	at sun.reflect.DelegatingConstructorAccessorImpl.newInstance(DelegatingConstructorAccessorImpl.java:45)
	at java.lang.reflect.Constructor.newInstance(Constructor.java:422)
	at org.openqa.selenium.remote.ErrorHandler.createThrowable(ErrorHandler.java:206)
	at org.openqa.selenium.remote.ErrorHandler.throwIfResponseFailed(ErrorHandler.java:158)
	at org.openqa.selenium.remote.RemoteWebDriver.execute(RemoteWebDriver.java:678)
	at org.openqa.selenium.remote.RemoteWebDriver.findElement(RemoteWebDriver.java:363)
	at org.openqa.selenium.remote.RemoteWebDriver.findElementByLinkText(RemoteWebDriver.java:428)
	at org.openqa.selenium.By$ByLinkText.findElement(By.java:246)
	at org.openqa.selenium.remote.RemoteWebDriver.findElement(RemoteWebDriver.java:355)
	at LoginTest.When_I_click_on(LoginTest.java:1936)
	at ?.When I click on "NEXT"(src/test/olj.feature:571)
Caused by: org.openqa.selenium.NoSuchElementException: Unable to locate element: {"method":"link text","selector":"NEXT"}
For documentation on this error, please visit: http://seleniumhq.org/exceptions/no_such_element.html
Build info: version: '2.53.1', revision: 'a36b8b1cd5757287168e54b817830adce9b0158d', time: '2016-06-30 19:26:09'
System info: host: 'NUFLCNU417CBJ1', ip: '10.152.1.245', os.name: 'Windows 7', os.arch: 'amd64', os.version: '6.1', java.version: '1.8.0_65'
Driver info: driver.version: unknown
	at <anonymous class>.FirefoxDriver.prototype.findElementInternal_(file:///C:/Users/maxkarpov/AppData/Local/Temp/anonymous254196999985619767webdriver-profile/extensions/fxdriver@googlecode.com/components/driver-component.js:10770)
	at <anonymous class>.FirefoxDriver.prototype.findElement(file:///C:/Users/maxkarpov/AppData/Local/Temp/anonymous254196999985619767webdriver-profile/extensions/fxdriver@googlecode.com/components/driver-component.js:10779)
	at <anonymous class>.DelayedCommand.prototype.executeInternal_/h(file:///C:/Users/maxkarpov/AppData/Local/Temp/anonymous254196999985619767webdriver-profile/extensions/fxdriver@googlecode.com/components/command-processor.js:12661)
	at <anonymous class>.DelayedCommand.prototype.executeInternal_(file:///C:/Users/maxkarpov/AppData/Local/Temp/anonymous254196999985619767webdriver-profile/extensions/fxdriver@googlecode.com/components/command-processor.js:12666)
	at <anonymous class>.DelayedCommand.prototype.execute/<(file:///C:/Users/maxkarpov/AppData/Local/Temp/anonymous254196999985619767webdriver-profile/extensions/fxdriver@googlecode.com/components/command-processor.js:12608)

]]></system-out>
  <system-err><![CDATA[]]></system-err>
</testsuite>
