<?xml version="1.0" encoding="UTF-8" ?>
<testsuite errors="2" failures="0" hostname="NUFLCNU417CBJ1" name="TempRunner" skipped="24" tests="124" time="49.729" timestamp="2016-09-15T12:39:06">
  <properties>
[...]
</properties>
  <testcase classname="Scenario: Off peak  12 months current - Direct Debit - success" name="Given I open the page &quot;waf&quot;" time="0.0" />
  <testcase classname="Scenario: Off peak  12 months current - Direct Debit - success" name="Then I am on page &quot;aber&quot;" time="0.0" />
  <testcase classname="Scenario: Off peak  12 months current - Direct Debit - success" name="When I click text &quot;Off peak&quot;" time="0.0" />
  <testcase classname="Scenario: Off peak  12 months current - Direct Debit - success" name="When I click on basket" time="0.0" />
  <testcase classname="Scenario: Off peak  12 months current - Direct Debit - success" name="Then I wait" time="0.0" />
  <testcase classname="Scenario: Off peak  12 months current - Direct Debit - success" name="Then I get amount value &quot;total&quot;" time="0.0" />
  <testcase classname="Scenario: Off peak  12 months current - Direct Debit - success" name="Then I grab amount &quot;fee&quot;" time="0.0" />
  <testcase classname="Scenario: Off peak  12 months current - Direct Debit - success" name="Then I grab amount &quot;prorata&quot;" time="0.0" />
  <testcase classname="Scenario: Off peak  12 months current - Direct Debit - success" name="Then I get amount &quot;monthly&quot;" time="0.0" />
  <testcase classname="Scenario: Off peak  12 months current - Direct Debit - success" name="Then I check figures &quot;12&quot;" time="0.0" />
  <testcase classname="Scenario: Off peak  12 months current - Direct Debit - success" name="When I press button named &quot;commit&quot;" time="0.0" />
  <testcase classname="Scenario: Off peak  12 months current - Direct Debit - success" name="Then I am on page &quot;aber&quot;" time="0.0" />
  <testcase classname="Scenario: Off peak  12 months current - Direct Debit - success" name="When I select &quot;Mr&quot; in menu &quot;personal_details_form_title&quot;" time="0.0" />
  <testcase classname="Scenario: Off peak  12 months current - Direct Debit - success" name="When I fill &quot;fname&quot; with &quot;David&quot;" time="0.001" />
  <testcase classname="Scenario: Off peak  12 months current - Direct Debit - success" name="When I fill &quot;lname&quot; with &quot;Archer&quot;" time="0.0" />
  <testcase classname="Scenario: Off peak  12 months current - Direct Debit - success" name="When I click on element with id &quot;personal_details_form_date_of_birth_day&quot;" time="0.0" />
  <testcase classname="Scenario: Off peak  12 months current - Direct Debit - success" name="When I set to date &quot;1/2/1947&quot;" time="0.0" />
  <testcase classname="Scenario: Off peak  12 months current - Direct Debit - success" name="When I select &quot;Male&quot; in menu &quot;personal_details_form_gender&quot;" time="0.0" />
  <testcase classname="Scenario: Off peak  12 months current - Direct Debit - success" name="When I fill &quot;housenumber&quot; with &quot;530&quot;" time="0.0" />
  <testcase classname="Scenario: Off peak  12 months current - Direct Debit - success" name="When I fill &quot;postcode&quot; with &quot;BA133BN&quot;" time="0.0" />
  <testcase classname="Scenario: Off peak  12 months current - Direct Debit - success" name="When I click on button name &quot;btn&quot;" time="0.0" />
  <testcase classname="Scenario: Off peak  12 months current - Direct Debit - success" name="When I fill &quot;mail&quot; with &quot;max.karpov@nuffieldhealth.com&quot;" time="0.0" />
  <testcase classname="Scenario: Off peak  12 months current - Direct Debit - success" name="When I fill &quot;emailconfirmation&quot; with &quot;max.karpov@nuffieldhealth.com&quot;" time="0.001" />
  <testcase classname="Scenario: Off peak  12 months current - Direct Debit - success" name="When I fill &quot;phone&quot; with &quot;07482716718&quot;" time="0.0" />
  <testcase classname="Scenario: Off peak  12 months current - Direct Debit - success" name="When I fill &quot;mobile&quot; with &quot;07482716718&quot;" time="0.0" />
  <testcase classname="Scenario: Off peak  12 months current - Direct Debit - success" name="When I click on fieldset element &quot;personal_details_form_unable_to_exercise_no&quot;" time="0.0" />
  <testcase classname="Scenario: Off peak  12 months current - Direct Debit - success" name="When I am ready to continue" time="0.0" />
  <testcase classname="Scenario: Off peak  12 months current - Direct Debit - success" name="When I press button named &quot;commit&quot;" time="0.0" />
  <testcase classname="Scenario: Off peak  12 months current - Direct Debit - success" name="Then I am on page &quot;aber&quot;" time="0.0" />
  <testcase classname="Scenario: Off peak  12 months current - Direct Debit - success" name="When I scroll down" time="0.001" />
  <testcase classname="Scenario: Off peak  12 months current - Direct Debit - success" name="When I click on fieldset element &quot;summary_form_marketing_email&quot;" time="0.0" />
  <testcase classname="Scenario: Off peak  12 months current - Direct Debit - success" name="When I scroll down &quot;900&quot;" time="0.0" />
  <testcase classname="Scenario: Off peak  12 months current - Direct Debit - success" name="When I click on class &quot;form__row form__row--limestone form__custom-check&quot;" time="0.0" />
  <testcase classname="Scenario: Off peak  12 months current - Direct Debit - success" name="When I click on button name &quot;commit&quot;" time="0.0" />
  <testcase classname="Scenario: Off peak  12 months current - Direct Debit - success" name="Then I am on page &quot;aber&quot;" time="0.0" />
  <testcase classname="Scenario: Off peak  12 months current - Direct Debit - success" name="When I click on label &quot;direct_debit_form_confirm&quot;" time="0.0" />
  <testcase classname="Scenario: Off peak  12 months current - Direct Debit - success" name="When I click on button name &quot;commit&quot;" time="0.0" />
  <testcase classname="Scenario: Off peak  12 months current - Direct Debit - success" name="When I fill number field &quot;direct_debit_account_details_form_account_number&quot; with &quot;40308669&quot;" time="0.004">
    <error message="document.getElementById(...) is null&#xa;Command duration or timeout: 29 milliseconds&#xa;Build info: version: &apos;2.53.1&apos;, revision: &apos;a36b8b1cd5757287168e54b817830adce9b0158d&apos;, time: &apos;2016-06-30 19:26:09&apos;&#xa;System info: host: &apos;NUFLCNU417CBJ1&apos;, ip: &apos;10.152.2.174&apos;, os.name: &apos;Windows 7&apos;, os.arch: &apos;amd64&apos;, os.version: &apos;6.1&apos;, java.version: &apos;1.8.0_73&apos;&#xa;Driver info: org.openqa.selenium.firefox.FirefoxDriver&#xa;Capabilities [{applicationCacheEnabled=true, rotatable=false, handlesAlerts=true, databaseEnabled=true, version=47.0.1, platform=WINDOWS, nativeEvents=false, acceptSslCerts=true, webStorageEnabled=true, locationContextEnabled=true, browserName=firefox, takesScreenshot=true, javascriptEnabled=true, cssSelectorsEnabled=true}]&#xa;Session ID: 6a194fb3-66fb-4c4d-bcc0-7cda56fa3432" type="org.openqa.selenium.WebDriverException">org.openqa.selenium.WebDriverException: document.getElementById(...) is null
Command duration or timeout: 29 milliseconds
Build info: version: &apos;2.53.1&apos;, revision: &apos;a36b8b1cd5757287168e54b817830adce9b0158d&apos;, time: &apos;2016-06-30 19:26:09&apos;
System info: host: &apos;NUFLCNU417CBJ1&apos;, ip: &apos;10.152.2.174&apos;, os.name: &apos;Windows 7&apos;, os.arch: &apos;amd64&apos;, os.version: &apos;6.1&apos;, java.version: &apos;1.8.0_73&apos;
Driver info: org.openqa.selenium.firefox.FirefoxDriver
Capabilities [{applicationCacheEnabled=true, rotatable=false, handlesAlerts=true, databaseEnabled=true, version=47.0.1, platform=WINDOWS, nativeEvents=false, acceptSslCerts=true, webStorageEnabled=true, locationContextEnabled=true, browserName=firefox, takesScreenshot=true, javascriptEnabled=true, cssSelectorsEnabled=true}]
Session ID: 6a194fb3-66fb-4c4d-bcc0-7cda56fa3432
	at java.lang.reflect.Constructor.newInstance(Unknown Source)
	at org.openqa.selenium.remote.ErrorHandler.createThrowable(ErrorHandler.java:206)
	at org.openqa.selenium.remote.ErrorHandler.throwIfResponseFailed(ErrorHandler.java:158)
	at org.openqa.selenium.remote.RemoteWebDriver.execute(RemoteWebDriver.java:678)
	at org.openqa.selenium.remote.RemoteWebDriver.executeScript(RemoteWebDriver.java:577)
	at LoginTest.When_I_fill_number_field(LoginTest.java:156)
	at ✽.When I fill number field &quot;direct_debit_account_details_form_account_number&quot; with &quot;40308669&quot;(src/test/3months.feature:43)
Caused by: org.openqa.selenium.WebDriverException: document.getElementById(...) is null
Build info: version: &apos;2.53.1&apos;, revision: &apos;a36b8b1cd5757287168e54b817830adce9b0158d&apos;, time: &apos;2016-06-30 19:26:09&apos;
System info: host: &apos;NUFLCNU417CBJ1&apos;, ip: &apos;10.152.2.174&apos;, os.name: &apos;Windows 7&apos;, os.arch: &apos;amd64&apos;, os.version: &apos;6.1&apos;, java.version: &apos;1.8.0_73&apos;
Driver info: driver.version: unknown
	at &lt;anonymous class&gt;.anonymous(https://payments.nuffield.uat.fridayengineering.net/summary line 69 &gt; Function:1)
	at &lt;anonymous class&gt;.handleEvaluateEvent(https://payments.nuffield.uat.fridayengineering.net/summary:69)
</error>
  </testcase>
  <testcase classname="junit.framework.TestSuite" name="Scenario: Off peak  12 months current - Direct Debit - success" time="49.377">
    <error message="document.getElementById(...) is null&#xa;Command duration or timeout: 29 milliseconds&#xa;Build info: version: &apos;2.53.1&apos;, revision: &apos;a36b8b1cd5757287168e54b817830adce9b0158d&apos;, time: &apos;2016-06-30 19:26:09&apos;&#xa;System info: host: &apos;NUFLCNU417CBJ1&apos;, ip: &apos;10.152.2.174&apos;, os.name: &apos;Windows 7&apos;, os.arch: &apos;amd64&apos;, os.version: &apos;6.1&apos;, java.version: &apos;1.8.0_73&apos;&#xa;Driver info: org.openqa.selenium.firefox.FirefoxDriver&#xa;Capabilities [{applicationCacheEnabled=true, rotatable=false, handlesAlerts=true, databaseEnabled=true, version=47.0.1, platform=WINDOWS, nativeEvents=false, acceptSslCerts=true, webStorageEnabled=true, locationContextEnabled=true, browserName=firefox, takesScreenshot=true, javascriptEnabled=true, cssSelectorsEnabled=true}]&#xa;Session ID: 6a194fb3-66fb-4c4d-bcc0-7cda56fa3432" type="org.openqa.selenium.WebDriverException">org.openqa.selenium.WebDriverException: document.getElementById(...) is null
Command duration or timeout: 29 milliseconds
Build info: version: &apos;2.53.1&apos;, revision: &apos;a36b8b1cd5757287168e54b817830adce9b0158d&apos;, time: &apos;2016-06-30 19:26:09&apos;
System info: host: &apos;NUFLCNU417CBJ1&apos;, ip: &apos;10.152.2.174&apos;, os.name: &apos;Windows 7&apos;, os.arch: &apos;amd64&apos;, os.version: &apos;6.1&apos;, java.version: &apos;1.8.0_73&apos;
Driver info: org.openqa.selenium.firefox.FirefoxDriver
Capabilities [{applicationCacheEnabled=true, rotatable=false, handlesAlerts=true, databaseEnabled=true, version=47.0.1, platform=WINDOWS, nativeEvents=false, acceptSslCerts=true, webStorageEnabled=true, locationContextEnabled=true, browserName=firefox, takesScreenshot=true, javascriptEnabled=true, cssSelectorsEnabled=true}]
Session ID: 6a194fb3-66fb-4c4d-bcc0-7cda56fa3432
	at java.lang.reflect.Constructor.newInstance(Unknown Source)
	at org.openqa.selenium.remote.ErrorHandler.createThrowable(ErrorHandler.java:206)
	at org.openqa.selenium.remote.ErrorHandler.throwIfResponseFailed(ErrorHandler.java:158)
	at org.openqa.selenium.remote.RemoteWebDriver.execute(RemoteWebDriver.java:678)
	at org.openqa.selenium.remote.RemoteWebDriver.executeScript(RemoteWebDriver.java:577)
	at LoginTest.When_I_fill_number_field(LoginTest.java:156)
	at ✽.When I fill number field &quot;direct_debit_account_details_form_account_number&quot; with &quot;40308669&quot;(src/test/3months.feature:43)
Caused by: org.openqa.selenium.WebDriverException: document.getElementById(...) is null
Build info: version: &apos;2.53.1&apos;, revision: &apos;a36b8b1cd5757287168e54b817830adce9b0158d&apos;, time: &apos;2016-06-30 19:26:09&apos;
System info: host: &apos;NUFLCNU417CBJ1&apos;, ip: &apos;10.152.2.174&apos;, os.name: &apos;Windows 7&apos;, os.arch: &apos;amd64&apos;, os.version: &apos;6.1&apos;, java.version: &apos;1.8.0_73&apos;
Driver info: driver.version: unknown
	at &lt;anonymous class&gt;.anonymous(https://payments.nuffield.uat.fridayengineering.net/summary line 69 &gt; Function:1)
	at &lt;anonymous class&gt;.handleEvaluateEvent(https://payments.nuffield.uat.fridayengineering.net/summary:69)
</error>
  </testcase>
  <testcase classname="Scenario: Off peak  12 months current - Direct Debit - success" name="When I fill number field &quot;direct_debit_account_details_form_sort_code_p1&quot; with &quot;56&quot;" time="0.0">
    <skipped />
  </testcase>
  <testcase classname="Scenario: Off peak  12 months current - Direct Debit - success" name="When I fill number field &quot;direct_debit_account_details_form_sort_code_p2&quot; with &quot;00&quot;" time="0.0">
    <skipped />
  </testcase>
  <testcase classname="Scenario: Off peak  12 months current - Direct Debit - success" name="When I fill number field &quot;direct_debit_account_details_form_sort_code_p3&quot; with &quot;36&quot;" time="0.0">
    <skipped />
  </testcase>
  <testcase classname="Scenario: Off peak  12 months current - Direct Debit - success" name="When I fill &quot;holder&quot; with &quot;David Archer&quot;" time="0.0">
    <skipped />
  </testcase>
  <testcase classname="Scenario: Off peak  12 months current - Direct Debit - success" name="When I press button named &quot;commit&quot;" time="12.453">
    <skipped />
    <skipped />
  </testcase>
  <testcase classname="Scenario: Off peak  12 months current - Direct Debit - success" name="Then I am on page &quot;aber&quot;" time="0.549">
    <skipped />
    <skipped />
  </testcase>
  <testcase classname="Scenario: Off peak  12 months current - Direct Debit - success" name="When I click on &quot;NEXT&quot;" time="0.0">
    <skipped />
  </testcase>
  <testcase classname="Scenario: Off peak  12 months current - Direct Debit - success" name="Then I wait" time="23.327">
    <skipped />
  </testcase>
  <testcase classname="Scenario: Off peak  12 months current - Direct Debit - success" name="Given I navigate to salesforce" time="0.0">
    <skipped />
  </testcase>
  <testcase classname="Scenario: Off peak  12 months current - Direct Debit - success" name="When I enter Login and Password" time="0.0">
    <skipped />
  </testcase>
  <testcase classname="Scenario: Off peak  12 months current - Direct Debit - success" name="Then I should login to Salesforce" time="0.0">
    <skipped />
  </testcase>
  <testcase classname="Scenario: Off peak  12 months current - Direct Debit - success" name="When I switch to tab &quot;Opportunities&quot;" time="0.0">
    <skipped />
  </testcase>
  <testcase classname="Scenario: Off peak  12 months current - Direct Debit - success" name="Then I am on page &quot;Opportunities&quot;" time="0.003">
    <skipped />
    <skipped />
  </testcase>
  <testcase classname="Scenario: Off peak  12 months current - Direct Debit - success" name="When I click on button name &quot;go&quot;" time="0.0">
    <skipped />
  </testcase>
  <testcase classname="Scenario: Off peak  12 months current - Direct Debit - success" name="Then I open opportunity" time="0.0">
    <skipped />
  </testcase>
  <testcase classname="Scenario: Off peak  12 months current - Direct Debit - success" name="Then I am on page &quot;Opportunity&quot;" time="0.0">
    <skipped />
  </testcase>
  <testcase classname="Scenario: Off peak  12 months current - Direct Debit - success" name="Then I can see &quot;Site&quot; filled with &quot;Aberdeen&quot;" time="0.0">
    <skipped />
  </testcase>
  <testcase classname="Scenario: Off peak  12 months current - Direct Debit - success" name="Then I can see total is accurate &quot;12&quot;" time="0.0">
    <skipped />
  </testcase>
  <testcase classname="Scenario: Off peak  12 months current - Direct Debit - success" name="Then I can see &quot;Order Reference&quot; filled with &quot;orid&quot;" time="0.0">
    <skipped />
  </testcase>
  <testcase classname="Scenario: Off peak  12 months current - Direct Debit - success" name="Then I can see &quot;Payment Reference&quot; filled with &quot;pay&quot;" time="0.0">
    <skipped />
  </testcase>
  <testcase classname="Scenario: Off peak  12 months current - Direct Debit - success" name="Then I do save" time="0.0">
    <skipped />
  </testcase>
  <testcase classname="junit.framework.TestSuite" name="Scenario: Off peak  12 months current - Direct Debit - success" time="49.542" />
  <system-out><![CDATA[Error was captured in field total to pay today 0.0does not match 42.4. Continue?
null
ready?
null

[31mFailed scenarios:[0m
[31msrc/test/3months.feature:4 [0m# Scenario: Off peak  12 months current - Direct Debit - success

1 Scenarios ([31m1 failed[0m)
62 Steps ([31m1 failed[0m, [36m24 skipped[0m, [32m37 passed[0m)
0m49.236s

org.openqa.selenium.WebDriverException: document.getElementById(...) is null
Command duration or timeout: 29 milliseconds
Build info: version: '2.53.1', revision: 'a36b8b1cd5757287168e54b817830adce9b0158d', time: '2016-06-30 19:26:09'
System info: host: 'NUFLCNU417CBJ1', ip: '10.152.2.174', os.name: 'Windows 7', os.arch: 'amd64', os.version: '6.1', java.version: '1.8.0_73'
Driver info: org.openqa.selenium.firefox.FirefoxDriver
Capabilities [{applicationCacheEnabled=true, rotatable=false, handlesAlerts=true, databaseEnabled=true, version=47.0.1, platform=WINDOWS, nativeEvents=false, acceptSslCerts=true, webStorageEnabled=true, locationContextEnabled=true, browserName=firefox, takesScreenshot=true, javascriptEnabled=true, cssSelectorsEnabled=true}]
Session ID: 6a194fb3-66fb-4c4d-bcc0-7cda56fa3432
	at sun.reflect.NativeConstructorAccessorImpl.newInstance0(Native Method)
	at sun.reflect.NativeConstructorAccessorImpl.newInstance(Unknown Source)
	at sun.reflect.DelegatingConstructorAccessorImpl.newInstance(Unknown Source)
	at java.lang.reflect.Constructor.newInstance(Unknown Source)
	at org.openqa.selenium.remote.ErrorHandler.createThrowable(ErrorHandler.java:206)
	at org.openqa.selenium.remote.ErrorHandler.throwIfResponseFailed(ErrorHandler.java:158)
	at org.openqa.selenium.remote.RemoteWebDriver.execute(RemoteWebDriver.java:678)
	at org.openqa.selenium.remote.RemoteWebDriver.executeScript(RemoteWebDriver.java:577)
	at LoginTest.When_I_fill_number_field(LoginTest.java:156)
	at ?.When I fill number field "direct_debit_account_details_form_account_number" with "40308669"(src/test/3months.feature:43)
Caused by: org.openqa.selenium.WebDriverException: document.getElementById(...) is null
Build info: version: '2.53.1', revision: 'a36b8b1cd5757287168e54b817830adce9b0158d', time: '2016-06-30 19:26:09'
System info: host: 'NUFLCNU417CBJ1', ip: '10.152.2.174', os.name: 'Windows 7', os.arch: 'amd64', os.version: '6.1', java.version: '1.8.0_73'
Driver info: driver.version: unknown
	at <anonymous class>.anonymous(https://payments.nuffield.uat.fridayengineering.net/summary line 69 > Function:1)
	at <anonymous class>.handleEvaluateEvent(https://payments.nuffield.uat.fridayengineering.net/summary:69)

]]></system-out>
  <system-err><![CDATA[]]></system-err>
</testsuite>
