<?xml version="1.0" encoding="UTF-8" ?>
<testsuite errors="0" failures="0" hostname="NUFLCNU417CBJ1" name="TempRunner" skipped="0" tests="68" time="57.996" timestamp="2016-09-21T10:01:21">
  <properties>
[...]
</properties>
  <testcase classname="Scenario: Anytime  12 months current - One Time Payment" name="Given I start chrome &quot;aberdeen&quot;" time="0.001" />
  <testcase classname="Scenario: Anytime  12 months current - One Time Payment" name="Then I am on page &quot;aber&quot;" time="0.0" />
  <testcase classname="Scenario: Anytime  12 months current - One Time Payment" name="When I click on fieldset element &quot;choose_membership_package_form_payment_type_once&quot;" time="0.0" />
  <testcase classname="Scenario: Anytime  12 months current - One Time Payment" name="When I click on fieldset element &quot;choose_membership_package_form_commitment_12&quot;" time="0.0" />
  <testcase classname="Scenario: Anytime  12 months current - One Time Payment" name="When I click on basket" time="0.0" />
  <testcase classname="Scenario: Anytime  12 months current - One Time Payment" name="Then I wait" time="0.0" />
  <testcase classname="Scenario: Anytime  12 months current - One Time Payment" name="Then I get amount value &quot;total&quot;" time="0.0" />
  <testcase classname="Scenario: Anytime  12 months current - One Time Payment" name="Then I get amount &quot;member&quot;" time="0.0" />
  <testcase classname="Scenario: Anytime  12 months current - One Time Payment" name="Then I grab amount &quot;fee&quot;" time="0.0" />
  <testcase classname="Scenario: Anytime  12 months current - One Time Payment" name="Then I grab amount &quot;prorata&quot;" time="0.0" />
  <testcase classname="Scenario: Anytime  12 months current - One Time Payment" name="Then I get amount &quot;monthly&quot;" time="0.0" />
  <testcase classname="Scenario: Anytime  12 months current - One Time Payment" name="Then I can see all figures good &quot;12&quot;" time="0.0" />
  <testcase classname="Scenario: Anytime  12 months current - One Time Payment" name="When I press button named &quot;commit&quot;" time="0.0" />
  <testcase classname="Scenario: Anytime  12 months current - One Time Payment" name="Then I am on page &quot;aber&quot;" time="0.0" />
  <testcase classname="Scenario: Anytime  12 months current - One Time Payment" name="When I select &quot;Mr&quot; in menu &quot;personal_details_form_title&quot;" time="0.001" />
  <testcase classname="Scenario: Anytime  12 months current - One Time Payment" name="When I fill dynamic field &quot;personal_details_form_first_name&quot; with &quot;firstname&quot;" time="0.0" />
  <testcase classname="Scenario: Anytime  12 months current - One Time Payment" name="When I fill dynamic field &quot;personal_details_form_last_name&quot; with &quot;lastname&quot;" time="0.0" />
  <testcase classname="Scenario: Anytime  12 months current - One Time Payment" name="When I click on element with id &quot;personal_details_form_date_of_birth_day&quot;" time="0.0" />
  <testcase classname="Scenario: Anytime  12 months current - One Time Payment" name="When I set to date &quot;1/1/1970&quot;" time="0.0" />
  <testcase classname="Scenario: Anytime  12 months current - One Time Payment" name="When I select &quot;Male&quot; in menu &quot;personal_details_form_gender&quot;" time="0.001" />
  <testcase classname="Scenario: Anytime  12 months current - One Time Payment" name="When I fill &quot;housenumber&quot; with &quot;473&quot;" time="0.0" />
  <testcase classname="Scenario: Anytime  12 months current - One Time Payment" name="When I fill &quot;postcode&quot; with &quot;IV448TZ&quot;" time="0.0" />
  <testcase classname="Scenario: Anytime  12 months current - One Time Payment" name="When I click on button name &quot;btn&quot;" time="0.0" />
  <testcase classname="Scenario: Anytime  12 months current - One Time Payment" name="When I fill &quot;mail&quot; with &quot;max.karpov@nuffieldhealth.com&quot;" time="0.001" />
  <testcase classname="Scenario: Anytime  12 months current - One Time Payment" name="When I fill &quot;emailconfirmation&quot; with &quot;max.karpov@nuffieldhealth.com&quot;" time="0.0" />
  <testcase classname="Scenario: Anytime  12 months current - One Time Payment" name="When I fill &quot;phone&quot; with &quot;07482716718&quot;" time="0.0" />
  <testcase classname="Scenario: Anytime  12 months current - One Time Payment" name="When I fill &quot;mobile&quot; with &quot;07482716718&quot;" time="0.0" />
  <testcase classname="Scenario: Anytime  12 months current - One Time Payment" name="When I click on fieldset element &quot;personal_details_form_unable_to_exercise_no&quot;" time="0.0" />
  <testcase classname="Scenario: Anytime  12 months current - One Time Payment" name="Then I wait" time="0.0" />
  <testcase classname="Scenario: Anytime  12 months current - One Time Payment" name="When I press button named &quot;commit&quot;" time="0.001" />
  <testcase classname="Scenario: Anytime  12 months current - One Time Payment" name="Then I am on page &quot;aber&quot;" time="0.0" />
  <testcase classname="Scenario: Anytime  12 months current - One Time Payment" name="When I scroll down" time="0.0" />
  <testcase classname="Scenario: Anytime  12 months current - One Time Payment" name="When I check box id &quot;summary_form_marketing_email&quot;" time="0.0" />
  <testcase classname="Scenario: Anytime  12 months current - One Time Payment" name="When I check box id &quot;summary_form_terms_and_conditions&quot;" time="0.0" />
  <testcase classname="junit.framework.TestSuite" name="Scenario: Anytime  12 months current - One Time Payment" time="57.825" />
  <system-out><![CDATA[TEST STARTED IN CHROM: Anytime  12 months current - One Time Payment

1 Scenarios ([32m1 passed[0m)
34 Steps ([32m34 passed[0m)
0m57.743s

]]></system-out>
  <system-err><![CDATA[Starting ChromeDriver 2.24.417431 (9aea000394714d2fbb20850021f6204f2256b9cf) on port 22062
Only local connections are allowed.
]]></system-err>
</testsuite>
