<?xml version="1.0" encoding="UTF-8" ?>
<testsuite errors="12" failures="0" hostname="NUFLCNU417CBJ1" name="TempRunner" skipped="121" tests="1474" time="1526.694" timestamp="2016-09-20T12:06:57">
  <properties>
[...]
</properties>
  <testcase classname="Scenario: Anytime  12 months current - One Time Payment - success" name="Given I open the page &quot;waf&quot;" time="0.001" />
  <testcase classname="Scenario: Anytime  12 months current - One Time Payment - success" name="Then I am on page &quot;aber&quot;" time="0.0" />
  <testcase classname="Scenario: Anytime  12 months current - One Time Payment - success" name="When I click on fieldset element &quot;choose_membership_package_form_payment_type_once&quot;" time="0.0" />
  <testcase classname="Scenario: Anytime  12 months current - One Time Payment - success" name="When I click on fieldset element &quot;choose_membership_package_form_commitment_12&quot;" time="0.0" />
  <testcase classname="Scenario: Anytime  12 months current - One Time Payment - success" name="When I click on basket" time="0.0" />
  <testcase classname="Scenario: Anytime  12 months current - One Time Payment - success" name="Then I wait" time="0.0" />
  <testcase classname="Scenario: Anytime  12 months current - One Time Payment - success" name="Then I get amount value &quot;total&quot;" time="0.0" />
  <testcase classname="Scenario: Anytime  12 months current - One Time Payment - success" name="Then I get amount &quot;member&quot;" time="0.0" />
  <testcase classname="Scenario: Anytime  12 months current - One Time Payment - success" name="Then I grab amount &quot;fee&quot;" time="0.0" />
  <testcase classname="Scenario: Anytime  12 months current - One Time Payment - success" name="Then I grab amount &quot;prorata&quot;" time="0.0" />
  <testcase classname="Scenario: Anytime  12 months current - One Time Payment - success" name="Then I get amount &quot;monthly&quot;" time="0.0" />
  <testcase classname="Scenario: Anytime  12 months current - One Time Payment - success" name="Then I can see all figures good &quot;12&quot;" time="0.0" />
  <testcase classname="Scenario: Anytime  12 months current - One Time Payment - success" name="When I press button named &quot;commit&quot;" time="0.0" />
  <testcase classname="Scenario: Anytime  12 months current - One Time Payment - success" name="Then I am on page &quot;aber&quot;" time="0.0" />
  <testcase classname="Scenario: Anytime  12 months current - One Time Payment - success" name="When I select &quot;Mr&quot; in menu &quot;personal_details_form_title&quot;" time="0.0" />
  <testcase classname="Scenario: Anytime  12 months current - One Time Payment - success" name="When I fill dynamic field &quot;personal_details_form_first_name&quot; with &quot;firstname&quot;" time="0.0" />
  <testcase classname="Scenario: Anytime  12 months current - One Time Payment - success" name="When I fill dynamic field &quot;personal_details_form_last_name&quot; with &quot;lastname&quot;" time="0.0" />
  <testcase classname="Scenario: Anytime  12 months current - One Time Payment - success" name="When I click on element with id &quot;personal_details_form_date_of_birth_day&quot;" time="0.0" />
  <testcase classname="Scenario: Anytime  12 months current - One Time Payment - success" name="When I set to date &quot;1/1/1970&quot;" time="0.0" />
  <testcase classname="Scenario: Anytime  12 months current - One Time Payment - success" name="When I select &quot;Male&quot; in menu &quot;personal_details_form_gender&quot;" time="0.0" />
  <testcase classname="Scenario: Anytime  12 months current - One Time Payment - success" name="When I fill &quot;housenumber&quot; with &quot;473&quot;" time="0.0" />
  <testcase classname="Scenario: Anytime  12 months current - One Time Payment - success" name="When I fill &quot;postcode&quot; with &quot;IV448TZ&quot;" time="0.0" />
  <testcase classname="Scenario: Anytime  12 months current - One Time Payment - success" name="When I click on button name &quot;btn&quot;" time="0.0" />
  <testcase classname="Scenario: Anytime  12 months current - One Time Payment - success" name="When I fill &quot;mail&quot; with &quot;max.karpov@nuffieldhealth.com&quot;" time="0.0" />
  <testcase classname="Scenario: Anytime  12 months current - One Time Payment - success" name="When I fill &quot;emailconfirmation&quot; with &quot;max.karpov@nuffieldhealth.com&quot;" time="0.0" />
  <testcase classname="Scenario: Anytime  12 months current - One Time Payment - success" name="When I fill &quot;phone&quot; with &quot;07482716718&quot;" time="0.0" />
  <testcase classname="Scenario: Anytime  12 months current - One Time Payment - success" name="When I fill &quot;mobile&quot; with &quot;07482716718&quot;" time="0.0" />
  <testcase classname="Scenario: Anytime  12 months current - One Time Payment - success" name="When I click on fieldset element &quot;personal_details_form_unable_to_exercise_no&quot;" time="0.0" />
  <testcase classname="Scenario: Anytime  12 months current - One Time Payment - success" name="Then I wait" time="0.0" />
  <testcase classname="Scenario: Anytime  12 months current - One Time Payment - success" name="When I press button named &quot;commit&quot;" time="0.0" />
  <testcase classname="Scenario: Anytime  12 months current - One Time Payment - success" name="Then I am on page &quot;aber&quot;" time="0.0" />
  <testcase classname="Scenario: Anytime  12 months current - One Time Payment - success" name="When I scroll down" time="0.0" />
  <testcase classname="Scenario: Anytime  12 months current - One Time Payment - success" name="When I click on fieldset element &quot;summary_form_marketing_email&quot;" time="0.0" />
  <testcase classname="Scenario: Anytime  12 months current - One Time Payment - success" name="When I scroll down &quot;900&quot;" time="0.0" />
  <testcase classname="Scenario: Anytime  12 months current - One Time Payment - success" name="When I click on class &quot;form__row form__row--limestone form__custom-check&quot;" time="0.0" />
  <testcase classname="Scenario: Anytime  12 months current - One Time Payment - success" name="When I click on button name &quot;commit&quot;" time="0.0" />
  <testcase classname="Scenario: Anytime  12 months current - One Time Payment - success" name="Then I wait" time="0.0" />
  <testcase classname="Scenario: Anytime  12 months current - One Time Payment - success" name="When I click on button name &quot;VISA_brand&quot;" time="0.0" />
  <testcase classname="Scenario: Anytime  12 months current - One Time Payment - success" name="When I fill &quot;cardname&quot; with &quot;xyz&quot;" time="0.0" />
  <testcase classname="Scenario: Anytime  12 months current - One Time Payment - success" name="When I fill &quot;cardnumber&quot; with &quot;4111111111111111&quot;" time="0.0" />
  <testcase classname="Scenario: Anytime  12 months current - One Time Payment - success" name="When I select item &quot;2&quot; in menu &quot;Ecom_Payment_Card_ExpDate_Month&quot;" time="0.007">
    <error message="Unable to locate element: {&quot;method&quot;:&quot;id&quot;,&quot;selector&quot;:&quot;Ecom_Payment_Card_ExpDate_Month&quot;}&#xa;Command duration or timeout: 20 milliseconds&#xa;For documentation on this error, please visit: http://seleniumhq.org/exceptions/no_such_element.html&#xa;Build info: version: &apos;2.53.1&apos;, revision: &apos;a36b8b1cd5757287168e54b817830adce9b0158d&apos;, time: &apos;2016-06-30 19:26:09&apos;&#xa;System info: host: &apos;NUFLCNU417CBJ1&apos;, ip: &apos;10.152.1.245&apos;, os.name: &apos;Windows 7&apos;, os.arch: &apos;amd64&apos;, os.version: &apos;6.1&apos;, java.version: &apos;1.8.0_65&apos;&#xa;Driver info: org.openqa.selenium.firefox.FirefoxDriver&#xa;Capabilities [{applicationCacheEnabled=true, rotatable=false, handlesAlerts=true, databaseEnabled=true, version=47.0.1, platform=WINDOWS, nativeEvents=false, acceptSslCerts=true, webStorageEnabled=true, locationContextEnabled=true, browserName=firefox, takesScreenshot=true, javascriptEnabled=true, cssSelectorsEnabled=true}]&#xa;Session ID: 0fff7575-2a57-4cbb-8282-cb60f7245e3f&#xa;*** Element info: {Using=id, value=Ecom_Payment_Card_ExpDate_Month}" type="org.openqa.selenium.NoSuchElementException">org.openqa.selenium.NoSuchElementException: Unable to locate element: {&quot;method&quot;:&quot;id&quot;,&quot;selector&quot;:&quot;Ecom_Payment_Card_ExpDate_Month&quot;}
Command duration or timeout: 20 milliseconds
For documentation on this error, please visit: http://seleniumhq.org/exceptions/no_such_element.html
Build info: version: &apos;2.53.1&apos;, revision: &apos;a36b8b1cd5757287168e54b817830adce9b0158d&apos;, time: &apos;2016-06-30 19:26:09&apos;
System info: host: &apos;NUFLCNU417CBJ1&apos;, ip: &apos;10.152.1.245&apos;, os.name: &apos;Windows 7&apos;, os.arch: &apos;amd64&apos;, os.version: &apos;6.1&apos;, java.version: &apos;1.8.0_65&apos;
Driver info: org.openqa.selenium.firefox.FirefoxDriver
Capabilities [{applicationCacheEnabled=true, rotatable=false, handlesAlerts=true, databaseEnabled=true, version=47.0.1, platform=WINDOWS, nativeEvents=false, acceptSslCerts=true, webStorageEnabled=true, locationContextEnabled=true, browserName=firefox, takesScreenshot=true, javascriptEnabled=true, cssSelectorsEnabled=true}]
Session ID: 0fff7575-2a57-4cbb-8282-cb60f7245e3f
*** Element info: {Using=id, value=Ecom_Payment_Card_ExpDate_Month}
	at java.lang.reflect.Constructor.newInstance(Constructor.java:422)
	at org.openqa.selenium.remote.ErrorHandler.createThrowable(ErrorHandler.java:206)
	at org.openqa.selenium.remote.ErrorHandler.throwIfResponseFailed(ErrorHandler.java:158)
	at org.openqa.selenium.remote.RemoteWebDriver.execute(RemoteWebDriver.java:678)
	at org.openqa.selenium.remote.RemoteWebDriver.findElement(RemoteWebDriver.java:363)
	at org.openqa.selenium.remote.RemoteWebDriver.findElementById(RemoteWebDriver.java:413)
	at org.openqa.selenium.By$ById.findElement(By.java:218)
	at org.openqa.selenium.remote.RemoteWebDriver.findElement(RemoteWebDriver.java:355)
	at LoginTest.When_I_select_item_in_menu(LoginTest.java:2539)
	at ✽.When I select item &quot;2&quot; in menu &quot;Ecom_Payment_Card_ExpDate_Month&quot;(src/test/olj.feature:47)
Caused by: org.openqa.selenium.NoSuchElementException: Unable to locate element: {&quot;method&quot;:&quot;id&quot;,&quot;selector&quot;:&quot;Ecom_Payment_Card_ExpDate_Month&quot;}
For documentation on this error, please visit: http://seleniumhq.org/exceptions/no_such_element.html
Build info: version: &apos;2.53.1&apos;, revision: &apos;a36b8b1cd5757287168e54b817830adce9b0158d&apos;, time: &apos;2016-06-30 19:26:09&apos;
System info: host: &apos;NUFLCNU417CBJ1&apos;, ip: &apos;10.152.1.245&apos;, os.name: &apos;Windows 7&apos;, os.arch: &apos;amd64&apos;, os.version: &apos;6.1&apos;, java.version: &apos;1.8.0_65&apos;
Driver info: driver.version: unknown
	at &lt;anonymous class&gt;.FirefoxDriver.prototype.findElementInternal_(file:///C:/Users/maxkarpov/AppData/Local/Temp/anonymous7662347688402871649webdriver-profile/extensions/fxdriver@googlecode.com/components/driver-component.js:10770)
	at &lt;anonymous class&gt;.FirefoxDriver.prototype.findElement(file:///C:/Users/maxkarpov/AppData/Local/Temp/anonymous7662347688402871649webdriver-profile/extensions/fxdriver@googlecode.com/components/driver-component.js:10779)
	at &lt;anonymous class&gt;.DelayedCommand.prototype.executeInternal_/h(file:///C:/Users/maxkarpov/AppData/Local/Temp/anonymous7662347688402871649webdriver-profile/extensions/fxdriver@googlecode.com/components/command-processor.js:12661)
	at &lt;anonymous class&gt;.DelayedCommand.prototype.executeInternal_(file:///C:/Users/maxkarpov/AppData/Local/Temp/anonymous7662347688402871649webdriver-profile/extensions/fxdriver@googlecode.com/components/command-processor.js:12666)
	at &lt;anonymous class&gt;.DelayedCommand.prototype.execute/&lt;(file:///C:/Users/maxkarpov/AppData/Local/Temp/anonymous7662347688402871649webdriver-profile/extensions/fxdriver@googlecode.com/components/command-processor.js:12608)
</error>
  </testcase>
  <testcase classname="junit.framework.TestSuite" name="Scenario: Anytime  12 months current - One Time Payment - success" time="54.362">
    <error message="Unable to locate element: {&quot;method&quot;:&quot;id&quot;,&quot;selector&quot;:&quot;Ecom_Payment_Card_ExpDate_Month&quot;}&#xa;Command duration or timeout: 20 milliseconds&#xa;For documentation on this error, please visit: http://seleniumhq.org/exceptions/no_such_element.html&#xa;Build info: version: &apos;2.53.1&apos;, revision: &apos;a36b8b1cd5757287168e54b817830adce9b0158d&apos;, time: &apos;2016-06-30 19:26:09&apos;&#xa;System info: host: &apos;NUFLCNU417CBJ1&apos;, ip: &apos;10.152.1.245&apos;, os.name: &apos;Windows 7&apos;, os.arch: &apos;amd64&apos;, os.version: &apos;6.1&apos;, java.version: &apos;1.8.0_65&apos;&#xa;Driver info: org.openqa.selenium.firefox.FirefoxDriver&#xa;Capabilities [{applicationCacheEnabled=true, rotatable=false, handlesAlerts=true, databaseEnabled=true, version=47.0.1, platform=WINDOWS, nativeEvents=false, acceptSslCerts=true, webStorageEnabled=true, locationContextEnabled=true, browserName=firefox, takesScreenshot=true, javascriptEnabled=true, cssSelectorsEnabled=true}]&#xa;Session ID: 0fff7575-2a57-4cbb-8282-cb60f7245e3f&#xa;*** Element info: {Using=id, value=Ecom_Payment_Card_ExpDate_Month}" type="org.openqa.selenium.NoSuchElementException">org.openqa.selenium.NoSuchElementException: Unable to locate element: {&quot;method&quot;:&quot;id&quot;,&quot;selector&quot;:&quot;Ecom_Payment_Card_ExpDate_Month&quot;}
Command duration or timeout: 20 milliseconds
For documentation on this error, please visit: http://seleniumhq.org/exceptions/no_such_element.html
Build info: version: &apos;2.53.1&apos;, revision: &apos;a36b8b1cd5757287168e54b817830adce9b0158d&apos;, time: &apos;2016-06-30 19:26:09&apos;
System info: host: &apos;NUFLCNU417CBJ1&apos;, ip: &apos;10.152.1.245&apos;, os.name: &apos;Windows 7&apos;, os.arch: &apos;amd64&apos;, os.version: &apos;6.1&apos;, java.version: &apos;1.8.0_65&apos;
Driver info: org.openqa.selenium.firefox.FirefoxDriver
Capabilities [{applicationCacheEnabled=true, rotatable=false, handlesAlerts=true, databaseEnabled=true, version=47.0.1, platform=WINDOWS, nativeEvents=false, acceptSslCerts=true, webStorageEnabled=true, locationContextEnabled=true, browserName=firefox, takesScreenshot=true, javascriptEnabled=true, cssSelectorsEnabled=true}]
Session ID: 0fff7575-2a57-4cbb-8282-cb60f7245e3f
*** Element info: {Using=id, value=Ecom_Payment_Card_ExpDate_Month}
	at java.lang.reflect.Constructor.newInstance(Constructor.java:422)
	at org.openqa.selenium.remote.ErrorHandler.createThrowable(ErrorHandler.java:206)
	at org.openqa.selenium.remote.ErrorHandler.throwIfResponseFailed(ErrorHandler.java:158)
	at org.openqa.selenium.remote.RemoteWebDriver.execute(RemoteWebDriver.java:678)
	at org.openqa.selenium.remote.RemoteWebDriver.findElement(RemoteWebDriver.java:363)
	at org.openqa.selenium.remote.RemoteWebDriver.findElementById(RemoteWebDriver.java:413)
	at org.openqa.selenium.By$ById.findElement(By.java:218)
	at org.openqa.selenium.remote.RemoteWebDriver.findElement(RemoteWebDriver.java:355)
	at LoginTest.When_I_select_item_in_menu(LoginTest.java:2539)
	at ✽.When I select item &quot;2&quot; in menu &quot;Ecom_Payment_Card_ExpDate_Month&quot;(src/test/olj.feature:47)
Caused by: org.openqa.selenium.NoSuchElementException: Unable to locate element: {&quot;method&quot;:&quot;id&quot;,&quot;selector&quot;:&quot;Ecom_Payment_Card_ExpDate_Month&quot;}
For documentation on this error, please visit: http://seleniumhq.org/exceptions/no_such_element.html
Build info: version: &apos;2.53.1&apos;, revision: &apos;a36b8b1cd5757287168e54b817830adce9b0158d&apos;, time: &apos;2016-06-30 19:26:09&apos;
System info: host: &apos;NUFLCNU417CBJ1&apos;, ip: &apos;10.152.1.245&apos;, os.name: &apos;Windows 7&apos;, os.arch: &apos;amd64&apos;, os.version: &apos;6.1&apos;, java.version: &apos;1.8.0_65&apos;
Driver info: driver.version: unknown
	at &lt;anonymous class&gt;.FirefoxDriver.prototype.findElementInternal_(file:///C:/Users/maxkarpov/AppData/Local/Temp/anonymous7662347688402871649webdriver-profile/extensions/fxdriver@googlecode.com/components/driver-component.js:10770)
	at &lt;anonymous class&gt;.FirefoxDriver.prototype.findElement(file:///C:/Users/maxkarpov/AppData/Local/Temp/anonymous7662347688402871649webdriver-profile/extensions/fxdriver@googlecode.com/components/driver-component.js:10779)
	at &lt;anonymous class&gt;.DelayedCommand.prototype.executeInternal_/h(file:///C:/Users/maxkarpov/AppData/Local/Temp/anonymous7662347688402871649webdriver-profile/extensions/fxdriver@googlecode.com/components/command-processor.js:12661)
	at &lt;anonymous class&gt;.DelayedCommand.prototype.executeInternal_(file:///C:/Users/maxkarpov/AppData/Local/Temp/anonymous7662347688402871649webdriver-profile/extensions/fxdriver@googlecode.com/components/command-processor.js:12666)
	at &lt;anonymous class&gt;.DelayedCommand.prototype.execute/&lt;(file:///C:/Users/maxkarpov/AppData/Local/Temp/anonymous7662347688402871649webdriver-profile/extensions/fxdriver@googlecode.com/components/command-processor.js:12608)
</error>
  </testcase>
  <testcase classname="Scenario: Anytime  12 months current - One Time Payment - success" name="When I select item &quot;2&quot; in menu &quot;Ecom_Payment_Card_ExpDate_Year&quot;" time="0.0">
    <skipped />
  </testcase>
  <testcase classname="Scenario: Anytime  12 months current - One Time Payment - success" name="When I fill &quot;cardyear&quot; with &quot;2017&quot;" time="0.0">
    <skipped />
  </testcase>
  <testcase classname="Scenario: Anytime  12 months current - One Time Payment - success" name="When I fill &quot;cardcvs&quot; with &quot;737&quot;" time="0.0">
    <skipped />
  </testcase>
  <testcase classname="Scenario: Anytime  12 months current - One Time Payment - success" name="When I click on button name &quot;payment&quot;" time="0.0">
    <skipped />
  </testcase>
  <testcase classname="Scenario: Anytime  12 months current - One Time Payment - success" name="Then I wait for order id" time="0.0">
    <skipped />
  </testcase>
  <testcase classname="Scenario: Anytime  12 months current - One Time Payment - success" name="Given I navigate to salesforce" time="0.0">
    <skipped />
  </testcase>
  <testcase classname="Scenario: Anytime  12 months current - One Time Payment - success" name="When I enter Login and Password" time="0.0">
    <skipped />
  </testcase>
  <testcase classname="Scenario: Anytime  12 months current - One Time Payment - success" name="Then I should login to Salesforce" time="0.0">
    <skipped />
  </testcase>
  <testcase classname="Scenario: Anytime  12 months current - One Time Payment - success" name="When I switch to tab &quot;Opportunities&quot;" time="0.0">
    <skipped />
  </testcase>
  <testcase classname="Scenario: Anytime  12 months current - One Time Payment - success" name="Then I am on page &quot;Opportunities&quot;" time="0.001">
    <skipped />
    <skipped />
  </testcase>
  <testcase classname="Scenario: Anytime  12 months current - One Time Payment - success" name="When I click on button name &quot;go&quot;" time="0.0">
    <skipped />
  </testcase>
  <testcase classname="Scenario: Anytime  12 months current - One Time Payment - success" name="Then I open opportunity" time="0.0">
    <skipped />
  </testcase>
  <testcase classname="Scenario: Anytime  12 months current - One Time Payment - success" name="Then I am on page &quot;Opportunity&quot;" time="0.0">
    <skipped />
  </testcase>
  <testcase classname="Scenario: Anytime  12 months current - One Time Payment - success" name="Then I can see &quot;Site&quot; filled with &quot;Aberdeen&quot;" time="0.0">
    <skipped />
  </testcase>
  <testcase classname="Scenario: Anytime  12 months current - One Time Payment - success" name="Then I can see &quot;Amount&quot; filled with &quot;total&quot;" time="0.0">
    <skipped />
  </testcase>
  <testcase classname="Scenario: Anytime  12 months current - One Time Payment - success" name="Then I can see &quot;Order Reference&quot; filled with &quot;orid&quot;" time="0.0">
    <skipped />
  </testcase>
  <testcase classname="Scenario: Anytime  12 months current - One Time Payment - success" name="Then I can see &quot;Payment Reference&quot; filled with &quot;pay&quot;" time="0.001">
    <skipped />
  </testcase>
  <testcase classname="Scenario: Anytime  12 months current - One Time Payment - success" name="Then I do save" time="0.0">
    <skipped />
  </testcase>
  <testcase classname="junit.framework.TestSuite" name="Scenario: Anytime  12 months current - One Time Payment - success" time="54.401" />
  <testcase classname="Scenario: Anytime  12 months Wellbeing current - One Time Payment - success" name="Given I open the page &quot;waf&quot;" time="0.0" />
  <testcase classname="Scenario: Anytime  12 months Wellbeing current - One Time Payment - success" name="Then I am on page &quot;aber&quot;" time="0.0" />
  <testcase classname="Scenario: Anytime  12 months Wellbeing current - One Time Payment - success" name="When I scroll down &quot;800&quot;" time="0.0" />
  <testcase classname="Scenario: Anytime  12 months Wellbeing current - One Time Payment - success" name="When I click on fieldset element &quot;choose_membership_package_form_payment_type_once&quot;" time="0.0" />
  <testcase classname="Scenario: Anytime  12 months Wellbeing current - One Time Payment - success" name="When I click on fieldset element &quot;choose_membership_package_form_commitment_12wellbeing&quot;" time="0.0" />
  <testcase classname="Scenario: Anytime  12 months Wellbeing current - One Time Payment - success" name="When I click on basket" time="0.0" />
  <testcase classname="Scenario: Anytime  12 months Wellbeing current - One Time Payment - success" name="Then I wait" time="0.0" />
  <testcase classname="Scenario: Anytime  12 months Wellbeing current - One Time Payment - success" name="Then I get amount value &quot;total&quot;" time="0.0" />
  <testcase classname="Scenario: Anytime  12 months Wellbeing current - One Time Payment - success" name="Then I get amount &quot;member&quot;" time="0.0" />
  <testcase classname="Scenario: Anytime  12 months Wellbeing current - One Time Payment - success" name="Then I grab amount &quot;fee&quot;" time="0.0" />
  <testcase classname="Scenario: Anytime  12 months Wellbeing current - One Time Payment - success" name="Then I grab amount &quot;prorata&quot;" time="0.0" />
  <testcase classname="Scenario: Anytime  12 months Wellbeing current - One Time Payment - success" name="Then I get amount &quot;monthly&quot;" time="0.0" />
  <testcase classname="Scenario: Anytime  12 months Wellbeing current - One Time Payment - success" name="Then I can see all figures good &quot;12&quot;" time="0.0" />
  <testcase classname="Scenario: Anytime  12 months Wellbeing current - One Time Payment - success" name="When I press button named &quot;commit&quot;" time="0.0" />
  <testcase classname="Scenario: Anytime  12 months Wellbeing current - One Time Payment - success" name="Then I am on page &quot;aber&quot;" time="0.0" />
  <testcase classname="Scenario: Anytime  12 months Wellbeing current - One Time Payment - success" name="When I select &quot;Mr&quot; in menu &quot;personal_details_form_title&quot;" time="0.0" />
  <testcase classname="Scenario: Anytime  12 months Wellbeing current - One Time Payment - success" name="When I fill dynamic field &quot;personal_details_form_first_name&quot; with &quot;firstname&quot;" time="0.0" />
  <testcase classname="Scenario: Anytime  12 months Wellbeing current - One Time Payment - success" name="When I fill dynamic field &quot;personal_details_form_last_name&quot; with &quot;lastname&quot;" time="0.0" />
  <testcase classname="Scenario: Anytime  12 months Wellbeing current - One Time Payment - success" name="When I click on element with id &quot;personal_details_form_date_of_birth_day&quot;" time="0.0" />
  <testcase classname="Scenario: Anytime  12 months Wellbeing current - One Time Payment - success" name="When I set to date &quot;1/1/1970&quot;" time="0.0" />
  <testcase classname="Scenario: Anytime  12 months Wellbeing current - One Time Payment - success" name="When I select &quot;Male&quot; in menu &quot;personal_details_form_gender&quot;" time="0.0" />
  <testcase classname="Scenario: Anytime  12 months Wellbeing current - One Time Payment - success" name="When I fill &quot;housenumber&quot; with &quot;473&quot;" time="0.0" />
  <testcase classname="Scenario: Anytime  12 months Wellbeing current - One Time Payment - success" name="When I fill &quot;postcode&quot; with &quot;IV448TZ&quot;" time="0.0" />
  <testcase classname="Scenario: Anytime  12 months Wellbeing current - One Time Payment - success" name="When I click on button name &quot;btn&quot;" time="0.0" />
  <testcase classname="Scenario: Anytime  12 months Wellbeing current - One Time Payment - success" name="When I fill &quot;mail&quot; with &quot;max.karpov@nuffieldhealth.com&quot;" time="0.0" />
  <testcase classname="Scenario: Anytime  12 months Wellbeing current - One Time Payment - success" name="When I fill &quot;emailconfirmation&quot; with &quot;max.karpov@nuffieldhealth.com&quot;" time="0.0" />
  <testcase classname="Scenario: Anytime  12 months Wellbeing current - One Time Payment - success" name="When I fill &quot;phone&quot; with &quot;07482716718&quot;" time="0.0" />
  <testcase classname="Scenario: Anytime  12 months Wellbeing current - One Time Payment - success" name="When I fill &quot;mobile&quot; with &quot;07482716718&quot;" time="0.0" />
  <testcase classname="Scenario: Anytime  12 months Wellbeing current - One Time Payment - success" name="When I click on fieldset element &quot;personal_details_form_unable_to_exercise_no&quot;" time="0.0" />
  <testcase classname="Scenario: Anytime  12 months Wellbeing current - One Time Payment - success" name="Then I wait" time="0.0" />
  <testcase classname="Scenario: Anytime  12 months Wellbeing current - One Time Payment - success" name="When I press button named &quot;commit&quot;" time="0.0" />
  <testcase classname="Scenario: Anytime  12 months Wellbeing current - One Time Payment - success" name="Then I am on page &quot;aber&quot;" time="0.0" />
  <testcase classname="Scenario: Anytime  12 months Wellbeing current - One Time Payment - success" name="When I scroll down" time="0.0" />
  <testcase classname="Scenario: Anytime  12 months Wellbeing current - One Time Payment - success" name="When I click on fieldset element &quot;summary_form_marketing_email&quot;" time="0.0" />
  <testcase classname="Scenario: Anytime  12 months Wellbeing current - One Time Payment - success" name="When I scroll down &quot;900&quot;" time="0.0" />
  <testcase classname="Scenario: Anytime  12 months Wellbeing current - One Time Payment - success" name="When I click on class &quot;form__row form__row--limestone form__custom-check&quot;" time="0.0" />
  <testcase classname="Scenario: Anytime  12 months Wellbeing current - One Time Payment - success" name="When I click on button name &quot;commit&quot;" time="0.0" />
  <testcase classname="Scenario: Anytime  12 months Wellbeing current - One Time Payment - success" name="Then I wait" time="0.0" />
  <testcase classname="Scenario: Anytime  12 months Wellbeing current - One Time Payment - success" name="When I click on button name &quot;VISA_brand&quot;" time="0.0" />
  <testcase classname="Scenario: Anytime  12 months Wellbeing current - One Time Payment - success" name="When I fill &quot;cardname&quot; with &quot;xyz&quot;" time="0.0" />
  <testcase classname="Scenario: Anytime  12 months Wellbeing current - One Time Payment - success" name="When I fill &quot;cardnumber&quot; with &quot;4111111111111111&quot;" time="0.0" />
  <testcase classname="Scenario: Anytime  12 months Wellbeing current - One Time Payment - success" name="When I select item &quot;2&quot; in menu &quot;Ecom_Payment_Card_ExpDate_Month&quot;" time="0.0" />
  <testcase classname="Scenario: Anytime  12 months Wellbeing current - One Time Payment - success" name="When I select item &quot;2&quot; in menu &quot;Ecom_Payment_Card_ExpDate_Year&quot;" time="0.001" />
  <testcase classname="Scenario: Anytime  12 months Wellbeing current - One Time Payment - success" name="When I fill &quot;cardyear&quot; with &quot;2017&quot;" time="0.001" />
  <testcase classname="Scenario: Anytime  12 months Wellbeing current - One Time Payment - success" name="When I fill &quot;cardcvs&quot; with &quot;737&quot;" time="0.0" />
  <testcase classname="Scenario: Anytime  12 months Wellbeing current - One Time Payment - success" name="When I click on button name &quot;payment&quot;" time="0.0" />
  <testcase classname="Scenario: Anytime  12 months Wellbeing current - One Time Payment - success" name="Then I wait for order id" time="0.0" />
  <testcase classname="Scenario: Anytime  12 months Wellbeing current - One Time Payment - success" name="Given I navigate to salesforce" time="0.0" />
  <testcase classname="Scenario: Anytime  12 months Wellbeing current - One Time Payment - success" name="When I enter Login and Password" time="0.0" />
  <testcase classname="Scenario: Anytime  12 months Wellbeing current - One Time Payment - success" name="Then I should login to Salesforce" time="0.001" />
  <testcase classname="Scenario: Anytime  12 months Wellbeing current - One Time Payment - success" name="When I switch to tab &quot;Opportunities&quot;" time="0.0" />
  <testcase classname="Scenario: Anytime  12 months Wellbeing current - One Time Payment - success" name="Then I am on page &quot;Opportunities&quot;" time="0.0" />
  <testcase classname="Scenario: Anytime  12 months Wellbeing current - One Time Payment - success" name="When I click on button name &quot;go&quot;" time="0.0" />
  <testcase classname="Scenario: Anytime  12 months Wellbeing current - One Time Payment - success" name="Then I am on page &quot;Opportunities&quot;" time="0.0" />
  <testcase classname="Scenario: Anytime  12 months Wellbeing current - One Time Payment - success" name="Then I open opportunity" time="0.0" />
  <testcase classname="Scenario: Anytime  12 months Wellbeing current - One Time Payment - success" name="Then I am on page &quot;Opportunity&quot;" time="0.0" />
  <testcase classname="Scenario: Anytime  12 months Wellbeing current - One Time Payment - success" name="Then I can see &quot;Site&quot; filled with &quot;Aberdeen&quot;" time="0.0" />
  <testcase classname="Scenario: Anytime  12 months Wellbeing current - One Time Payment - success" name="Then I can see &quot;Amount&quot; filled with &quot;total&quot;" time="0.0" />
  <testcase classname="Scenario: Anytime  12 months Wellbeing current - One Time Payment - success" name="Then I can see &quot;Order Reference&quot; filled with &quot;orid&quot;" time="0.0" />
  <testcase classname="Scenario: Anytime  12 months Wellbeing current - One Time Payment - success" name="Then I can see &quot;Payment Reference&quot; filled with &quot;pay&quot;" time="0.0" />
  <testcase classname="Scenario: Anytime  12 months Wellbeing current - One Time Payment - success" name="Then I do save" time="0.0" />
  <testcase classname="junit.framework.TestSuite" name="Scenario: Anytime  12 months Wellbeing current - One Time Payment - success" time="173.539" />
  <testcase classname="Scenario: Anytime  3 months current - One Time Payment - success" name="Given I open the page &quot;waf&quot;" time="0.0" />
  <testcase classname="Scenario: Anytime  3 months current - One Time Payment - success" name="Then I am on page &quot;aber&quot;" time="0.0" />
  <testcase classname="Scenario: Anytime  3 months current - One Time Payment - success" name="When I click on fieldset element &quot;choose_membership_package_form_payment_type_once&quot;" time="0.0" />
  <testcase classname="Scenario: Anytime  3 months current - One Time Payment - success" name="When I scroll up" time="0.0" />
  <testcase classname="Scenario: Anytime  3 months current - One Time Payment - success" name="When I click on fieldset element &quot;choose_membership_package_form_commitment_3&quot;" time="0.001" />
  <testcase classname="Scenario: Anytime  3 months current - One Time Payment - success" name="When I click on basket" time="0.0" />
  <testcase classname="Scenario: Anytime  3 months current - One Time Payment - success" name="Then I wait" time="0.0" />
  <testcase classname="Scenario: Anytime  3 months current - One Time Payment - success" name="Then I get amount value &quot;total&quot;" time="0.0" />
  <testcase classname="Scenario: Anytime  3 months current - One Time Payment - success" name="Then I get amount &quot;member&quot;" time="0.0" />
  <testcase classname="Scenario: Anytime  3 months current - One Time Payment - success" name="Then I grab amount &quot;fee&quot;" time="0.0" />
  <testcase classname="Scenario: Anytime  3 months current - One Time Payment - success" name="Then I grab amount &quot;prorata&quot;" time="0.0" />
  <testcase classname="Scenario: Anytime  3 months current - One Time Payment - success" name="Then I get amount &quot;monthly&quot;" time="0.0" />
  <testcase classname="Scenario: Anytime  3 months current - One Time Payment - success" name="Then I can see all figures good &quot;3&quot;" time="0.0" />
  <testcase classname="Scenario: Anytime  3 months current - One Time Payment - success" name="When I press button named &quot;commit&quot;" time="0.0" />
  <testcase classname="Scenario: Anytime  3 months current - One Time Payment - success" name="Then I am on page &quot;aber&quot;" time="0.0" />
  <testcase classname="Scenario: Anytime  3 months current - One Time Payment - success" name="When I select &quot;Mr&quot; in menu &quot;personal_details_form_title&quot;" time="0.0" />
  <testcase classname="Scenario: Anytime  3 months current - One Time Payment - success" name="When I fill dynamic field &quot;personal_details_form_first_name&quot; with &quot;firstname&quot;" time="0.0" />
  <testcase classname="Scenario: Anytime  3 months current - One Time Payment - success" name="When I fill dynamic field &quot;personal_details_form_last_name&quot; with &quot;lastname&quot;" time="0.0" />
  <testcase classname="Scenario: Anytime  3 months current - One Time Payment - success" name="When I click on element with id &quot;personal_details_form_date_of_birth_day&quot;" time="0.0" />
  <testcase classname="Scenario: Anytime  3 months current - One Time Payment - success" name="When I set to date &quot;1/1/1970&quot;" time="0.0" />
  <testcase classname="Scenario: Anytime  3 months current - One Time Payment - success" name="When I select &quot;Male&quot; in menu &quot;personal_details_form_gender&quot;" time="0.0" />
  <testcase classname="Scenario: Anytime  3 months current - One Time Payment - success" name="When I fill &quot;housenumber&quot; with &quot;473&quot;" time="0.0" />
  <testcase classname="Scenario: Anytime  3 months current - One Time Payment - success" name="When I fill &quot;postcode&quot; with &quot;IV448TZ&quot;" time="0.0" />
  <testcase classname="Scenario: Anytime  3 months current - One Time Payment - success" name="When I click on button name &quot;btn&quot;" time="0.0" />
  <testcase classname="Scenario: Anytime  3 months current - One Time Payment - success" name="When I fill &quot;mail&quot; with &quot;max.karpov@nuffieldhealth.com&quot;" time="0.0" />
  <testcase classname="Scenario: Anytime  3 months current - One Time Payment - success" name="When I fill &quot;emailconfirmation&quot; with &quot;max.karpov@nuffieldhealth.com&quot;" time="0.0" />
  <testcase classname="Scenario: Anytime  3 months current - One Time Payment - success" name="When I fill &quot;phone&quot; with &quot;07482716718&quot;" time="0.0" />
  <testcase classname="Scenario: Anytime  3 months current - One Time Payment - success" name="When I fill &quot;mobile&quot; with &quot;07482716718&quot;" time="0.0" />
  <testcase classname="Scenario: Anytime  3 months current - One Time Payment - success" name="When I click on fieldset element &quot;personal_details_form_unable_to_exercise_no&quot;" time="0.0" />
  <testcase classname="Scenario: Anytime  3 months current - One Time Payment - success" name="Then I wait" time="0.0" />
  <testcase classname="Scenario: Anytime  3 months current - One Time Payment - success" name="When I press button named &quot;commit&quot;" time="0.0" />
  <testcase classname="Scenario: Anytime  3 months current - One Time Payment - success" name="Then I am on page &quot;aber&quot;" time="0.0" />
  <testcase classname="Scenario: Anytime  3 months current - One Time Payment - success" name="When I scroll down" time="0.0" />
  <testcase classname="Scenario: Anytime  3 months current - One Time Payment - success" name="When I click on fieldset element &quot;summary_form_marketing_email&quot;" time="0.0" />
  <testcase classname="Scenario: Anytime  3 months current - One Time Payment - success" name="When I scroll down &quot;900&quot;" time="0.01" />
  <testcase classname="Scenario: Anytime  3 months current - One Time Payment - success" name="When I click on class &quot;form__row form__row--limestone form__custom-check&quot;" time="0.0" />
  <testcase classname="Scenario: Anytime  3 months current - One Time Payment - success" name="When I click on button name &quot;commit&quot;" time="0.0" />
  <testcase classname="Scenario: Anytime  3 months current - One Time Payment - success" name="Then I wait" time="0.0" />
  <testcase classname="Scenario: Anytime  3 months current - One Time Payment - success" name="When I click on button name &quot;VISA_brand&quot;" time="0.001" />
  <testcase classname="Scenario: Anytime  3 months current - One Time Payment - success" name="When I fill &quot;cardname&quot; with &quot;xyz&quot;" time="0.0" />
  <testcase classname="Scenario: Anytime  3 months current - One Time Payment - success" name="When I fill &quot;cardnumber&quot; with &quot;4111111111111111&quot;" time="0.0" />
  <testcase classname="Scenario: Anytime  3 months current - One Time Payment - success" name="When I select item &quot;2&quot; in menu &quot;Ecom_Payment_Card_ExpDate_Month&quot;" time="0.0" />
  <testcase classname="Scenario: Anytime  3 months current - One Time Payment - success" name="When I select item &quot;2&quot; in menu &quot;Ecom_Payment_Card_ExpDate_Year&quot;" time="0.0" />
  <testcase classname="Scenario: Anytime  3 months current - One Time Payment - success" name="When I fill &quot;cardyear&quot; with &quot;2017&quot;" time="0.0" />
  <testcase classname="Scenario: Anytime  3 months current - One Time Payment - success" name="When I fill &quot;cardcvs&quot; with &quot;737&quot;" time="0.0" />
  <testcase classname="Scenario: Anytime  3 months current - One Time Payment - success" name="When I click on button name &quot;payment&quot;" time="0.0" />
  <testcase classname="Scenario: Anytime  3 months current - One Time Payment - success" name="Then I wait for order id" time="0.0" />
  <testcase classname="Scenario: Anytime  3 months current - One Time Payment - success" name="Given I navigate to salesforce" time="0.0" />
  <testcase classname="Scenario: Anytime  3 months current - One Time Payment - success" name="When I enter Login and Password" time="0.0" />
  <testcase classname="Scenario: Anytime  3 months current - One Time Payment - success" name="Then I should login to Salesforce" time="0.0" />
  <testcase classname="Scenario: Anytime  3 months current - One Time Payment - success" name="When I switch to tab &quot;Opportunities&quot;" time="0.0" />
  <testcase classname="Scenario: Anytime  3 months current - One Time Payment - success" name="Then I am on page &quot;Opportunities&quot;" time="0.0" />
  <testcase classname="Scenario: Anytime  3 months current - One Time Payment - success" name="When I click on button name &quot;go&quot;" time="0.0" />
  <testcase classname="Scenario: Anytime  3 months current - One Time Payment - success" name="Then I am on page &quot;Opportunities&quot;" time="0.0" />
  <testcase classname="Scenario: Anytime  3 months current - One Time Payment - success" name="Then I open opportunity" time="0.0" />
  <testcase classname="Scenario: Anytime  3 months current - One Time Payment - success" name="Then I am on page &quot;Opportunity&quot;" time="0.0" />
  <testcase classname="Scenario: Anytime  3 months current - One Time Payment - success" name="Then I can see &quot;Site&quot; filled with &quot;Aberdeen&quot;" time="0.0" />
  <testcase classname="Scenario: Anytime  3 months current - One Time Payment - success" name="Then I can see &quot;Amount&quot; filled with &quot;total&quot;" time="0.0" />
  <testcase classname="Scenario: Anytime  3 months current - One Time Payment - success" name="Then I can see &quot;Order Reference&quot; filled with &quot;orid&quot;" time="0.0" />
  <testcase classname="Scenario: Anytime  3 months current - One Time Payment - success" name="Then I can see &quot;Payment Reference&quot; filled with &quot;pay&quot;" time="0.0" />
  <testcase classname="Scenario: Anytime  3 months current - One Time Payment - success" name="Then I do save" time="0.0" />
  <testcase classname="junit.framework.TestSuite" name="Scenario: Anytime  3 months current - One Time Payment - success" time="174.111" />
  <testcase classname="Scenario: Off peak -  12 months current - One Time Payment - success" name="Given I open the page &quot;waf&quot;" time="0.001" />
  <testcase classname="Scenario: Off peak -  12 months current - One Time Payment - success" name="Then I am on page &quot;aber&quot;" time="0.0" />
  <testcase classname="Scenario: Off peak -  12 months current - One Time Payment - success" name="When I scroll down &quot;390&quot;" time="0.001" />
  <testcase classname="Scenario: Off peak -  12 months current - One Time Payment - success" name="When I click text &quot;Off peak&quot;" time="0.0" />
  <testcase classname="Scenario: Off peak -  12 months current - One Time Payment - success" name="When I scroll down &quot;350&quot;" time="0.0" />
  <testcase classname="Scenario: Off peak -  12 months current - One Time Payment - success" name="When I click on fieldset element &quot;choose_membership_package_form_payment_type_once&quot;" time="0.0" />
  <testcase classname="Scenario: Off peak -  12 months current - One Time Payment - success" name="When I click on basket" time="0.0" />
  <testcase classname="Scenario: Off peak -  12 months current - One Time Payment - success" name="Then I wait" time="0.0" />
  <testcase classname="Scenario: Off peak -  12 months current - One Time Payment - success" name="Then I get amount value &quot;total&quot;" time="0.0" />
  <testcase classname="Scenario: Off peak -  12 months current - One Time Payment - success" name="Then I get amount &quot;member&quot;" time="0.0" />
  <testcase classname="Scenario: Off peak -  12 months current - One Time Payment - success" name="Then I grab amount &quot;fee&quot;" time="0.0" />
  <testcase classname="Scenario: Off peak -  12 months current - One Time Payment - success" name="Then I grab amount &quot;prorata&quot;" time="0.0" />
  <testcase classname="Scenario: Off peak -  12 months current - One Time Payment - success" name="Then I get amount &quot;monthly&quot;" time="0.0" />
  <testcase classname="Scenario: Off peak -  12 months current - One Time Payment - success" name="Then I can see all figures good &quot;12&quot;" time="0.0" />
  <testcase classname="Scenario: Off peak -  12 months current - One Time Payment - success" name="When I press button named &quot;commit&quot;" time="0.0" />
  <testcase classname="Scenario: Off peak -  12 months current - One Time Payment - success" name="Then I am on page &quot;aber&quot;" time="0.0" />
  <testcase classname="Scenario: Off peak -  12 months current - One Time Payment - success" name="When I select &quot;Mr&quot; in menu &quot;personal_details_form_title&quot;" time="0.0" />
  <testcase classname="Scenario: Off peak -  12 months current - One Time Payment - success" name="When I fill dynamic field &quot;personal_details_form_first_name&quot; with &quot;firstname&quot;" time="0.0" />
  <testcase classname="Scenario: Off peak -  12 months current - One Time Payment - success" name="When I fill dynamic field &quot;personal_details_form_last_name&quot; with &quot;lastname&quot;" time="0.0" />
  <testcase classname="Scenario: Off peak -  12 months current - One Time Payment - success" name="When I click on element with id &quot;personal_details_form_date_of_birth_day&quot;" time="0.0" />
  <testcase classname="Scenario: Off peak -  12 months current - One Time Payment - success" name="When I set to date &quot;1/1/1970&quot;" time="0.0" />
  <testcase classname="Scenario: Off peak -  12 months current - One Time Payment - success" name="When I select &quot;Male&quot; in menu &quot;personal_details_form_gender&quot;" time="0.0" />
  <testcase classname="Scenario: Off peak -  12 months current - One Time Payment - success" name="When I fill &quot;housenumber&quot; with &quot;473&quot;" time="0.0" />
  <testcase classname="Scenario: Off peak -  12 months current - One Time Payment - success" name="When I fill &quot;postcode&quot; with &quot;IV448TZ&quot;" time="0.0" />
  <testcase classname="Scenario: Off peak -  12 months current - One Time Payment - success" name="When I click on button name &quot;btn&quot;" time="0.0" />
  <testcase classname="Scenario: Off peak -  12 months current - One Time Payment - success" name="When I fill &quot;mail&quot; with &quot;max.karpov@nuffieldhealth.com&quot;" time="0.0" />
  <testcase classname="Scenario: Off peak -  12 months current - One Time Payment - success" name="When I fill &quot;emailconfirmation&quot; with &quot;max.karpov@nuffieldhealth.com&quot;" time="0.0" />
  <testcase classname="Scenario: Off peak -  12 months current - One Time Payment - success" name="When I fill &quot;phone&quot; with &quot;07482716718&quot;" time="0.0" />
  <testcase classname="Scenario: Off peak -  12 months current - One Time Payment - success" name="When I fill &quot;mobile&quot; with &quot;07482716718&quot;" time="0.0" />
  <testcase classname="Scenario: Off peak -  12 months current - One Time Payment - success" name="When I click on fieldset element &quot;personal_details_form_unable_to_exercise_no&quot;" time="0.0" />
  <testcase classname="Scenario: Off peak -  12 months current - One Time Payment - success" name="Then I wait" time="0.0" />
  <testcase classname="Scenario: Off peak -  12 months current - One Time Payment - success" name="When I press button named &quot;commit&quot;" time="0.0" />
  <testcase classname="Scenario: Off peak -  12 months current - One Time Payment - success" name="Then I am on page &quot;aber&quot;" time="0.0" />
  <testcase classname="Scenario: Off peak -  12 months current - One Time Payment - success" name="When I click on fieldset element &quot;summary_form_marketing_email&quot;" time="0.0" />
  <testcase classname="Scenario: Off peak -  12 months current - One Time Payment - success" name="When I scroll down &quot;900&quot;" time="0.0" />
  <testcase classname="Scenario: Off peak -  12 months current - One Time Payment - success" name="When I click on class &quot;form__row form__row--limestone form__custom-check&quot;" time="0.0" />
  <testcase classname="Scenario: Off peak -  12 months current - One Time Payment - success" name="When I click on button name &quot;commit&quot;" time="0.0" />
  <testcase classname="Scenario: Off peak -  12 months current - One Time Payment - success" name="Then I wait" time="0.0" />
  <testcase classname="Scenario: Off peak -  12 months current - One Time Payment - success" name="When I click on button name &quot;VISA_brand&quot;" time="0.0" />
  <testcase classname="Scenario: Off peak -  12 months current - One Time Payment - success" name="When I fill &quot;cardname&quot; with &quot;xyz&quot;" time="0.0" />
  <testcase classname="Scenario: Off peak -  12 months current - One Time Payment - success" name="When I fill &quot;cardnumber&quot; with &quot;4111111111111111&quot;" time="0.0" />
  <testcase classname="Scenario: Off peak -  12 months current - One Time Payment - success" name="When I select item &quot;2&quot; in menu &quot;Ecom_Payment_Card_ExpDate_Month&quot;" time="0.0" />
  <testcase classname="Scenario: Off peak -  12 months current - One Time Payment - success" name="When I select item &quot;2&quot; in menu &quot;Ecom_Payment_Card_ExpDate_Year&quot;" time="0.0" />
  <testcase classname="Scenario: Off peak -  12 months current - One Time Payment - success" name="When I fill &quot;cardyear&quot; with &quot;2017&quot;" time="0.0" />
  <testcase classname="Scenario: Off peak -  12 months current - One Time Payment - success" name="When I fill &quot;cardcvs&quot; with &quot;737&quot;" time="0.001" />
  <testcase classname="Scenario: Off peak -  12 months current - One Time Payment - success" name="When I click on button name &quot;payment&quot;" time="0.0" />
  <testcase classname="Scenario: Off peak -  12 months current - One Time Payment - success" name="Then I wait for order id" time="0.0" />
  <testcase classname="Scenario: Off peak -  12 months current - One Time Payment - success" name="Given I navigate to salesforce" time="0.0" />
  <testcase classname="Scenario: Off peak -  12 months current - One Time Payment - success" name="When I enter Login and Password" time="0.0" />
  <testcase classname="Scenario: Off peak -  12 months current - One Time Payment - success" name="Then I should login to Salesforce" time="0.0" />
  <testcase classname="Scenario: Off peak -  12 months current - One Time Payment - success" name="When I switch to tab &quot;Opportunities&quot;" time="0.0" />
  <testcase classname="Scenario: Off peak -  12 months current - One Time Payment - success" name="Then I am on page &quot;Opportunities&quot;" time="0.0" />
  <testcase classname="Scenario: Off peak -  12 months current - One Time Payment - success" name="When I click on button name &quot;go&quot;" time="0.0" />
  <testcase classname="Scenario: Off peak -  12 months current - One Time Payment - success" name="Then I am on page &quot;Opportunities&quot;" time="0.0" />
  <testcase classname="Scenario: Off peak -  12 months current - One Time Payment - success" name="Then I open opportunity" time="0.0" />
  <testcase classname="Scenario: Off peak -  12 months current - One Time Payment - success" name="Then I am on page &quot;Opportunity&quot;" time="0.0" />
  <testcase classname="Scenario: Off peak -  12 months current - One Time Payment - success" name="Then I can see &quot;Site&quot; filled with &quot;Aberdeen&quot;" time="0.0" />
  <testcase classname="Scenario: Off peak -  12 months current - One Time Payment - success" name="Then I can see &quot;Amount&quot; filled with &quot;total&quot;" time="0.01" />
  <testcase classname="Scenario: Off peak -  12 months current - One Time Payment - success" name="Then I can see &quot;Order Reference&quot; filled with &quot;orid&quot;" time="0.0" />
  <testcase classname="Scenario: Off peak -  12 months current - One Time Payment - success" name="Then I can see &quot;Payment Reference&quot; filled with &quot;pay&quot;" time="0.0" />
  <testcase classname="Scenario: Off peak -  12 months current - One Time Payment - success" name="Then I do save" time="0.0" />
  <testcase classname="junit.framework.TestSuite" name="Scenario: Off peak -  12 months current - One Time Payment - success" time="178.449" />
  <testcase classname="Scenario: Off Peak  12 months Wellbeing current - One Time Payment - success" name="Given I open the page &quot;waf&quot;" time="0.0" />
  <testcase classname="Scenario: Off Peak  12 months Wellbeing current - One Time Payment - success" name="Then I am on page &quot;aber&quot;" time="0.0" />
  <testcase classname="Scenario: Off Peak  12 months Wellbeing current - One Time Payment - success" name="When I click on fieldset element &quot;choose_membership_package_form_commitment_12wellbeing&quot;" time="0.0" />
  <testcase classname="Scenario: Off Peak  12 months Wellbeing current - One Time Payment - success" name="When I click on fieldset element &quot;choose_membership_package_form_payment_type_once&quot;" time="0.0" />
  <testcase classname="Scenario: Off Peak  12 months Wellbeing current - One Time Payment - success" name="When I click span &quot;Off peak&quot;" time="0.0" />
  <testcase classname="Scenario: Off Peak  12 months Wellbeing current - One Time Payment - success" name="When I click on basket" time="0.0" />
  <testcase classname="Scenario: Off Peak  12 months Wellbeing current - One Time Payment - success" name="Then I wait" time="0.0" />
  <testcase classname="Scenario: Off Peak  12 months Wellbeing current - One Time Payment - success" name="Then I get amount value &quot;total&quot;" time="0.0" />
  <testcase classname="Scenario: Off Peak  12 months Wellbeing current - One Time Payment - success" name="Then I get amount &quot;member&quot;" time="0.0" />
  <testcase classname="Scenario: Off Peak  12 months Wellbeing current - One Time Payment - success" name="Then I grab amount &quot;fee&quot;" time="0.0" />
  <testcase classname="Scenario: Off Peak  12 months Wellbeing current - One Time Payment - success" name="Then I grab amount &quot;prorata&quot;" time="0.0" />
  <testcase classname="Scenario: Off Peak  12 months Wellbeing current - One Time Payment - success" name="Then I get amount &quot;monthly&quot;" time="0.0" />
  <testcase classname="Scenario: Off Peak  12 months Wellbeing current - One Time Payment - success" name="Then I can see all figures good &quot;12&quot;" time="0.0" />
  <testcase classname="Scenario: Off Peak  12 months Wellbeing current - One Time Payment - success" name="When I press button named &quot;commit&quot;" time="0.0" />
  <testcase classname="Scenario: Off Peak  12 months Wellbeing current - One Time Payment - success" name="Then I am on page &quot;aber&quot;" time="0.0" />
  <testcase classname="Scenario: Off Peak  12 months Wellbeing current - One Time Payment - success" name="When I select &quot;Mr&quot; in menu &quot;personal_details_form_title&quot;" time="0.0" />
  <testcase classname="Scenario: Off Peak  12 months Wellbeing current - One Time Payment - success" name="When I fill dynamic field &quot;personal_details_form_first_name&quot; with &quot;firstname&quot;" time="0.0" />
  <testcase classname="Scenario: Off Peak  12 months Wellbeing current - One Time Payment - success" name="When I fill dynamic field &quot;personal_details_form_last_name&quot; with &quot;lastname&quot;" time="0.0" />
  <testcase classname="Scenario: Off Peak  12 months Wellbeing current - One Time Payment - success" name="When I click on element with id &quot;personal_details_form_date_of_birth_day&quot;" time="0.0" />
  <testcase classname="Scenario: Off Peak  12 months Wellbeing current - One Time Payment - success" name="When I set to date &quot;1/1/1970&quot;" time="0.0" />
  <testcase classname="Scenario: Off Peak  12 months Wellbeing current - One Time Payment - success" name="When I select &quot;Male&quot; in menu &quot;personal_details_form_gender&quot;" time="0.0" />
  <testcase classname="Scenario: Off Peak  12 months Wellbeing current - One Time Payment - success" name="When I fill &quot;housenumber&quot; with &quot;473&quot;" time="0.0" />
  <testcase classname="Scenario: Off Peak  12 months Wellbeing current - One Time Payment - success" name="When I fill &quot;postcode&quot; with &quot;IV448TZ&quot;" time="0.0" />
  <testcase classname="Scenario: Off Peak  12 months Wellbeing current - One Time Payment - success" name="When I click on button name &quot;btn&quot;" time="0.0" />
  <testcase classname="Scenario: Off Peak  12 months Wellbeing current - One Time Payment - success" name="When I fill &quot;mail&quot; with &quot;max.karpov@nuffieldhealth.com&quot;" time="0.0" />
  <testcase classname="Scenario: Off Peak  12 months Wellbeing current - One Time Payment - success" name="When I fill &quot;emailconfirmation&quot; with &quot;max.karpov@nuffieldhealth.com&quot;" time="0.0" />
  <testcase classname="Scenario: Off Peak  12 months Wellbeing current - One Time Payment - success" name="When I fill &quot;phone&quot; with &quot;07482716718&quot;" time="0.0" />
  <testcase classname="Scenario: Off Peak  12 months Wellbeing current - One Time Payment - success" name="When I fill &quot;mobile&quot; with &quot;07482716718&quot;" time="0.001" />
  <testcase classname="Scenario: Off Peak  12 months Wellbeing current - One Time Payment - success" name="When I click on fieldset element &quot;personal_details_form_unable_to_exercise_no&quot;" time="0.0" />
  <testcase classname="Scenario: Off Peak  12 months Wellbeing current - One Time Payment - success" name="Then I wait" time="0.0" />
  <testcase classname="Scenario: Off Peak  12 months Wellbeing current - One Time Payment - success" name="When I press button named &quot;commit&quot;" time="0.0" />
  <testcase classname="Scenario: Off Peak  12 months Wellbeing current - One Time Payment - success" name="Then I am on page &quot;aber&quot;" time="0.0" />
  <testcase classname="Scenario: Off Peak  12 months Wellbeing current - One Time Payment - success" name="When I click on fieldset element &quot;summary_form_marketing_email&quot;" time="0.0" />
  <testcase classname="Scenario: Off Peak  12 months Wellbeing current - One Time Payment - success" name="When I scroll down &quot;900&quot;" time="0.0" />
  <testcase classname="Scenario: Off Peak  12 months Wellbeing current - One Time Payment - success" name="When I click on class &quot;form__row form__row--limestone form__custom-check&quot;" time="0.0" />
  <testcase classname="Scenario: Off Peak  12 months Wellbeing current - One Time Payment - success" name="When I click on button name &quot;commit&quot;" time="0.0" />
  <testcase classname="Scenario: Off Peak  12 months Wellbeing current - One Time Payment - success" name="Then I wait" time="0.0" />
  <testcase classname="Scenario: Off Peak  12 months Wellbeing current - One Time Payment - success" name="When I click on button name &quot;VISA_brand&quot;" time="0.0" />
  <testcase classname="Scenario: Off Peak  12 months Wellbeing current - One Time Payment - success" name="When I fill &quot;cardname&quot; with &quot;xyz&quot;" time="0.0" />
  <testcase classname="Scenario: Off Peak  12 months Wellbeing current - One Time Payment - success" name="When I fill &quot;cardnumber&quot; with &quot;4111111111111111&quot;" time="0.0" />
  <testcase classname="Scenario: Off Peak  12 months Wellbeing current - One Time Payment - success" name="When I select item &quot;2&quot; in menu &quot;Ecom_Payment_Card_ExpDate_Month&quot;" time="0.001" />
  <testcase classname="Scenario: Off Peak  12 months Wellbeing current - One Time Payment - success" name="When I select item &quot;2&quot; in menu &quot;Ecom_Payment_Card_ExpDate_Year&quot;" time="0.0" />
  <testcase classname="Scenario: Off Peak  12 months Wellbeing current - One Time Payment - success" name="When I fill &quot;cardyear&quot; with &quot;2017&quot;" time="0.0" />
  <testcase classname="Scenario: Off Peak  12 months Wellbeing current - One Time Payment - success" name="When I fill &quot;cardcvs&quot; with &quot;737&quot;" time="0.0" />
  <testcase classname="Scenario: Off Peak  12 months Wellbeing current - One Time Payment - success" name="When I click on button name &quot;payment&quot;" time="0.0" />
  <testcase classname="Scenario: Off Peak  12 months Wellbeing current - One Time Payment - success" name="Then I wait for order id" time="0.0" />
  <testcase classname="Scenario: Off Peak  12 months Wellbeing current - One Time Payment - success" name="Given I navigate to salesforce" time="0.0" />
  <testcase classname="Scenario: Off Peak  12 months Wellbeing current - One Time Payment - success" name="When I enter Login and Password" time="0.0" />
  <testcase classname="Scenario: Off Peak  12 months Wellbeing current - One Time Payment - success" name="Then I should login to Salesforce" time="0.0" />
  <testcase classname="Scenario: Off Peak  12 months Wellbeing current - One Time Payment - success" name="When I switch to tab &quot;Opportunities&quot;" time="0.0" />
  <testcase classname="Scenario: Off Peak  12 months Wellbeing current - One Time Payment - success" name="Then I am on page &quot;Opportunities&quot;" time="0.0" />
  <testcase classname="Scenario: Off Peak  12 months Wellbeing current - One Time Payment - success" name="When I click on button name &quot;go&quot;" time="0.0" />
  <testcase classname="Scenario: Off Peak  12 months Wellbeing current - One Time Payment - success" name="Then I am on page &quot;Opportunities&quot;" time="0.0" />
  <testcase classname="Scenario: Off Peak  12 months Wellbeing current - One Time Payment - success" name="Then I open opportunity" time="0.0" />
  <testcase classname="Scenario: Off Peak  12 months Wellbeing current - One Time Payment - success" name="Then I am on page &quot;Opportunity&quot;" time="0.0" />
  <testcase classname="Scenario: Off Peak  12 months Wellbeing current - One Time Payment - success" name="Then I can see &quot;Site&quot; filled with &quot;Aberdeen&quot;" time="0.0" />
  <testcase classname="Scenario: Off Peak  12 months Wellbeing current - One Time Payment - success" name="Then I can see &quot;Amount&quot; filled with &quot;total&quot;" time="0.0" />
  <testcase classname="Scenario: Off Peak  12 months Wellbeing current - One Time Payment - success" name="Then I can see &quot;Order Reference&quot; filled with &quot;orid&quot;" time="0.0" />
  <testcase classname="Scenario: Off Peak  12 months Wellbeing current - One Time Payment - success" name="Then I can see &quot;Payment Reference&quot; filled with &quot;pay&quot;" time="0.0" />
  <testcase classname="Scenario: Off Peak  12 months Wellbeing current - One Time Payment - success" name="Then I do save" time="0.0" />
  <testcase classname="junit.framework.TestSuite" name="Scenario: Off Peak  12 months Wellbeing current - One Time Payment - success" time="186.14" />
  <testcase classname="Scenario: Anytime  12 months current - Direct Debit - success" name="Given I open the page &quot;waf&quot;" time="0.0" />
  <testcase classname="Scenario: Anytime  12 months current - Direct Debit - success" name="Then I am on page &quot;aber&quot;" time="0.001" />
  <testcase classname="Scenario: Anytime  12 months current - Direct Debit - success" name="When I click on basket" time="0.0" />
  <testcase classname="Scenario: Anytime  12 months current - Direct Debit - success" name="Then I get amount value &quot;total&quot;" time="0.0" />
  <testcase classname="Scenario: Anytime  12 months current - Direct Debit - success" name="Then I grab amount &quot;fee&quot;" time="0.0" />
  <testcase classname="Scenario: Anytime  12 months current - Direct Debit - success" name="Then I grab amount &quot;prorata&quot;" time="0.0" />
  <testcase classname="Scenario: Anytime  12 months current - Direct Debit - success" name="Then I get amount &quot;monthly&quot;" time="0.0" />
  <testcase classname="Scenario: Anytime  12 months current - Direct Debit - success" name="Then I am on page &quot;aber&quot;" time="0.0" />
  <testcase classname="Scenario: Anytime  12 months current - Direct Debit - success" name="Then I check figures &quot;12&quot;" time="0.0" />
  <testcase classname="Scenario: Anytime  12 months current - Direct Debit - success" name="When I press button named &quot;commit&quot;" time="0.0" />
  <testcase classname="Scenario: Anytime  12 months current - Direct Debit - success" name="Then I am on page &quot;aber&quot;" time="0.0" />
  <testcase classname="Scenario: Anytime  12 months current - Direct Debit - success" name="When I select &quot;Mr&quot; in menu &quot;personal_details_form_title&quot;" time="0.0" />
  <testcase classname="Scenario: Anytime  12 months current - Direct Debit - success" name="When I fill &quot;fname&quot; with &quot;David&quot;" time="0.0" />
  <testcase classname="Scenario: Anytime  12 months current - Direct Debit - success" name="When I fill &quot;lname&quot; with &quot;Archer&quot;" time="0.0" />
  <testcase classname="Scenario: Anytime  12 months current - Direct Debit - success" name="When I click on element with id &quot;personal_details_form_date_of_birth_day&quot;" time="0.0" />
  <testcase classname="Scenario: Anytime  12 months current - Direct Debit - success" name="When I set to date &quot;1/2/1947&quot;" time="0.0" />
  <testcase classname="Scenario: Anytime  12 months current - Direct Debit - success" name="When I select &quot;Male&quot; in menu &quot;personal_details_form_gender&quot;" time="0.0" />
  <testcase classname="Scenario: Anytime  12 months current - Direct Debit - success" name="When I fill &quot;housenumber&quot; with &quot;530&quot;" time="0.0" />
  <testcase classname="Scenario: Anytime  12 months current - Direct Debit - success" name="When I fill &quot;postcode&quot; with &quot;BA133BN&quot;" time="0.0" />
  <testcase classname="Scenario: Anytime  12 months current - Direct Debit - success" name="When I click on button name &quot;btn&quot;" time="0.0" />
  <testcase classname="Scenario: Anytime  12 months current - Direct Debit - success" name="When I fill &quot;mail&quot; with &quot;max.karpov@nuffieldhealth.com&quot;" time="0.0" />
  <testcase classname="Scenario: Anytime  12 months current - Direct Debit - success" name="When I fill &quot;emailconfirmation&quot; with &quot;max.karpov@nuffieldhealth.com&quot;" time="0.01" />
  <testcase classname="Scenario: Anytime  12 months current - Direct Debit - success" name="When I fill &quot;phone&quot; with &quot;07482716718&quot;" time="0.0" />
  <testcase classname="Scenario: Anytime  12 months current - Direct Debit - success" name="When I fill &quot;mobile&quot; with &quot;07482716718&quot;" time="0.0" />
  <testcase classname="Scenario: Anytime  12 months current - Direct Debit - success" name="When I click on fieldset element &quot;personal_details_form_unable_to_exercise_no&quot;" time="0.0" />
  <testcase classname="Scenario: Anytime  12 months current - Direct Debit - success" name="When I press button named &quot;commit&quot;" time="0.0" />
  <testcase classname="Scenario: Anytime  12 months current - Direct Debit - success" name="Then I am on page &quot;aber&quot;" time="0.0" />
  <testcase classname="Scenario: Anytime  12 months current - Direct Debit - success" name="When I click on fieldset element &quot;summary_form_marketing_email&quot;" time="0.0" />
  <testcase classname="Scenario: Anytime  12 months current - Direct Debit - success" name="When I scroll down &quot;900&quot;" time="0.0" />
  <testcase classname="Scenario: Anytime  12 months current - Direct Debit - success" name="When I click on class &quot;form__row form__row--limestone form__custom-check&quot;" time="0.0" />
  <testcase classname="Scenario: Anytime  12 months current - Direct Debit - success" name="When I click on button name &quot;commit&quot;" time="0.0" />
  <testcase classname="Scenario: Anytime  12 months current - Direct Debit - success" name="Then I am on page &quot;aber&quot;" time="0.0" />
  <testcase classname="Scenario: Anytime  12 months current - Direct Debit - success" name="When I click on label &quot;direct_debit_form_confirm&quot;" time="0.0" />
  <testcase classname="Scenario: Anytime  12 months current - Direct Debit - success" name="When I click on button name &quot;commit&quot;" time="0.0" />
  <testcase classname="Scenario: Anytime  12 months current - Direct Debit - success" name="When I fill number field &quot;direct_debit_account_details_form_account_number&quot; with &quot;40308669&quot;" time="0.0" />
  <testcase classname="Scenario: Anytime  12 months current - Direct Debit - success" name="When I fill number field &quot;direct_debit_account_details_form_sort_code_p1&quot; with &quot;56&quot;" time="0.0" />
  <testcase classname="Scenario: Anytime  12 months current - Direct Debit - success" name="When I fill number field &quot;direct_debit_account_details_form_sort_code_p2&quot; with &quot;00&quot;" time="0.0" />
  <testcase classname="Scenario: Anytime  12 months current - Direct Debit - success" name="When I fill number field &quot;direct_debit_account_details_form_sort_code_p3&quot; with &quot;36&quot;" time="0.0" />
  <testcase classname="Scenario: Anytime  12 months current - Direct Debit - success" name="When I fill &quot;holder&quot; with &quot;David Archer&quot;" time="0.0" />
  <testcase classname="Scenario: Anytime  12 months current - Direct Debit - success" name="When I press button named &quot;commit&quot;" time="0.0" />
  <testcase classname="Scenario: Anytime  12 months current - Direct Debit - success" name="Then I am on page &quot;aber&quot;" time="0.0" />
  <testcase classname="Scenario: Anytime  12 months current - Direct Debit - success" name="When I press button named &quot;commit&quot;" time="0.0" />
  <testcase classname="Scenario: Anytime  12 months current - Direct Debit - success" name="Then I am on page &quot;aber&quot;" time="0.0" />
  <testcase classname="Scenario: Anytime  12 months current - Direct Debit - success" name="When I click on &quot;NEXT&quot;" time="0.0" />
  <testcase classname="Scenario: Anytime  12 months current - Direct Debit - success" name="Then I am on page &quot;pay&quot;" time="0.0" />
  <testcase classname="Scenario: Anytime  12 months current - Direct Debit - success" name="Then I wait" time="0.0" />
  <testcase classname="Scenario: Anytime  12 months current - Direct Debit - success" name="When I click on button name &quot;VISA_brand&quot;" time="0.0" />
  <testcase classname="Scenario: Anytime  12 months current - Direct Debit - success" name="When I fill &quot;cardname&quot; with &quot;xyz&quot;" time="0.0" />
  <testcase classname="Scenario: Anytime  12 months current - Direct Debit - success" name="When I fill &quot;cardnumber&quot; with &quot;4111111111111111&quot;" time="0.0" />
  <testcase classname="Scenario: Anytime  12 months current - Direct Debit - success" name="When I select item &quot;2&quot; in menu &quot;Ecom_Payment_Card_ExpDate_Month&quot;" time="0.0" />
  <testcase classname="Scenario: Anytime  12 months current - Direct Debit - success" name="When I select item &quot;2&quot; in menu &quot;Ecom_Payment_Card_ExpDate_Year&quot;" time="0.0" />
  <testcase classname="Scenario: Anytime  12 months current - Direct Debit - success" name="When I fill &quot;cardyear&quot; with &quot;2017&quot;" time="0.0" />
  <testcase classname="Scenario: Anytime  12 months current - Direct Debit - success" name="When I fill &quot;cardcvs&quot; with &quot;737&quot;" time="0.0" />
  <testcase classname="Scenario: Anytime  12 months current - Direct Debit - success" name="When I click on button name &quot;payment&quot;" time="0.0" />
  <testcase classname="Scenario: Anytime  12 months current - Direct Debit - success" name="Then I wait for order id" time="0.0">
    <error message="Timed out after 45 seconds waiting for element to be clickable: By.xpath: //h2[contains(., &apos;Your order number is&apos;)]&#xa;Build info: version: &apos;2.53.1&apos;, revision: &apos;a36b8b1cd5757287168e54b817830adce9b0158d&apos;, time: &apos;2016-06-30 19:26:09&apos;&#xa;System info: host: &apos;NUFLCNU417CBJ1&apos;, ip: &apos;10.152.1.245&apos;, os.name: &apos;Windows 7&apos;, os.arch: &apos;amd64&apos;, os.version: &apos;6.1&apos;, java.version: &apos;1.8.0_65&apos;&#xa;Driver info: org.openqa.selenium.firefox.FirefoxDriver&#xa;Capabilities [{applicationCacheEnabled=true, rotatable=false, handlesAlerts=true, databaseEnabled=true, version=47.0.1, platform=WINDOWS, nativeEvents=false, acceptSslCerts=true, webStorageEnabled=true, locationContextEnabled=true, browserName=firefox, takesScreenshot=true, javascriptEnabled=true, cssSelectorsEnabled=true}]&#xa;Session ID: 35dbb26d-a36d-4026-b5e6-d1b37e4d026c" type="org.openqa.selenium.TimeoutException">org.openqa.selenium.TimeoutException: Timed out after 45 seconds waiting for element to be clickable: By.xpath: //h2[contains(., &apos;Your order number is&apos;)]
Build info: version: &apos;2.53.1&apos;, revision: &apos;a36b8b1cd5757287168e54b817830adce9b0158d&apos;, time: &apos;2016-06-30 19:26:09&apos;
System info: host: &apos;NUFLCNU417CBJ1&apos;, ip: &apos;10.152.1.245&apos;, os.name: &apos;Windows 7&apos;, os.arch: &apos;amd64&apos;, os.version: &apos;6.1&apos;, java.version: &apos;1.8.0_65&apos;
Driver info: org.openqa.selenium.firefox.FirefoxDriver
Capabilities [{applicationCacheEnabled=true, rotatable=false, handlesAlerts=true, databaseEnabled=true, version=47.0.1, platform=WINDOWS, nativeEvents=false, acceptSslCerts=true, webStorageEnabled=true, locationContextEnabled=true, browserName=firefox, takesScreenshot=true, javascriptEnabled=true, cssSelectorsEnabled=true}]
Session ID: 35dbb26d-a36d-4026-b5e6-d1b37e4d026c
	at org.openqa.selenium.support.ui.WebDriverWait.timeoutException(WebDriverWait.java:80)
	at org.openqa.selenium.support.ui.FluentWait.until(FluentWait.java:261)
	at LoginTest.Then_I_wait_for_order_id(LoginTest.java:1312)
	at ✽.Then I wait for order id(src/test/olj.feature:422)
Caused by: org.openqa.selenium.NoSuchElementException: Unable to locate element: {&quot;method&quot;:&quot;xpath&quot;,&quot;selector&quot;:&quot;//h2[contains(., &apos;Your order number is&apos;)]&quot;}
Command duration or timeout: 20 milliseconds
For documentation on this error, please visit: http://seleniumhq.org/exceptions/no_such_element.html
Build info: version: &apos;2.53.1&apos;, revision: &apos;a36b8b1cd5757287168e54b817830adce9b0158d&apos;, time: &apos;2016-06-30 19:26:09&apos;
System info: host: &apos;NUFLCNU417CBJ1&apos;, ip: &apos;10.152.1.245&apos;, os.name: &apos;Windows 7&apos;, os.arch: &apos;amd64&apos;, os.version: &apos;6.1&apos;, java.version: &apos;1.8.0_65&apos;
Driver info: org.openqa.selenium.firefox.FirefoxDriver
Capabilities [{applicationCacheEnabled=true, rotatable=false, handlesAlerts=true, databaseEnabled=true, version=47.0.1, platform=WINDOWS, nativeEvents=false, acceptSslCerts=true, webStorageEnabled=true, locationContextEnabled=true, browserName=firefox, takesScreenshot=true, javascriptEnabled=true, cssSelectorsEnabled=true}]
Session ID: 35dbb26d-a36d-4026-b5e6-d1b37e4d026c
*** Element info: {Using=xpath, value=//h2[contains(., &apos;Your order number is&apos;)]}
	at java.lang.reflect.Constructor.newInstance(Constructor.java:422)
	at org.openqa.selenium.remote.ErrorHandler.createThrowable(ErrorHandler.java:206)
	at org.openqa.selenium.remote.ErrorHandler.throwIfResponseFailed(ErrorHandler.java:158)
	at org.openqa.selenium.remote.RemoteWebDriver.execute(RemoteWebDriver.java:678)
	at org.openqa.selenium.remote.RemoteWebDriver.findElement(RemoteWebDriver.java:363)
	at org.openqa.selenium.remote.RemoteWebDriver.findElementByXPath(RemoteWebDriver.java:500)
	at org.openqa.selenium.By$ByXPath.findElement(By.java:361)
	at org.openqa.selenium.remote.RemoteWebDriver.findElement(RemoteWebDriver.java:355)
	at org.openqa.selenium.support.ui.ExpectedConditions.findElement(ExpectedConditions.java:899)
	at org.openqa.selenium.support.ui.ExpectedConditions.access$000(ExpectedConditions.java:41)
	at org.openqa.selenium.support.ui.ExpectedConditions$7.apply(ExpectedConditions.java:205)
	at org.openqa.selenium.support.ui.ExpectedConditions$7.apply(ExpectedConditions.java:201)
	at org.openqa.selenium.support.ui.ExpectedConditions$22.apply(ExpectedConditions.java:653)
	at org.openqa.selenium.support.ui.ExpectedConditions$22.apply(ExpectedConditions.java:646)
	at org.openqa.selenium.support.ui.FluentWait.until(FluentWait.java:238)
	at LoginTest.Then_I_wait_for_order_id(LoginTest.java:1312)
	at cucumber.runtime.Utils$1.call(Utils.java:37)
	at cucumber.runtime.Timeout.timeout(Timeout.java:13)
	at cucumber.runtime.Utils.invoke(Utils.java:31)
	at cucumber.runtime.java.JavaStepDefinition.execute(JavaStepDefinition.java:38)
	at cucumber.runtime.StepDefinitionMatch.runStep(StepDefinitionMatch.java:37)
	at cucumber.runtime.Runtime.runStep(Runtime.java:299)
	at cucumber.runtime.model.StepContainer.runStep(StepContainer.java:44)
	at cucumber.runtime.model.StepContainer.runSteps(StepContainer.java:39)
	at cucumber.runtime.model.CucumberScenario.run(CucumberScenario.java:44)
	at cucumber.runtime.junit.ExecutionUnitRunner.run(ExecutionUnitRunner.java:91)
	at cucumber.runtime.junit.FeatureRunner.runChild(FeatureRunner.java:63)
	at cucumber.runtime.junit.FeatureRunner.runChild(FeatureRunner.java:18)
	at cucumber.runtime.junit.FeatureRunner.run(FeatureRunner.java:70)
	at cucumber.api.junit.Cucumber.runChild(Cucumber.java:93)
	at cucumber.api.junit.Cucumber.runChild(Cucumber.java:37)
	at cucumber.api.junit.Cucumber.run(Cucumber.java:98)
Caused by: org.openqa.selenium.NoSuchElementException: Unable to locate element: {&quot;method&quot;:&quot;xpath&quot;,&quot;selector&quot;:&quot;//h2[contains(., &apos;Your order number is&apos;)]&quot;}
For documentation on this error, please visit: http://seleniumhq.org/exceptions/no_such_element.html
Build info: version: &apos;2.53.1&apos;, revision: &apos;a36b8b1cd5757287168e54b817830adce9b0158d&apos;, time: &apos;2016-06-30 19:26:09&apos;
System info: host: &apos;NUFLCNU417CBJ1&apos;, ip: &apos;10.152.1.245&apos;, os.name: &apos;Windows 7&apos;, os.arch: &apos;amd64&apos;, os.version: &apos;6.1&apos;, java.version: &apos;1.8.0_65&apos;
Driver info: driver.version: unknown
	at &lt;anonymous class&gt;.FirefoxDriver.prototype.findElementInternal_(file:///C:/Users/maxkarpov/AppData/Local/Temp/anonymous4216652662377758953webdriver-profile/extensions/fxdriver@googlecode.com/components/driver-component.js:10770)
	at &lt;anonymous class&gt;.FirefoxDriver.prototype.findElement(file:///C:/Users/maxkarpov/AppData/Local/Temp/anonymous4216652662377758953webdriver-profile/extensions/fxdriver@googlecode.com/components/driver-component.js:10779)
	at &lt;anonymous class&gt;.DelayedCommand.prototype.executeInternal_/h(file:///C:/Users/maxkarpov/AppData/Local/Temp/anonymous4216652662377758953webdriver-profile/extensions/fxdriver@googlecode.com/components/command-processor.js:12661)
	at &lt;anonymous class&gt;.DelayedCommand.prototype.executeInternal_(file:///C:/Users/maxkarpov/AppData/Local/Temp/anonymous4216652662377758953webdriver-profile/extensions/fxdriver@googlecode.com/components/command-processor.js:12666)
	at &lt;anonymous class&gt;.DelayedCommand.prototype.execute/&lt;(file:///C:/Users/maxkarpov/AppData/Local/Temp/anonymous4216652662377758953webdriver-profile/extensions/fxdriver@googlecode.com/components/command-processor.js:12608)
</error>
  </testcase>
  <testcase classname="junit.framework.TestSuite" name="Scenario: Anytime  12 months current - Direct Debit - success" time="104.419">
[...]
Session ID: 35dbb26d-a36d-4026-b5e6-d1b37e4d026c
	at org.openqa.selenium.support.ui.WebDriverWait.timeoutException(WebDriverWait.java:80)
	at org.openqa.selenium.support.ui.FluentWait.until(FluentWait.java:261)
	at LoginTest.Then_I_wait_for_order_id(LoginTest.java:1312)
	at ?.Then I wait for order id(src/test/olj.feature:422)
Caused by: org.openqa.selenium.NoSuchElementException: Unable to locate element: {"method":"xpath","selector":"//h2[contains(., 'Your order number is')]"}
Command duration or timeout: 20 milliseconds
For documentation on this error, please visit: http://seleniumhq.org/exceptions/no_such_element.html
Build info: version: '2.53.1', revision: 'a36b8b1cd5757287168e54b817830adce9b0158d', time: '2016-06-30 19:26:09'
System info: host: 'NUFLCNU417CBJ1', ip: '10.152.1.245', os.name: 'Windows 7', os.arch: 'amd64', os.version: '6.1', java.version: '1.8.0_65'
Driver info: org.openqa.selenium.firefox.FirefoxDriver
Capabilities [{applicationCacheEnabled=true, rotatable=false, handlesAlerts=true, databaseEnabled=true, version=47.0.1, platform=WINDOWS, nativeEvents=false, acceptSslCerts=true, webStorageEnabled=true, locationContextEnabled=true, browserName=firefox, takesScreenshot=true, javascriptEnabled=true, cssSelectorsEnabled=true}]
Session ID: 35dbb26d-a36d-4026-b5e6-d1b37e4d026c
*** Element info: {Using=xpath, value=//h2[contains(., 'Your order number is')]}
	at sun.reflect.GeneratedConstructorAccessor12.newInstance(Unknown Source)
	at sun.reflect.DelegatingConstructorAccessorImpl.newInstance(DelegatingConstructorAccessorImpl.java:45)
	at java.lang.reflect.Constructor.newInstance(Constructor.java:422)
	at org.openqa.selenium.remote.ErrorHandler.createThrowable(ErrorHandler.java:206)
	at org.openqa.selenium.remote.ErrorHandler.throwIfResponseFailed(ErrorHandler.java:158)
	at org.openqa.selenium.remote.RemoteWebDriver.execute(RemoteWebDriver.java:678)
	at org.openqa.selenium.remote.RemoteWebDriver.findElement(RemoteWebDriver.java:363)
	at org.openqa.selenium.remote.RemoteWebDriver.findElementByXPath(RemoteWebDriver.java:500)
	at org.openqa.selenium.By$ByXPath.findElement(By.java:361)
	at org.openqa.selenium.remote.RemoteWebDriver.findElement(RemoteWebDriver.java:355)
	at org.openqa.selenium.support.ui.ExpectedConditions.findElement(ExpectedConditions.java:899)
	at org.openqa.selenium.support.ui.ExpectedConditions.access$000(ExpectedConditions.java:41)
	at org.openqa.selenium.support.ui.ExpectedConditions$7.apply(ExpectedConditions.java:205)
	at org.openqa.selenium.support.ui.ExpectedConditions$7.apply(ExpectedConditions.java:201)
	at org.openqa.selenium.support.ui.ExpectedConditions$22.apply(ExpectedConditions.java:653)
	at org.openqa.selenium.support.ui.ExpectedConditions$22.apply(ExpectedConditions.java:646)
	at org.openqa.selenium.support.ui.FluentWait.until(FluentWait.java:238)
	at LoginTest.Then_I_wait_for_order_id(LoginTest.java:1312)
	at sun.reflect.NativeMethodAccessorImpl.invoke0(Native Method)
	at sun.reflect.NativeMethodAccessorImpl.invoke(NativeMethodAccessorImpl.java:62)
	at sun.reflect.DelegatingMethodAccessorImpl.invoke(DelegatingMethodAccessorImpl.java:43)
	at java.lang.reflect.Method.invoke(Method.java:497)
	at cucumber.runtime.Utils$1.call(Utils.java:37)
	at cucumber.runtime.Timeout.timeout(Timeout.java:13)
	at cucumber.runtime.Utils.invoke(Utils.java:31)
	at cucumber.runtime.java.JavaStepDefinition.execute(JavaStepDefinition.java:38)
	at cucumber.runtime.StepDefinitionMatch.runStep(StepDefinitionMatch.java:37)
	at cucumber.runtime.Runtime.runStep(Runtime.java:299)
	at cucumber.runtime.model.StepContainer.runStep(StepContainer.java:44)
	at cucumber.runtime.model.StepContainer.runSteps(StepContainer.java:39)
	at cucumber.runtime.model.CucumberScenario.run(CucumberScenario.java:44)
	at cucumber.runtime.junit.ExecutionUnitRunner.run(ExecutionUnitRunner.java:91)
	at cucumber.runtime.junit.FeatureRunner.runChild(FeatureRunner.java:63)
	at cucumber.runtime.junit.FeatureRunner.runChild(FeatureRunner.java:18)
	at org.junit.runners.ParentRunner$3.run(ParentRunner.java:290)
	at org.junit.runners.ParentRunner$1.schedule(ParentRunner.java:71)
	at org.junit.runners.ParentRunner.runChildren(ParentRunner.java:288)
	at org.junit.runners.ParentRunner.access$000(ParentRunner.java:58)
	at org.junit.runners.ParentRunner$2.evaluate(ParentRunner.java:268)
	at org.junit.runners.ParentRunner.run(ParentRunner.java:363)
	at cucumber.runtime.junit.FeatureRunner.run(FeatureRunner.java:70)
	at cucumber.api.junit.Cucumber.runChild(Cucumber.java:93)
	at cucumber.api.junit.Cucumber.runChild(Cucumber.java:37)
	at org.junit.runners.ParentRunner$3.run(ParentRunner.java:290)
	at org.junit.runners.ParentRunner$1.schedule(ParentRunner.java:71)
	at org.junit.runners.ParentRunner.runChildren(ParentRunner.java:288)
	at org.junit.runners.ParentRunner.access$000(ParentRunner.java:58)
	at org.junit.runners.ParentRunner$2.evaluate(ParentRunner.java:268)
	at org.junit.runners.ParentRunner.run(ParentRunner.java:363)
	at cucumber.api.junit.Cucumber.run(Cucumber.java:98)
	at junit.framework.JUnit4TestAdapter.run(JUnit4TestAdapter.java:38)
	at org.apache.tools.ant.taskdefs.optional.junit.JUnitTestRunner.run(JUnitTestRunner.java:535)
	at org.apache.tools.ant.taskdefs.optional.junit.JUnitTestRunner.launch(JUnitTestRunner.java:1182)
	at org.apache.tools.ant.taskdefs.optional.junit.JUnitTestRunner.main(JUnitTestRunner.java:1033)
Caused by: org.openqa.selenium.NoSuchElementException: Unable to locate element: {"method":"xpath","selector":"//h2[contains(., 'Your order number is')]"}
For documentation on this error, please visit: http://seleniumhq.org/exceptions/no_such_element.html
Build info: version: '2.53.1', revision: 'a36b8b1cd5757287168e54b817830adce9b0158d', time: '2016-06-30 19:26:09'
System info: host: 'NUFLCNU417CBJ1', ip: '10.152.1.245', os.name: 'Windows 7', os.arch: 'amd64', os.version: '6.1', java.version: '1.8.0_65'
Driver info: driver.version: unknown
	at <anonymous class>.FirefoxDriver.prototype.findElementInternal_(file:///C:/Users/maxkarpov/AppData/Local/Temp/anonymous4216652662377758953webdriver-profile/extensions/fxdriver@googlecode.com/components/driver-component.js:10770)
	at <anonymous class>.FirefoxDriver.prototype.findElement(file:///C:/Users/maxkarpov/AppData/Local/Temp/anonymous4216652662377758953webdriver-profile/extensions/fxdriver@googlecode.com/components/driver-component.js:10779)
	at <anonymous class>.DelayedCommand.prototype.executeInternal_/h(file:///C:/Users/maxkarpov/AppData/Local/Temp/anonymous4216652662377758953webdriver-profile/extensions/fxdriver@googlecode.com/components/command-processor.js:12661)
	at <anonymous class>.DelayedCommand.prototype.executeInternal_(file:///C:/Users/maxkarpov/AppData/Local/Temp/anonymous4216652662377758953webdriver-profile/extensions/fxdriver@googlecode.com/components/command-processor.js:12666)
	at <anonymous class>.DelayedCommand.prototype.execute/<(file:///C:/Users/maxkarpov/AppData/Local/Temp/anonymous4216652662377758953webdriver-profile/extensions/fxdriver@googlecode.com/components/command-processor.js:12608)

org.openqa.selenium.WebDriverException: document.getElementById(...) is null
Command duration or timeout: 20 milliseconds
Build info: version: '2.53.1', revision: 'a36b8b1cd5757287168e54b817830adce9b0158d', time: '2016-06-30 19:26:09'
System info: host: 'NUFLCNU417CBJ1', ip: '10.152.1.245', os.name: 'Windows 7', os.arch: 'amd64', os.version: '6.1', java.version: '1.8.0_65'
Driver info: org.openqa.selenium.firefox.FirefoxDriver
Capabilities [{applicationCacheEnabled=true, rotatable=false, handlesAlerts=true, databaseEnabled=true, version=47.0.1, platform=WINDOWS, nativeEvents=false, acceptSslCerts=true, webStorageEnabled=true, locationContextEnabled=true, browserName=firefox, takesScreenshot=true, javascriptEnabled=true, cssSelectorsEnabled=true}]
Session ID: 1cc51e1f-6aab-4a72-ba42-a86715ee734a
	at sun.reflect.NativeConstructorAccessorImpl.newInstance0(Native Method)
	at sun.reflect.NativeConstructorAccessorImpl.newInstance(NativeConstructorAccessorImpl.java:62)
	at sun.reflect.DelegatingConstructorAccessorImpl.newInstance(DelegatingConstructorAccessorImpl.java:45)
	at java.lang.reflect.Constructor.newInstance(Constructor.java:422)
	at org.openqa.selenium.remote.ErrorHandler.createThrowable(ErrorHandler.java:206)
	at org.openqa.selenium.remote.ErrorHandler.throwIfResponseFailed(ErrorHandler.java:158)
	at org.openqa.selenium.remote.RemoteWebDriver.execute(RemoteWebDriver.java:678)
	at org.openqa.selenium.remote.RemoteWebDriver.executeScript(RemoteWebDriver.java:577)
	at LoginTest.When_I_fill_number_field(LoginTest.java:170)
	at ?.When I fill number field "direct_debit_account_details_form_account_number" with "40308669"(src/test/olj.feature:562)
Caused by: org.openqa.selenium.WebDriverException: document.getElementById(...) is null
Build info: version: '2.53.1', revision: 'a36b8b1cd5757287168e54b817830adce9b0158d', time: '2016-06-30 19:26:09'
System info: host: 'NUFLCNU417CBJ1', ip: '10.152.1.245', os.name: 'Windows 7', os.arch: 'amd64', os.version: '6.1', java.version: '1.8.0_65'
Driver info: driver.version: unknown
	at <anonymous class>.anonymous(https://payments.nuffield.uat.fridayengineering.net/personal-details line 69 > Function:1)
	at <anonymous class>.handleEvaluateEvent(https://payments.nuffield.uat.fridayengineering.net/personal-details:69)

org.openqa.selenium.WebDriverException: document.getElementById(...) is null
Command duration or timeout: 30 milliseconds
Build info: version: '2.53.1', revision: 'a36b8b1cd5757287168e54b817830adce9b0158d', time: '2016-06-30 19:26:09'
System info: host: 'NUFLCNU417CBJ1', ip: '10.152.1.245', os.name: 'Windows 7', os.arch: 'amd64', os.version: '6.1', java.version: '1.8.0_65'
Driver info: org.openqa.selenium.firefox.FirefoxDriver
Capabilities [{applicationCacheEnabled=true, rotatable=false, handlesAlerts=true, databaseEnabled=true, version=47.0.1, platform=WINDOWS, nativeEvents=false, acceptSslCerts=true, webStorageEnabled=true, locationContextEnabled=true, browserName=firefox, takesScreenshot=true, javascriptEnabled=true, cssSelectorsEnabled=true}]
Session ID: 5c89bc3d-ab09-4f60-a063-a22320de0509
	at sun.reflect.NativeConstructorAccessorImpl.newInstance0(Native Method)
	at sun.reflect.NativeConstructorAccessorImpl.newInstance(NativeConstructorAccessorImpl.java:62)
	at sun.reflect.DelegatingConstructorAccessorImpl.newInstance(DelegatingConstructorAccessorImpl.java:45)
	at java.lang.reflect.Constructor.newInstance(Constructor.java:422)
	at org.openqa.selenium.remote.ErrorHandler.createThrowable(ErrorHandler.java:206)
	at org.openqa.selenium.remote.ErrorHandler.throwIfResponseFailed(ErrorHandler.java:158)
	at org.openqa.selenium.remote.RemoteWebDriver.execute(RemoteWebDriver.java:678)
	at org.openqa.selenium.remote.RemoteWebDriver.executeScript(RemoteWebDriver.java:577)
	at LoginTest.When_I_fill_number_field(LoginTest.java:170)
	at ?.When I fill number field "direct_debit_account_details_form_account_number" with "40308669"(src/test/olj.feature:640)
Caused by: org.openqa.selenium.WebDriverException: document.getElementById(...) is null
Build info: version: '2.53.1', revision: 'a36b8b1cd5757287168e54b817830adce9b0158d', time: '2016-06-30 19:26:09'
System info: host: 'NUFLCNU417CBJ1', ip: '10.152.1.245', os.name: 'Windows 7', os.arch: 'amd64', os.version: '6.1', java.version: '1.8.0_65'
Driver info: driver.version: unknown
	at <anonymous class>.anonymous(https://payments.nuffield.uat.fridayengineering.net/summary line 69 > Function:1)
	at <anonymous class>.handleEvaluateEvent(https://payments.nuffield.uat.fridayengineering.net/summary:69)

org.openqa.selenium.TimeoutException: Timed out after 45 seconds waiting for element to be clickable: By.xpath: //h2[contains(., 'Your order number is')]
Build info: version: '2.53.1', revision: 'a36b8b1cd5757287168e54b817830adce9b0158d', time: '2016-06-30 19:26:09'
System info: host: 'NUFLCNU417CBJ1', ip: '10.152.1.245', os.name: 'Windows 7', os.arch: 'amd64', os.version: '6.1', java.version: '1.8.0_65'
Driver info: org.openqa.selenium.firefox.FirefoxDriver
Capabilities [{applicationCacheEnabled=true, rotatable=false, handlesAlerts=true, databaseEnabled=true, version=47.0.1, platform=WINDOWS, nativeEvents=false, acceptSslCerts=true, webStorageEnabled=true, locationContextEnabled=true, browserName=firefox, takesScreenshot=true, javascriptEnabled=true, cssSelectorsEnabled=true}]
Session ID: c8ee160e-1220-4790-a029-b9b88e8bcfef
	at org.openqa.selenium.support.ui.WebDriverWait.timeoutException(WebDriverWait.java:80)
	at org.openqa.selenium.support.ui.FluentWait.until(FluentWait.java:261)
	at LoginTest.Then_I_wait_for_order_id(LoginTest.java:1312)
	at ?.Then I wait for order id(src/test/olj.feature:739)
Caused by: org.openqa.selenium.NoSuchElementException: Unable to locate element: {"method":"xpath","selector":"//h2[contains(., 'Your order number is')]"}
Command duration or timeout: 64.69 seconds
For documentation on this error, please visit: http://seleniumhq.org/exceptions/no_such_element.html
Build info: version: '2.53.1', revision: 'a36b8b1cd5757287168e54b817830adce9b0158d', time: '2016-06-30 19:26:09'
System info: host: 'NUFLCNU417CBJ1', ip: '10.152.1.245', os.name: 'Windows 7', os.arch: 'amd64', os.version: '6.1', java.version: '1.8.0_65'
Driver info: org.openqa.selenium.firefox.FirefoxDriver
Capabilities [{applicationCacheEnabled=true, rotatable=false, handlesAlerts=true, databaseEnabled=true, version=47.0.1, platform=WINDOWS, nativeEvents=false, acceptSslCerts=true, webStorageEnabled=true, locationContextEnabled=true, browserName=firefox, takesScreenshot=true, javascriptEnabled=true, cssSelectorsEnabled=true}]
Session ID: c8ee160e-1220-4790-a029-b9b88e8bcfef
*** Element info: {Using=xpath, value=//h2[contains(., 'Your order number is')]}
	at sun.reflect.GeneratedConstructorAccessor12.newInstance(Unknown Source)
	at sun.reflect.DelegatingConstructorAccessorImpl.newInstance(DelegatingConstructorAccessorImpl.java:45)
	at java.lang.reflect.Constructor.newInstance(Constructor.java:422)
	at org.openqa.selenium.remote.ErrorHandler.createThrowable(ErrorHandler.java:206)
	at org.openqa.selenium.remote.ErrorHandler.throwIfResponseFailed(ErrorHandler.java:158)
	at org.openqa.selenium.remote.RemoteWebDriver.execute(RemoteWebDriver.java:678)
	at org.openqa.selenium.remote.RemoteWebDriver.findElement(RemoteWebDriver.java:363)
	at org.openqa.selenium.remote.RemoteWebDriver.findElementByXPath(RemoteWebDriver.java:500)
	at org.openqa.selenium.By$ByXPath.findElement(By.java:361)
	at org.openqa.selenium.remote.RemoteWebDriver.findElement(RemoteWebDriver.java:355)
	at org.openqa.selenium.support.ui.ExpectedConditions.findElement(ExpectedConditions.java:899)
	at org.openqa.selenium.support.ui.ExpectedConditions.access$000(ExpectedConditions.java:41)
	at org.openqa.selenium.support.ui.ExpectedConditions$7.apply(ExpectedConditions.java:205)
	at org.openqa.selenium.support.ui.ExpectedConditions$7.apply(ExpectedConditions.java:201)
	at org.openqa.selenium.support.ui.ExpectedConditions$22.apply(ExpectedConditions.java:653)
	at org.openqa.selenium.support.ui.ExpectedConditions$22.apply(ExpectedConditions.java:646)
	at org.openqa.selenium.support.ui.FluentWait.until(FluentWait.java:238)
	at LoginTest.Then_I_wait_for_order_id(LoginTest.java:1312)
	at sun.reflect.NativeMethodAccessorImpl.invoke0(Native Method)
	at sun.reflect.NativeMethodAccessorImpl.invoke(NativeMethodAccessorImpl.java:62)
	at sun.reflect.DelegatingMethodAccessorImpl.invoke(DelegatingMethodAccessorImpl.java:43)
	at java.lang.reflect.Method.invoke(Method.java:497)
	at cucumber.runtime.Utils$1.call(Utils.java:37)
	at cucumber.runtime.Timeout.timeout(Timeout.java:13)
	at cucumber.runtime.Utils.invoke(Utils.java:31)
	at cucumber.runtime.java.JavaStepDefinition.execute(JavaStepDefinition.java:38)
	at cucumber.runtime.StepDefinitionMatch.runStep(StepDefinitionMatch.java:37)
	at cucumber.runtime.Runtime.runStep(Runtime.java:299)
	at cucumber.runtime.model.StepContainer.runStep(StepContainer.java:44)
	at cucumber.runtime.model.StepContainer.runSteps(StepContainer.java:39)
	at cucumber.runtime.model.CucumberScenario.run(CucumberScenario.java:44)
	at cucumber.runtime.junit.ExecutionUnitRunner.run(ExecutionUnitRunner.java:91)
	at cucumber.runtime.junit.FeatureRunner.runChild(FeatureRunner.java:63)
	at cucumber.runtime.junit.FeatureRunner.runChild(FeatureRunner.java:18)
	at org.junit.runners.ParentRunner$3.run(ParentRunner.java:290)
	at org.junit.runners.ParentRunner$1.schedule(ParentRunner.java:71)
	at org.junit.runners.ParentRunner.runChildren(ParentRunner.java:288)
	at org.junit.runners.ParentRunner.access$000(ParentRunner.java:58)
	at org.junit.runners.ParentRunner$2.evaluate(ParentRunner.java:268)
	at org.junit.runners.ParentRunner.run(ParentRunner.java:363)
	at cucumber.runtime.junit.FeatureRunner.run(FeatureRunner.java:70)
	at cucumber.api.junit.Cucumber.runChild(Cucumber.java:93)
	at cucumber.api.junit.Cucumber.runChild(Cucumber.java:37)
	at org.junit.runners.ParentRunner$3.run(ParentRunner.java:290)
	at org.junit.runners.ParentRunner$1.schedule(ParentRunner.java:71)
	at org.junit.runners.ParentRunner.runChildren(ParentRunner.java:288)
	at org.junit.runners.ParentRunner.access$000(ParentRunner.java:58)
	at org.junit.runners.ParentRunner$2.evaluate(ParentRunner.java:268)
	at org.junit.runners.ParentRunner.run(ParentRunner.java:363)
	at cucumber.api.junit.Cucumber.run(Cucumber.java:98)
	at junit.framework.JUnit4TestAdapter.run(JUnit4TestAdapter.java:38)
	at org.apache.tools.ant.taskdefs.optional.junit.JUnitTestRunner.run(JUnitTestRunner.java:535)
	at org.apache.tools.ant.taskdefs.optional.junit.JUnitTestRunner.launch(JUnitTestRunner.java:1182)
	at org.apache.tools.ant.taskdefs.optional.junit.JUnitTestRunner.main(JUnitTestRunner.java:1033)
Caused by: org.openqa.selenium.NoSuchElementException: Unable to locate element: {"method":"xpath","selector":"//h2[contains(., 'Your order number is')]"}
For documentation on this error, please visit: http://seleniumhq.org/exceptions/no_such_element.html
Build info: version: '2.53.1', revision: 'a36b8b1cd5757287168e54b817830adce9b0158d', time: '2016-06-30 19:26:09'
System info: host: 'NUFLCNU417CBJ1', ip: '10.152.1.245', os.name: 'Windows 7', os.arch: 'amd64', os.version: '6.1', java.version: '1.8.0_65'
Driver info: driver.version: unknown
	at <anonymous class>.FirefoxDriver.prototype.findElementInternal_(file:///C:/Users/maxkarpov/AppData/Local/Temp/anonymous665998034052013348webdriver-profile/extensions/fxdriver@googlecode.com/components/driver-component.js:10770)
	at <anonymous class>.FirefoxDriver.prototype.findElement(file:///C:/Users/maxkarpov/AppData/Local/Temp/anonymous665998034052013348webdriver-profile/extensions/fxdriver@googlecode.com/components/driver-component.js:10779)
	at <anonymous class>.DelayedCommand.prototype.executeInternal_/h(file:///C:/Users/maxkarpov/AppData/Local/Temp/anonymous665998034052013348webdriver-profile/extensions/fxdriver@googlecode.com/components/command-processor.js:12661)
	at <anonymous class>.DelayedCommand.prototype.executeInternal_(file:///C:/Users/maxkarpov/AppData/Local/Temp/anonymous665998034052013348webdriver-profile/extensions/fxdriver@googlecode.com/components/command-processor.js:12666)
	at <anonymous class>.DelayedCommand.prototype.execute/<(file:///C:/Users/maxkarpov/AppData/Local/Temp/anonymous665998034052013348webdriver-profile/extensions/fxdriver@googlecode.com/components/command-processor.js:12608)

java.lang.NullPointerException
	at LoginTest.i_open_opportunity(LoginTest.java:550)
	at ?.Then I open opportunity(src/test/olj.feature:830)

]]></system-out>
  <system-err><![CDATA[]]></system-err>
</testsuite>
